<?xml version="1.0" encoding="UTF-8"?>
<testsuites name="New Test Suite" time="61" tests="1" failures="0" errors="0">
   <testsuite name="New Test Suite" tests="1" failures="0" errors="0" time="61" timestamp="2018-08-16 16:38:56" hostname="ex64 - ex64" id="Test Suites/TEST/New Test Suite">
      <properties>
         <property name="deviceName" value=""/>
         <property name="devicePlatform" value=""/>
         <property name="logFolder" value="T:\\Katalon Studio\\E1\\Reports\\TEST\\New Test Suite\\20180816_163855"/>
         <property name="logFiles" value="T:\\Katalon Studio\\E1\\Reports\\TEST\\New Test Suite\\20180816_163855\\execution0.log"/>
         <property name="attachments" value=""/>
         <property name="hostName" value="ex64 - ex64"/>
         <property name="os" value="Windows 7 64bit"/>
         <property name="katalonVersion" value="5.6.0.1"/>
         <property name="browser" value="Firefox 61.0"/>
         <property name="hostAddress" value="192.168.20.109"/>
         <property name="sessionId" value="4c894af1-f370-4cfc-8fa6-3efa3418c285"/>
         <property name="seleniumVersion" value="3.7.1"/>
         <property name="proxyInformation" value="ProxyInformation{proxyOption=NO_PROXY, proxyServerType=HTTP, password=, proxyServerAddress=, proxyServerPort=0}"/>
         <property name="platform" value="Windows 7"/>
      </properties>
      <testcase name="Test Cases/Base/Create position purchase plan" classname="Test Cases/Base/Create position purchase plan" status="PASSED">
         <system-out><![CDATA[2018-08-16 16:38:57 - [TEST_CASE][PASSED] - Test Cases/Base/Create position purchase plan: Test Cases/Base/Create position purchase plan

2018-08-16 16:38:57 - [TEST_STEP][PASSED] - callTestCase: Call Test Case 'Test Cases/Base/Authorization' successfully

2018-08-16 16:38:57 - [TEST_CASE][PASSED] - Test Cases/Base/Authorization: Test Cases/Base/Authorization

2018-08-16 16:38:57 - [TEST_STEP][PASSED] - openBrowser: Browser is opened with url: 'http://10.100.70.20/edo'

2018-08-16 16:39:05 - [MESSAGE][PASSED] - Browser is opened with url: 'http://10.100.70.20/edo'

2018-08-16 16:39:05 - [TEST_STEP][PASSED] - maximizeWindow: Current window maximized

2018-08-16 16:39:06 - [MESSAGE][PASSED] - Current window maximized

2018-08-16 16:39:06 - [TEST_STEP][PASSED] - verifyElementPresent: Object 'Object Repository/page_authorization/input_login' is present

2018-08-16 16:39:06 - [MESSAGE][WARNING] - Timeout '0' is invalid. Using default page load timeout: '60'

2018-08-16 16:39:06 - [MESSAGE][PASSED] - Object 'Object Repository/page_authorization/input_login' is present

2018-08-16 16:39:06 - [TEST_STEP][PASSED] - verifyElementPresent: Object 'Object Repository/page_authorization/input_password' is present

2018-08-16 16:39:06 - [MESSAGE][WARNING] - Timeout '0' is invalid. Using default page load timeout: '60'

2018-08-16 16:39:06 - [MESSAGE][PASSED] - Object 'Object Repository/page_authorization/input_password' is present

2018-08-16 16:39:06 - [TEST_STEP][PASSED] - verifyElementPresent: Object 'Object Repository/page_authorization/button_come' is present

2018-08-16 16:39:06 - [MESSAGE][WARNING] - Timeout '0' is invalid. Using default page load timeout: '60'

2018-08-16 16:39:06 - [MESSAGE][PASSED] - Object 'Object Repository/page_authorization/button_come' is present

2018-08-16 16:39:06 - [TEST_STEP][PASSED] - verifyElementPresent: Object 'Object Repository/page_authorization/button_comeEP' is present

2018-08-16 16:39:06 - [MESSAGE][WARNING] - Timeout '0' is invalid. Using default page load timeout: '60'

2018-08-16 16:39:06 - [MESSAGE][PASSED] - Object 'Object Repository/page_authorization/button_comeEP' is present

2018-08-16 16:39:06 - [TEST_STEP][PASSED] - verifyElementPresent: Object 'Object Repository/page_authorization/a_registry' is present

2018-08-16 16:39:06 - [MESSAGE][WARNING] - Timeout '0' is invalid. Using default page load timeout: '60'

2018-08-16 16:39:06 - [MESSAGE][PASSED] - Object 'Object Repository/page_authorization/a_registry' is present

2018-08-16 16:39:06 - [TEST_STEP][PASSED] - verifyElementPresent: Object 'Object Repository/page_authorization/a_passwordRecovery' is present

2018-08-16 16:39:06 - [MESSAGE][WARNING] - Timeout '0' is invalid. Using default page load timeout: '60'

2018-08-16 16:39:06 - [MESSAGE][PASSED] - Object 'Object Repository/page_authorization/a_passwordRecovery' is present

2018-08-16 16:39:06 - [TEST_STEP][PASSED] - setText: Text 'autoui80' is set on object 'Object Repository/page_authorization/input_login'

2018-08-16 16:39:06 - [MESSAGE][PASSED] - Text 'autoui80' is set on object 'Object Repository/page_authorization/input_login'

2018-08-16 16:39:06 - [TEST_STEP][PASSED] - setText: Text 'Gfhjkm123' is set on object 'Object Repository/page_authorization/input_password'

2018-08-16 16:39:06 - [MESSAGE][PASSED] - Text 'Gfhjkm123' is set on object 'Object Repository/page_authorization/input_password'

2018-08-16 16:39:06 - [TEST_STEP][PASSED] - click: Object: 'Object Repository/page_authorization/button_come' is clicked on

2018-08-16 16:39:09 - [MESSAGE][PASSED] - Object: 'Object Repository/page_authorization/button_come' is clicked on

2018-08-16 16:39:09 - [TEST_STEP][PASSED] - verifyElementPresent: Object 'Object Repository/page_home/span_myTasks' is present

2018-08-16 16:39:09 - [MESSAGE][WARNING] - Timeout '0' is invalid. Using default page load timeout: '60'

2018-08-16 16:39:09 - [MESSAGE][PASSED] - Object 'Object Repository/page_home/span_myTasks' is present

2018-08-16 16:39:09 - [TEST_STEP][PASSED] - verifyElementPresent: Object 'Object Repository/page_home/span_administration' is present

2018-08-16 16:39:09 - [MESSAGE][WARNING] - Timeout '0' is invalid. Using default page load timeout: '60'

2018-08-16 16:39:09 - [MESSAGE][PASSED] - Object 'Object Repository/page_home/span_administration' is present

2018-08-16 16:39:09 - [TEST_STEP][PASSED] - verifyElementPresent: Object 'Object Repository/page_home/span_exit' is present

2018-08-16 16:39:09 - [MESSAGE][WARNING] - Timeout '0' is invalid. Using default page load timeout: '60'

2018-08-16 16:39:09 - [MESSAGE][PASSED] - Object 'Object Repository/page_home/span_exit' is present

2018-08-16 16:39:09 - [MESSAGE][PASSED] - Call Test Case 'Test Cases/Base/Authorization' successfully

2018-08-16 16:39:09 - [TEST_STEP][PASSED] - callTestCase: Call Test Case 'Test Cases/Base/Purchase plan/Open purchase plan' successfully

2018-08-16 16:39:09 - [TEST_CASE][PASSED] - Test Cases/Base/Purchase plan/Open purchase plan: Test Cases/Base/Purchase plan/Open purchase plan

2018-08-16 16:39:09 - [TEST_STEP][PASSED] - click: Object: 'Object Repository/page_home/span_planning' is clicked on

2018-08-16 16:39:11 - [MESSAGE][PASSED] - Object: 'Object Repository/page_home/span_planning' is clicked on

2018-08-16 16:39:11 - [TEST_STEP][PASSED] - click: Object: 'Object Repository/page_planning/a_purchasePlan' is clicked on

2018-08-16 16:39:13 - [MESSAGE][PASSED] - Object: 'Object Repository/page_planning/a_purchasePlan' is clicked on

2018-08-16 16:39:13 - [TEST_STEP][PASSED] - click: Object: 'Object Repository/document_purchasePlan/menu_actual' is clicked on

2018-08-16 16:39:15 - [MESSAGE][PASSED] - Object: 'Object Repository/document_purchasePlan/menu_actual' is clicked on

2018-08-16 16:39:15 - [TEST_STEP][PASSED] - Statement - new_budgetYear = com.kms.katalon.core.webui.keyword.WebUiBuiltInKeywords.modifyObjectProperty(com.kms.katalon.core.testobject.ObjectRepository.findTestObject(document_purchasePlan/link_purchaseplan), "text", "equals", BudgetYear, true): Modify property of object successfully

2018-08-16 16:39:15 - [MESSAGE][PASSED] - Modify property of object successfully

2018-08-16 16:39:15 - [TEST_STEP][PASSED] - Statement - url_purchase = com.kms.katalon.core.webui.keyword.WebUiBuiltInKeywords.getAttribute(new_budgetYear, "href"): Attribute 'href' of object 'Object Repository/document_purchasePlan/link_purchaseplan' is: 'http://10.100.70.20/edo/Search/DocumentView/31608'

2018-08-16 16:39:16 - [MESSAGE][PASSED] - Attribute 'href' of object 'Object Repository/document_purchasePlan/link_purchaseplan' is: 'http://10.100.70.20/edo/Search/DocumentView/31608'

2018-08-16 16:39:16 - [TEST_STEP][PASSED] - navigateToUrl: Navigate to 'http://10.100.70.20/edo/Search/DocumentView/31608' successfully

2018-08-16 16:39:19 - [MESSAGE][PASSED] - Navigate to 'http://10.100.70.20/edo/Search/DocumentView/31608' successfully

2018-08-16 16:39:19 - [MESSAGE][PASSED] - Call Test Case 'Test Cases/Base/Purchase plan/Open purchase plan' successfully

2018-08-16 16:39:19 - [TEST_STEP][PASSED] - click: Object: 'Object Repository/document_purchasePlan/btn_newPPZ' is clicked on

2018-08-16 16:39:22 - [MESSAGE][PASSED] - Object: 'Object Repository/document_purchasePlan/btn_newPPZ' is clicked on

2018-08-16 16:39:22 - [TEST_STEP][PASSED] - click: Object: 'Object Repository/document_PPZ/btn_purchaseFrequency' is clicked on

2018-08-16 16:39:23 - [MESSAGE][PASSED] - Object: 'Object Repository/document_PPZ/btn_purchaseFrequency' is clicked on

2018-08-16 16:39:23 - [TEST_STEP][PASSED] - check: Object 'Object Repository/DOCUMENT/Dialog_requisite/check_item' is checked

2018-08-16 16:39:23 - [MESSAGE][PASSED] - Object 'Object Repository/DOCUMENT/Dialog_requisite/check_item' is checked

2018-08-16 16:39:23 - [TEST_STEP][PASSED] - click: Object: 'Object Repository/DOCUMENT/Dialog_requisite/btn_select' is clicked on

2018-08-16 16:39:24 - [MESSAGE][PASSED] - Object: 'Object Repository/DOCUMENT/Dialog_requisite/btn_select' is clicked on

2018-08-16 16:39:24 - [TEST_STEP][PASSED] - click: Object: 'Object Repository/document_PPZ/btn_OKPD2' is clicked on

2018-08-16 16:39:24 - [MESSAGE][PASSED] - Object: 'Object Repository/document_PPZ/btn_OKPD2' is clicked on

2018-08-16 16:39:24 - [TEST_STEP][PASSED] - setText: Text '01.11.11.111' is set on object 'Object Repository/document_PPZ/find_OKPD2'

2018-08-16 16:39:24 - [MESSAGE][PASSED] - Text '01.11.11.111' is set on object 'Object Repository/document_PPZ/find_OKPD2'

2018-08-16 16:39:24 - [TEST_STEP][PASSED] - check: Object 'Object Repository/DOCUMENT/Dialog_requisite/check_item' is checked

2018-08-16 16:39:26 - [MESSAGE][PASSED] - Object 'Object Repository/DOCUMENT/Dialog_requisite/check_item' is checked

2018-08-16 16:39:26 - [TEST_STEP][PASSED] - click: Object: 'Object Repository/DOCUMENT/Dialog_requisite/btn_select' is clicked on

2018-08-16 16:39:26 - [MESSAGE][PASSED] - Object: 'Object Repository/DOCUMENT/Dialog_requisite/btn_select' is clicked on

2018-08-16 16:39:26 - [TEST_STEP][PASSED] - setText: Text 'Пшеница' is set on object 'Object Repository/document_PPZ/input_nameObjectPurchase'

2018-08-16 16:39:26 - [MESSAGE][PASSED] - Text 'Пшеница' is set on object 'Object Repository/document_PPZ/input_nameObjectPurchase'

2018-08-16 16:39:26 - [TEST_STEP][PASSED] - click: Object: 'Object Repository/document_PPZ/menu_financing' is clicked on

2018-08-16 16:39:26 - [MESSAGE][PASSED] - Object: 'Object Repository/document_PPZ/menu_financing' is clicked on

2018-08-16 16:39:26 - [TEST_STEP][PASSED] - click: Object: 'Object Repository/document_PPZ/btn_KBK' is clicked on

2018-08-16 16:39:27 - [MESSAGE][PASSED] - Object: 'Object Repository/document_PPZ/btn_KBK' is clicked on

2018-08-16 16:39:27 - [TEST_STEP][PASSED] - check: Object 'Object Repository/DOCUMENT/Dialog_requisite/check_item' is checked

2018-08-16 16:39:27 - [MESSAGE][PASSED] - Object 'Object Repository/DOCUMENT/Dialog_requisite/check_item' is checked

2018-08-16 16:39:27 - [TEST_STEP][PASSED] - click: Object: 'Object Repository/DOCUMENT/Dialog_requisite/btn_select' is clicked on

2018-08-16 16:39:28 - [MESSAGE][PASSED] - Object: 'Object Repository/DOCUMENT/Dialog_requisite/btn_select' is clicked on

2018-08-16 16:39:28 - [TEST_STEP][PASSED] - setText: Text '100000' is set on object 'Object Repository/document_PPZ/input_amountFinancing'

2018-08-16 16:39:28 - [MESSAGE][PASSED] - Text '100000' is set on object 'Object Repository/document_PPZ/input_amountFinancing'

2018-08-16 16:39:28 - [TEST_STEP][PASSED] - click: Object: 'Object Repository/document_PPZ/menu_rationaleNeed' is clicked on

2018-08-16 16:39:28 - [MESSAGE][PASSED] - Object: 'Object Repository/document_PPZ/menu_rationaleNeed' is clicked on

2018-08-16 16:39:28 - [TEST_STEP][PASSED] - click: Object: 'Object Repository/document_PPZ/btn_targetedPrograms' is clicked on

2018-08-16 16:39:28 - [MESSAGE][PASSED] - Object: 'Object Repository/document_PPZ/btn_targetedPrograms' is clicked on

2018-08-16 16:39:28 - [TEST_STEP][PASSED] - check: Object 'Object Repository/DOCUMENT/Dialog_requisite/check_item' is checked

2018-08-16 16:39:29 - [MESSAGE][PASSED] - Object 'Object Repository/DOCUMENT/Dialog_requisite/check_item' is checked

2018-08-16 16:39:29 - [TEST_STEP][PASSED] - click: Object: 'Object Repository/DOCUMENT/Dialog_requisite/btn_select' is clicked on

2018-08-16 16:39:29 - [MESSAGE][PASSED] - Object: 'Object Repository/DOCUMENT/Dialog_requisite/btn_select' is clicked on

2018-08-16 16:39:29 - [TEST_STEP][PASSED] - click: Object: 'Object Repository/document_PPZ/btn_programActivities' is clicked on

2018-08-16 16:39:30 - [MESSAGE][PASSED] - Object: 'Object Repository/document_PPZ/btn_programActivities' is clicked on

2018-08-16 16:39:30 - [TEST_STEP][PASSED] - check: Object 'Object Repository/DOCUMENT/Dialog_requisite/check_item' is checked

2018-08-16 16:39:30 - [MESSAGE][PASSED] - Object 'Object Repository/DOCUMENT/Dialog_requisite/check_item' is checked

2018-08-16 16:39:30 - [TEST_STEP][PASSED] - click: Object: 'Object Repository/DOCUMENT/Dialog_requisite/btn_select' is clicked on

2018-08-16 16:39:30 - [MESSAGE][PASSED] - Object: 'Object Repository/DOCUMENT/Dialog_requisite/btn_select' is clicked on

2018-08-16 16:39:30 - [TEST_STEP][PASSED] - click: Object: 'Object Repository/document_PPZ/menu_rationalePurchase' is clicked on

2018-08-16 16:39:30 - [MESSAGE][PASSED] - Object: 'Object Repository/document_PPZ/menu_rationalePurchase' is clicked on

2018-08-16 16:39:30 - [TEST_STEP][PASSED] - setText: Text 'ТЗ' is set on object 'Object Repository/document_PPZ/input_conformity'

2018-08-16 16:39:30 - [MESSAGE][PASSED] - Text 'ТЗ' is set on object 'Object Repository/document_PPZ/input_conformity'

2018-08-16 16:39:30 - [TEST_STEP][PASSED] - click: Object: 'Object Repository/DOCUMENT/btn_save' is clicked on

2018-08-16 16:39:31 - [MESSAGE][PASSED] - Object: 'Object Repository/DOCUMENT/btn_save' is clicked on

2018-08-16 16:39:31 - [TEST_STEP][PASSED] - verifyElementPresent: Object 'Object Repository/DOCUMENT/btn_edit' is present

2018-08-16 16:39:31 - [MESSAGE][WARNING] - Timeout '0' is invalid. Using default page load timeout: '60'

2018-08-16 16:39:55 - [MESSAGE][PASSED] - Object 'Object Repository/DOCUMENT/btn_edit' is present]]></system-out>
         <system-err><![CDATA[]]></system-err>
      </testcase>
      <system-out><![CDATA[2018-08-16 16:38:56 - [TEST_SUITE][PASSED] - New Test Suite: Test Cases/Base/Create position purchase plan]]></system-out>
      <system-err><![CDATA[]]></system-err>
   </testsuite>
</testsuites>
