<?xml version="1.0" encoding="UTF-8"?>
<testsuites name="Routing PZ" time="87" tests="1" failures="0" errors="0">
   <testsuite name="Routing PZ" tests="1" failures="0" errors="0" time="87" timestamp="2018-08-28 13:52:30" hostname="ex64 - ex64" id="Test Suites/Scenario1/Routing PZ">
      <properties>
         <property name="deviceName" value=""/>
         <property name="devicePlatform" value=""/>
         <property name="logFolder" value="T:\\Katalon Studio\\E1\\Reports\\Scenario1\\Routing PZ\\20180828_134429"/>
         <property name="logFiles" value="T:\\Katalon Studio\\E1\\Reports\\Scenario1\\Routing PZ\\20180828_134429\\execution0.log"/>
         <property name="attachments" value=""/>
         <property name="hostName" value="ex64 - ex64"/>
         <property name="os" value="Windows 7 64bit"/>
         <property name="katalonVersion" value="5.6.1.1"/>
         <property name="browser" value="Firefox 61.0"/>
         <property name="hostAddress" value="192.168.20.109"/>
         <property name="sessionId" value="83109237-1c95-420f-9e71-613cafeb8ccd"/>
         <property name="seleniumVersion" value="3.7.1"/>
         <property name="proxyInformation" value="ProxyInformation{proxyOption=NO_PROXY, proxyServerType=HTTP, password=, proxyServerAddress=, proxyServerPort=0}"/>
         <property name="platform" value="Windows 7"/>
      </properties>
      <testcase name="Test Cases/Base/Purchase plan/Routing PZ" classname="Test Cases/Base/Purchase plan/Routing PZ" status="PASSED">
         <system-out><![CDATA[2018-08-28 13:52:30 - [TEST_CASE][PASSED] - Test Cases/Base/Purchase plan/Routing PZ: Test Cases/Base/Purchase plan/Routing PZ

2018-08-28 13:52:30 - [TEST_STEP][PASSED] - callTestCase: Call Test Case 'Test Cases/Base/Authorization' successfully

2018-08-28 13:52:31 - [TEST_CASE][PASSED] - Test Cases/Base/Authorization: Test Cases/Base/Authorization

2018-08-28 13:52:31 - [TEST_STEP][PASSED] - openBrowser: Browser is opened with url: 'http://10.100.70.20/edo'

2018-08-28 13:52:39 - [MESSAGE][PASSED] - Browser is opened with url: 'http://10.100.70.20/edo'

2018-08-28 13:52:39 - [TEST_STEP][PASSED] - deleteAllCookies: Delete all cookies successfully

2018-08-28 13:52:39 - [MESSAGE][PASSED] - Delete all cookies successfully

2018-08-28 13:52:39 - [TEST_STEP][PASSED] - refresh: Refresh successfully

2018-08-28 13:52:41 - [MESSAGE][PASSED] - Refresh successfully

2018-08-28 13:52:41 - [TEST_STEP][PASSED] - maximizeWindow: Current window maximized

2018-08-28 13:52:41 - [MESSAGE][PASSED] - Current window maximized

2018-08-28 13:52:41 - [TEST_STEP][PASSED] - setText: Text 'autoui202' is set on object 'Object Repository/page_authorization/input_login'

2018-08-28 13:52:42 - [MESSAGE][PASSED] - Text 'autoui202' is set on object 'Object Repository/page_authorization/input_login'

2018-08-28 13:52:42 - [TEST_STEP][PASSED] - setText: Text 'Gfhjkm123' is set on object 'Object Repository/page_authorization/input_password'

2018-08-28 13:52:42 - [MESSAGE][PASSED] - Text 'Gfhjkm123' is set on object 'Object Repository/page_authorization/input_password'

2018-08-28 13:52:42 - [TEST_STEP][PASSED] - click: Object: 'Object Repository/page_authorization/button_come' is clicked on

2018-08-28 13:52:44 - [MESSAGE][PASSED] - Object: 'Object Repository/page_authorization/button_come' is clicked on

2018-08-28 13:52:44 - [TEST_STEP][PASSED] - waitForElementPresent: Object 'Object Repository/page_home/span_exit' is present

2018-08-28 13:52:44 - [MESSAGE][PASSED] - Object 'Object Repository/page_home/span_exit' is present

2018-08-28 13:52:44 - [MESSAGE][PASSED] - Call Test Case 'Test Cases/Base/Authorization' successfully

2018-08-28 13:52:44 - [TEST_STEP][PASSED] - callTestCase: Call Test Case 'Test Cases/Base/Purchase plan/Open purchase plan' successfully

2018-08-28 13:52:45 - [TEST_CASE][PASSED] - Test Cases/Base/Purchase plan/Open purchase plan: Test Cases/Base/Purchase plan/Open purchase plan

2018-08-28 13:52:45 - [TEST_STEP][PASSED] - waitForElementPresent: Object 'Object Repository/page_home/span_planning' is present

2018-08-28 13:52:45 - [MESSAGE][PASSED] - Object 'Object Repository/page_home/span_planning' is present

2018-08-28 13:52:45 - [TEST_STEP][PASSED] - click: Object: 'Object Repository/page_home/span_planning' is clicked on

2018-08-28 13:52:47 - [MESSAGE][PASSED] - Object: 'Object Repository/page_home/span_planning' is clicked on

2018-08-28 13:52:47 - [TEST_STEP][PASSED] - waitForElementPresent: Object 'Object Repository/menu_planning/a_purchasePlan' is present

2018-08-28 13:52:47 - [MESSAGE][PASSED] - Object 'Object Repository/menu_planning/a_purchasePlan' is present

2018-08-28 13:52:47 - [TEST_STEP][PASSED] - click: Object: 'Object Repository/menu_planning/a_purchasePlan' is clicked on

2018-08-28 13:52:49 - [MESSAGE][PASSED] - Object: 'Object Repository/menu_planning/a_purchasePlan' is clicked on

2018-08-28 13:52:49 - [TEST_STEP][PASSED] - Statement - new_object = com.kms.katalon.core.webui.keyword.WebUiBuiltInKeywords.modifyObjectProperty(com.kms.katalon.core.testobject.ObjectRepository.findTestObject(DOCUMENT/object), "text", "equals", BudgetYear, true): Modify property of object successfully

2018-08-28 13:52:49 - [MESSAGE][PASSED] - Modify property of object successfully

2018-08-28 13:52:49 - [TEST_STEP][PASSED] - waitForElementPresent: Object 'Object Repository/DOCUMENT/object' is present

2018-08-28 13:52:50 - [MESSAGE][PASSED] - Object 'Object Repository/DOCUMENT/object' is present

2018-08-28 13:52:50 - [TEST_STEP][PASSED] - Statement - url_object = com.kms.katalon.core.webui.keyword.WebUiBuiltInKeywords.getAttribute(new_object, "href"): Attribute 'href' of object 'Object Repository/DOCUMENT/object' is: 'http://10.100.70.20/edo/Search/DocumentView/25302?searchTemplateName=SearchMenu'

2018-08-28 13:52:50 - [MESSAGE][PASSED] - Attribute 'href' of object 'Object Repository/DOCUMENT/object' is: 'http://10.100.70.20/edo/Search/DocumentView/25302?searchTemplateName=SearchMenu'

2018-08-28 13:52:50 - [TEST_STEP][PASSED] - navigateToUrl: Navigate to 'http://10.100.70.20/edo/Search/DocumentView/25302?searchTemplateName=SearchMenu' successfully

2018-08-28 13:52:53 - [MESSAGE][PASSED] - Navigate to 'http://10.100.70.20/edo/Search/DocumentView/25302?searchTemplateName=SearchMenu' successfully

2018-08-28 13:52:53 - [MESSAGE][PASSED] - Call Test Case 'Test Cases/Base/Purchase plan/Open purchase plan' successfully

2018-08-28 13:52:53 - [TEST_STEP][PASSED] - click: Object: 'Object Repository/DOCUMENT/Toolbar_horizon/btn_forApproval' is clicked on

2018-08-28 13:52:54 - [MESSAGE][PASSED] - Object: 'Object Repository/DOCUMENT/Toolbar_horizon/btn_forApproval' is clicked on

2018-08-28 13:52:54 - [TEST_STEP][PASSED] - waitForElementNotVisible: Object 'Object Repository/special/modal-loading-wrapper' is NOT visible

2018-08-28 13:52:54 - [MESSAGE][PASSED] - Object 'Object Repository/special/modal-loading-wrapper' is NOT visible

2018-08-28 13:52:54 - [TEST_STEP][PASSED] - click: Object: 'Object Repository/DOCUMENT/Alert/btn_OK' is clicked on

2018-08-28 13:52:55 - [MESSAGE][PASSED] - Object: 'Object Repository/DOCUMENT/Alert/btn_OK' is clicked on

2018-08-28 13:52:55 - [TEST_STEP][PASSED] - waitForElementNotPresent: Web element with id: 'Object Repository/DOCUMENT/Toolbar_horizon/btn_forApproval' located by 'By.xpath: //a[(text() = 'На утверждение' or . = 'На утверждение')]' is present after '60' second(s)

2018-08-28 13:53:55 - [MESSAGE][WARNING] - Web element with id: 'Object Repository/DOCUMENT/Toolbar_horizon/btn_forApproval' located by 'By.xpath: //a[(text() = 'На утверждение' or . = 'На утверждение')]' is present after '60' second(s)]]></system-out>
         <system-err><![CDATA[]]></system-err>
      </testcase>
      <system-out><![CDATA[2018-08-28 13:52:30 - [TEST_SUITE][PASSED] - Routing PZ: Test Cases/Base/Purchase plan/Routing PZ]]></system-out>
      <system-err><![CDATA[]]></system-err>
   </testsuite>
</testsuites>
