<?xml version="1.0" encoding="UTF-8"?>
<testsuites name="Registration" time="64" tests="0" failures="1" errors="0">
   <testsuite name="Registration" tests="0" failures="1" errors="0" time="64" timestamp="2018-08-09 16:52:54" hostname="ex64 - ex64" id="Test Suites/Scenario1/Registration">
      <properties>
         <property name="deviceName" value=""/>
         <property name="devicePlatform" value=""/>
         <property name="logFolder" value="T:\\Katalon Studio\\E1\\Reports\\Scenario1\\Registration\\20180809_165252"/>
         <property name="logFiles" value="T:\\Katalon Studio\\E1\\Reports\\Scenario1\\Registration\\20180809_165252\\execution0.log"/>
         <property name="attachments" value=""/>
         <property name="hostName" value="ex64 - ex64"/>
         <property name="os" value="Windows 7 64bit"/>
         <property name="katalonVersion" value="5.6.0.1"/>
         <property name="browser" value="Firefox 61.0"/>
         <property name="hostAddress" value="192.168.20.109"/>
         <property name="sessionId" value="b1717915-2f1b-4f1e-be3c-8a88281efd81"/>
         <property name="seleniumVersion" value="3.7.1"/>
         <property name="proxyInformation" value="ProxyInformation{proxyOption=NO_PROXY, proxyServerType=HTTP, password=, proxyServerAddress=, proxyServerPort=0}"/>
         <property name="platform" value="Windows 7"/>
      </properties>
      <testcase name="Test Cases/Base/Registration" classname="Test Cases/Base/Registration" status="FAILED">
         <failure type="FAILED" message="Unable to verify object 'Object Repository/page_registration/massage_pass' is present (Root cause: org.openqa.selenium.WebDriverException: Failed to find value field
Build info: version: '3.7.1', revision: '8a0099a', time: '2017-11-06T21:07:36.161Z'
System info: host: 'EX64', ip: '192.168.20.109', os.name: 'Windows 7', os.arch: 'amd64', os.version: '6.1', java.version: '1.8.0_102'
Driver info: com.kms.katalon.core.webui.driver.firefox.CGeckoDriver
Capabilities {acceptInsecureCerts: true, browserName: firefox, browserVersion: 61.0.1, javascriptEnabled: true, moz:accessibilityChecks: false, moz:headless: false, moz:processID: 11252, moz:profile: C:\Users\ex64\AppData\Local..., moz:useNonSpecCompliantPointerOrigin: false, moz:webdriverClick: true, pageLoadStrategy: normal, platform: XP, platformName: XP, platformVersion: 6.1, proxy: Proxy(direct), rotatable: false, timeouts: {implicit: 0, pageLoad: 300000, script: 30000}}
Session ID: b1717915-2f1b-4f1e-be3c-8a88281efd81)"/>
         <system-out><![CDATA[2018-08-09 16:52:54 - [TEST_CASE][FAILED] - Test Cases/Base/Registration: Test Cases/Base/Registration FAILED because (of) Unable to verify object 'Object Repository/page_registration/massage_pass' is present (Root cause: org.openqa.selenium.WebDriverException: Failed to find value field
Build info: version: '3.7.1', revision: '8a0099a', time: '2017-11-06T21:07:36.161Z'
System info: host: 'EX64', ip: '192.168.20.109', os.name: 'Windows 7', os.arch: 'amd64', os.version: '6.1', java.version: '1.8.0_102'
Driver info: com.kms.katalon.core.webui.driver.firefox.CGeckoDriver
Capabilities {acceptInsecureCerts: true, browserName: firefox, browserVersion: 61.0.1, javascriptEnabled: true, moz:accessibilityChecks: false, moz:headless: false, moz:processID: 11252, moz:profile: C:\Users\ex64\AppData\Local..., moz:useNonSpecCompliantPointerOrigin: false, moz:webdriverClick: true, pageLoadStrategy: normal, platform: XP, platformName: XP, platformVersion: 6.1, proxy: Proxy(direct), rotatable: false, timeouts: {implicit: 0, pageLoad: 300000, script: 30000}}
Session ID: b1717915-2f1b-4f1e-be3c-8a88281efd81)

2018-08-09 16:52:54 - [TEST_STEP][PASSED] - openBrowser: Browser is opened with url: 'http://10.100.70.20/edo'

2018-08-09 16:53:01 - [MESSAGE][PASSED] - Browser is opened with url: 'http://10.100.70.20/edo'

2018-08-09 16:53:01 - [TEST_STEP][PASSED] - maximizeWindow: Current window maximized

2018-08-09 16:53:01 - [MESSAGE][PASSED] - Current window maximized

2018-08-09 16:53:01 - [TEST_STEP][PASSED] - click: Object: 'Object Repository/page_authorization/a_registry' is clicked on

2018-08-09 16:53:06 - [MESSAGE][PASSED] - Object: 'Object Repository/page_authorization/a_registry' is clicked on

2018-08-09 16:53:06 - [TEST_STEP][PASSED] - click: Object: 'Object Repository/page_registration/organization' is clicked on

2018-08-09 16:53:22 - [MESSAGE][PASSED] - Object: 'Object Repository/page_registration/organization' is clicked on

2018-08-09 16:53:22 - [TEST_STEP][PASSED] - setText: Text 'ИКТ' is set on object 'Object Repository/page_registration/input_organization'

2018-08-09 16:53:23 - [MESSAGE][PASSED] - Text 'ИКТ' is set on object 'Object Repository/page_registration/input_organization'

2018-08-09 16:53:23 - [TEST_STEP][PASSED] - sendKeys: Keys 'ENTER + ' sent to object: 'Object Repository/page_registration/input_organization'

2018-08-09 16:53:23 - [MESSAGE][PASSED] - Keys 'ENTER + ' sent to object: 'Object Repository/page_registration/input_organization'

2018-08-09 16:53:23 - [TEST_STEP][PASSED] - click: Object: 'Object Repository/page_registration/input_ChangeChief' is clicked on

2018-08-09 16:53:23 - [MESSAGE][PASSED] - Object: 'Object Repository/page_registration/input_ChangeChief' is clicked on

2018-08-09 16:53:23 - [TEST_STEP][PASSED] - setText: Text 'User' is set on object 'Object Repository/page_registration/input_FirstName'

2018-08-09 16:53:24 - [MESSAGE][PASSED] - Text 'User' is set on object 'Object Repository/page_registration/input_FirstName'

2018-08-09 16:53:24 - [TEST_STEP][PASSED] - setText: Text 'autoui12' is set on object 'Object Repository/page_registration/input_LastName'

2018-08-09 16:53:24 - [MESSAGE][PASSED] - Text 'autoui12' is set on object 'Object Repository/page_registration/input_LastName'

2018-08-09 16:53:24 - [TEST_STEP][PASSED] - setText: Text 'Interface' is set on object 'Object Repository/page_registration/input_MiddleName'

2018-08-09 16:53:24 - [MESSAGE][PASSED] - Text 'Interface' is set on object 'Object Repository/page_registration/input_MiddleName'

2018-08-09 16:53:24 - [TEST_STEP][PASSED] - setText: Text 'Автотестер' is set on object 'Object Repository/page_registration/input_Position'

2018-08-09 16:53:24 - [MESSAGE][PASSED] - Text 'Автотестер' is set on object 'Object Repository/page_registration/input_Position'

2018-08-09 16:53:24 - [TEST_STEP][PASSED] - setText: Text 'test.cognitive+autoui12@gmail.com' is set on object 'Object Repository/page_registration/input_Email'

2018-08-09 16:53:24 - [MESSAGE][PASSED] - Text 'test.cognitive+autoui12@gmail.com' is set on object 'Object Repository/page_registration/input_Email'

2018-08-09 16:53:24 - [TEST_STEP][PASSED] - setText: Text '7-(8182)63-57-13' is set on object 'Object Repository/page_registration/input_Phone'

2018-08-09 16:53:24 - [MESSAGE][PASSED] - Text '7-(8182)63-57-13' is set on object 'Object Repository/page_registration/input_Phone'

2018-08-09 16:53:24 - [TEST_STEP][PASSED] - setText: Text 'autoui12' is set on object 'Object Repository/page_registration/input_Login'

2018-08-09 16:53:25 - [MESSAGE][PASSED] - Text 'autoui12' is set on object 'Object Repository/page_registration/input_Login'

2018-08-09 16:53:25 - [TEST_STEP][PASSED] - setText: Text 'Gfhjkm123' is set on object 'Object Repository/page_registration/input_Password'

2018-08-09 16:53:25 - [MESSAGE][PASSED] - Text 'Gfhjkm123' is set on object 'Object Repository/page_registration/input_Password'

2018-08-09 16:53:25 - [TEST_STEP][PASSED] - setText: Text 'Gfhjkm123' is set on object 'Object Repository/page_registration/input_PasswordConfirm'

2018-08-09 16:53:25 - [MESSAGE][PASSED] - Text 'Gfhjkm123' is set on object 'Object Repository/page_registration/input_PasswordConfirm'

2018-08-09 16:53:25 - [TEST_STEP][PASSED] - click: Object: 'Object Repository/page_registration/button_registration' is clicked on

2018-08-09 16:53:26 - [MESSAGE][PASSED] - Object: 'Object Repository/page_registration/button_registration' is clicked on

2018-08-09 16:53:26 - [TEST_STEP][FAILED] - verifyElementPresent: Unable to verify object 'Object Repository/page_registration/massage_pass' is present (Root cause: org.openqa.selenium.WebDriverException: Failed to find value field
Build info: version: '3.7.1', revision: '8a0099a', time: '2017-11-06T21:07:36.161Z'
System info: host: 'EX64', ip: '192.168.20.109', os.name: 'Windows 7', os.arch: 'amd64', os.version: '6.1', java.version: '1.8.0_102'
Driver info: com.kms.katalon.core.webui.driver.firefox.CGeckoDriver
Capabilities {acceptInsecureCerts: true, browserName: firefox, browserVersion: 61.0.1, javascriptEnabled: true, moz:accessibilityChecks: false, moz:headless: false, moz:processID: 11252, moz:profile: C:\Users\ex64\AppData\Local..., moz:useNonSpecCompliantPointerOrigin: false, moz:webdriverClick: true, pageLoadStrategy: normal, platform: XP, platformName: XP, platformVersion: 6.1, proxy: Proxy(direct), rotatable: false, timeouts: {implicit: 0, pageLoad: 300000, script: 30000}}
Session ID: b1717915-2f1b-4f1e-be3c-8a88281efd81)

2018-08-09 16:53:26 - [MESSAGE][WARNING] - Timeout '0' is invalid. Using default page load timeout: '30'

2018-08-09 16:53:58 - [MESSAGE][WARNING] - Cannot take screenshot

2018-08-09 16:53:58 - [MESSAGE][FAILED] - Unable to verify object 'Object Repository/page_registration/massage_pass' is present (Root cause: org.openqa.selenium.WebDriverException: Failed to find value field
Build info: version: '3.7.1', revision: '8a0099a', time: '2017-11-06T21:07:36.161Z'
System info: host: 'EX64', ip: '192.168.20.109', os.name: 'Windows 7', os.arch: 'amd64', os.version: '6.1', java.version: '1.8.0_102'
Driver info: com.kms.katalon.core.webui.driver.firefox.CGeckoDriver
Capabilities {acceptInsecureCerts: true, browserName: firefox, browserVersion: 61.0.1, javascriptEnabled: true, moz:accessibilityChecks: false, moz:headless: false, moz:processID: 11252, moz:profile: C:\Users\ex64\AppData\Local..., moz:useNonSpecCompliantPointerOrigin: false, moz:webdriverClick: true, pageLoadStrategy: normal, platform: XP, platformName: XP, platformVersion: 6.1, proxy: Proxy(direct), rotatable: false, timeouts: {implicit: 0, pageLoad: 300000, script: 30000}}
Session ID: b1717915-2f1b-4f1e-be3c-8a88281efd81)]]></system-out>
         <system-err><![CDATA[2018-08-09 16:52:54 - [TEST_CASE][FAILED] - Test Cases/Base/Registration: Test Cases/Base/Registration FAILED because (of) Unable to verify object 'Object Repository/page_registration/massage_pass' is present (Root cause: org.openqa.selenium.WebDriverException: Failed to find value field
Build info: version: '3.7.1', revision: '8a0099a', time: '2017-11-06T21:07:36.161Z'
System info: host: 'EX64', ip: '192.168.20.109', os.name: 'Windows 7', os.arch: 'amd64', os.version: '6.1', java.version: '1.8.0_102'
Driver info: com.kms.katalon.core.webui.driver.firefox.CGeckoDriver
Capabilities {acceptInsecureCerts: true, browserName: firefox, browserVersion: 61.0.1, javascriptEnabled: true, moz:accessibilityChecks: false, moz:headless: false, moz:processID: 11252, moz:profile: C:\Users\ex64\AppData\Local..., moz:useNonSpecCompliantPointerOrigin: false, moz:webdriverClick: true, pageLoadStrategy: normal, platform: XP, platformName: XP, platformVersion: 6.1, proxy: Proxy(direct), rotatable: false, timeouts: {implicit: 0, pageLoad: 300000, script: 30000}}
Session ID: b1717915-2f1b-4f1e-be3c-8a88281efd81)]]></system-err>
      </testcase>
      <system-out><![CDATA[2018-08-09 16:52:54 - [TEST_SUITE][INCOMPLETE] - Registration: null]]></system-out>
      <system-err><![CDATA[2018-08-09 16:52:54 - [TEST_SUITE][INCOMPLETE] - Registration: null]]></system-err>
   </testsuite>
</testsuites>
