<?xml version="1.0" encoding="UTF-8"?>
<testsuites name="Activation" time="73" tests="1" failures="0" errors="0">
   <testsuite name="Activation" tests="1" failures="0" errors="0" time="73" timestamp="2018-08-28 13:46:18" hostname="ex64 - ex64" id="Test Suites/Scenario1/Activation">
      <properties>
         <property name="deviceName" value=""/>
         <property name="devicePlatform" value=""/>
         <property name="logFolder" value="T:\\Katalon Studio\\E1\\Reports\\Scenario1\\Activation\\20180828_134429"/>
         <property name="logFiles" value="T:\\Katalon Studio\\E1\\Reports\\Scenario1\\Activation\\20180828_134429\\execution0.log"/>
         <property name="attachments" value=""/>
         <property name="hostName" value="ex64 - ex64"/>
         <property name="os" value="Windows 7 64bit"/>
         <property name="katalonVersion" value="5.6.1.1"/>
         <property name="browser" value="Firefox 61.0"/>
         <property name="hostAddress" value="192.168.20.109"/>
         <property name="sessionId" value="02f758d0-1634-4dd9-8c67-fb6834e7a2ca"/>
         <property name="seleniumVersion" value="3.7.1"/>
         <property name="proxyInformation" value="ProxyInformation{proxyOption=NO_PROXY, proxyServerType=HTTP, password=, proxyServerAddress=, proxyServerPort=0}"/>
         <property name="platform" value="Windows 7"/>
      </properties>
      <testcase name="Test Cases/Base/Activation" classname="Test Cases/Base/Activation" status="PASSED">
         <system-out><![CDATA[2018-08-28 13:46:18 - [TEST_CASE][PASSED] - Test Cases/Base/Activation: Test Cases/Base/Activation

2018-08-28 13:46:18 - [TEST_STEP][PASSED] - callTestCase: Call Test Case 'Test Cases/Base/Authorization' successfully

2018-08-28 13:46:19 - [TEST_CASE][PASSED] - Test Cases/Base/Authorization: Test Cases/Base/Authorization

2018-08-28 13:46:19 - [TEST_STEP][PASSED] - openBrowser: Browser is opened with url: 'http://10.100.70.20/edo'

2018-08-28 13:46:28 - [MESSAGE][PASSED] - Browser is opened with url: 'http://10.100.70.20/edo'

2018-08-28 13:46:28 - [TEST_STEP][PASSED] - deleteAllCookies: Delete all cookies successfully

2018-08-28 13:46:28 - [MESSAGE][PASSED] - Delete all cookies successfully

2018-08-28 13:46:28 - [TEST_STEP][PASSED] - refresh: Refresh successfully

2018-08-28 13:46:31 - [MESSAGE][PASSED] - Refresh successfully

2018-08-28 13:46:31 - [TEST_STEP][PASSED] - maximizeWindow: Current window maximized

2018-08-28 13:46:31 - [MESSAGE][PASSED] - Current window maximized

2018-08-28 13:46:31 - [TEST_STEP][PASSED] - setText: Text 'aaermolin' is set on object 'Object Repository/page_authorization/input_login'

2018-08-28 13:46:31 - [MESSAGE][PASSED] - Text 'aaermolin' is set on object 'Object Repository/page_authorization/input_login'

2018-08-28 13:46:31 - [TEST_STEP][PASSED] - setText: Text 'Gfhjkm1' is set on object 'Object Repository/page_authorization/input_password'

2018-08-28 13:46:32 - [MESSAGE][PASSED] - Text 'Gfhjkm1' is set on object 'Object Repository/page_authorization/input_password'

2018-08-28 13:46:32 - [TEST_STEP][PASSED] - click: Object: 'Object Repository/page_authorization/button_come' is clicked on

2018-08-28 13:46:37 - [MESSAGE][PASSED] - Object: 'Object Repository/page_authorization/button_come' is clicked on

2018-08-28 13:46:37 - [TEST_STEP][PASSED] - waitForElementPresent: Object 'Object Repository/page_home/span_exit' is present

2018-08-28 13:46:55 - [MESSAGE][PASSED] - Object 'Object Repository/page_home/span_exit' is present

2018-08-28 13:46:55 - [MESSAGE][PASSED] - Call Test Case 'Test Cases/Base/Authorization' successfully

2018-08-28 13:46:55 - [TEST_STEP][PASSED] - click: Object: 'Object Repository/page_home/span_administration' is clicked on

2018-08-28 13:47:00 - [MESSAGE][PASSED] - Object: 'Object Repository/page_home/span_administration' is clicked on

2018-08-28 13:47:00 - [TEST_STEP][PASSED] - click: Object: 'Object Repository/page_administration/page_activation/user' is clicked on

2018-08-28 13:47:09 - [MESSAGE][PASSED] - Object: 'Object Repository/page_administration/page_activation/user' is clicked on

2018-08-28 13:47:09 - [TEST_STEP][PASSED] - setText: Text 'autoui202' is set on object 'Object Repository/page_administration/page_activation/input_user'

2018-08-28 13:47:10 - [MESSAGE][PASSED] - Text 'autoui202' is set on object 'Object Repository/page_administration/page_activation/input_user'

2018-08-28 13:47:10 - [TEST_STEP][PASSED] - sendKeys: Keys 'ENTER + ' sent to object: 'Object Repository/page_administration/page_activation/input_user'

2018-08-28 13:47:10 - [MESSAGE][PASSED] - Keys 'ENTER + ' sent to object: 'Object Repository/page_administration/page_activation/input_user'

2018-08-28 13:47:10 - [TEST_STEP][PASSED] - click: Object: 'Object Repository/page_administration/page_activation/input_workGroup' is clicked on

2018-08-28 13:47:10 - [MESSAGE][PASSED] - Object: 'Object Repository/page_administration/page_activation/input_workGroup' is clicked on

2018-08-28 13:47:10 - [TEST_STEP][PASSED] - click: Object: 'Object Repository/page_administration/page_activation/item_IZ44fz' is clicked on

2018-08-28 13:47:10 - [MESSAGE][PASSED] - Object: 'Object Repository/page_administration/page_activation/item_IZ44fz' is clicked on

2018-08-28 13:47:10 - [TEST_STEP][PASSED] - click: Object: 'Object Repository/page_administration/page_activation/input_workGroup' is clicked on

2018-08-28 13:47:10 - [MESSAGE][PASSED] - Object: 'Object Repository/page_administration/page_activation/input_workGroup' is clicked on

2018-08-28 13:47:10 - [TEST_STEP][PASSED] - click: Object: 'Object Repository/page_administration/page_activation/item_approve44fz' is clicked on

2018-08-28 13:47:11 - [MESSAGE][PASSED] - Object: 'Object Repository/page_administration/page_activation/item_approve44fz' is clicked on

2018-08-28 13:47:11 - [TEST_STEP][PASSED] - click: Object: 'Object Repository/page_administration/page_activation/input_workGroup' is clicked on

2018-08-28 13:47:11 - [MESSAGE][PASSED] - Object: 'Object Repository/page_administration/page_activation/input_workGroup' is clicked on

2018-08-28 13:47:11 - [TEST_STEP][PASSED] - click: Object: 'Object Repository/page_administration/page_activation/item_agreement44fz' is clicked on

2018-08-28 13:47:11 - [MESSAGE][PASSED] - Object: 'Object Repository/page_administration/page_activation/item_agreement44fz' is clicked on

2018-08-28 13:47:11 - [TEST_STEP][PASSED] - click: Object: 'Object Repository/page_administration/page_activation/button_save' is clicked on

2018-08-28 13:47:16 - [MESSAGE][PASSED] - Object: 'Object Repository/page_administration/page_activation/button_save' is clicked on

2018-08-28 13:47:16 - [TEST_STEP][PASSED] - verifyElementPresent: Object 'Object Repository/page_administration/page_activation/message_pass' is present

2018-08-28 13:47:16 - [MESSAGE][WARNING] - Timeout '0' is invalid. Using default page load timeout: '120'

2018-08-28 13:47:29 - [MESSAGE][PASSED] - Object 'Object Repository/page_administration/page_activation/message_pass' is present]]></system-out>
         <system-err><![CDATA[]]></system-err>
      </testcase>
      <system-out><![CDATA[2018-08-28 13:46:18 - [TEST_SUITE][PASSED] - Activation: Test Cases/Base/Activation]]></system-out>
      <system-err><![CDATA[]]></system-err>
   </testsuite>
</testsuites>
