<?xml version="1.0" encoding="UTF-8"?>
<testsuites name="Activation_gmail" time="12" tests="1" failures="0" errors="0">
   <testsuite name="Activation_gmail" tests="1" failures="0" errors="0" time="12" timestamp="2018-08-09 14:57:32" hostname="ex64 - ex64" id="Test Suites/Scenario1/Activation_gmail">
      <properties>
         <property name="deviceName" value=""/>
         <property name="devicePlatform" value=""/>
         <property name="logFolder" value="T:\\Katalon Studio\\E1\\Reports\\Scenario1\\Activation_gmail\\20180809_145624"/>
         <property name="logFiles" value="T:\\Katalon Studio\\E1\\Reports\\Scenario1\\Activation_gmail\\20180809_145624\\execution0.log"/>
         <property name="attachments" value=""/>
         <property name="hostName" value="ex64 - ex64"/>
         <property name="os" value="Windows 7 64bit"/>
         <property name="katalonVersion" value="5.6.0.1"/>
         <property name="browser" value="Firefox 61.0"/>
         <property name="hostAddress" value="192.168.20.109"/>
         <property name="sessionId" value="3280919f-b4a2-44ca-97b4-293dc5978931"/>
         <property name="seleniumVersion" value="3.7.1"/>
         <property name="proxyInformation" value="ProxyInformation{proxyOption=NO_PROXY, proxyServerType=HTTP, password=, proxyServerAddress=, proxyServerPort=0}"/>
         <property name="platform" value="Windows 7"/>
      </properties>
      <testcase name="Test Cases/Base/Activation_gmail" classname="Test Cases/Base/Activation_gmail" status="PASSED">
         <system-out><![CDATA[2018-08-09 14:57:32 - [TEST_CASE][PASSED] - Test Cases/Base/Activation_gmail: Test Cases/Base/Activation_gmail

2018-08-09 14:57:32 - [TEST_STEP][PASSED] - openBrowser: Browser is opened with url: 'https://mail.google.com'

2018-08-09 14:57:37 - [MESSAGE][PASSED] - Browser is opened with url: 'https://mail.google.com'

2018-08-09 14:57:37 - [TEST_STEP][PASSED] - setText: Text 'test.cognitive@gmail.com' is set on object 'Object Repository/page_gmail/input_email'

2018-08-09 14:57:37 - [MESSAGE][PASSED] - Text 'test.cognitive@gmail.com' is set on object 'Object Repository/page_gmail/input_email'

2018-08-09 14:57:37 - [TEST_STEP][PASSED] - click: Object: 'Object Repository/page_gmail/span_next' is clicked on

2018-08-09 14:57:38 - [MESSAGE][PASSED] - Object: 'Object Repository/page_gmail/span_next' is clicked on

2018-08-09 14:57:38 - [TEST_STEP][PASSED] - setText: Text 'TestDepartment2016' is set on object 'Object Repository/page_gmail/input_password'

2018-08-09 14:57:38 - [MESSAGE][PASSED] - Text 'TestDepartment2016' is set on object 'Object Repository/page_gmail/input_password'

2018-08-09 14:57:38 - [TEST_STEP][PASSED] - delay: Delayed 1 second(s)

2018-08-09 14:57:39 - [MESSAGE][PASSED] - Delayed 1 second(s)

2018-08-09 14:57:39 - [TEST_STEP][PASSED] - sendKeys: Keys 'ENTER + ' sent to object: 'Object Repository/page_gmail/input_password'

2018-08-09 14:57:39 - [MESSAGE][PASSED] - Keys 'ENTER + ' sent to object: 'Object Repository/page_gmail/input_password'

2018-08-09 14:57:39 - [TEST_STEP][PASSED] - click: Object: 'Object Repository/page_gmail/mail' is clicked on

2018-08-09 14:57:43 - [MESSAGE][PASSED] - Object: 'Object Repository/page_gmail/mail' is clicked on

2018-08-09 14:57:43 - [TEST_STEP][PASSED] - click: Object: 'Object Repository/page_gmail/mail_url' is clicked on

2018-08-09 14:57:44 - [MESSAGE][PASSED] - Object: 'Object Repository/page_gmail/mail_url' is clicked on]]></system-out>
         <system-err><![CDATA[]]></system-err>
      </testcase>
      <system-out><![CDATA[2018-08-09 14:57:32 - [TEST_SUITE][PASSED] - Activation_gmail: Test Cases/Base/Activation_gmail]]></system-out>
      <system-err><![CDATA[]]></system-err>
   </testsuite>
</testsuites>
