<?xml version="1.0" encoding="UTF-8"?>
<testsuites name="Registration" time="41" tests="1" failures="0" errors="0">
   <testsuite name="Registration" tests="1" failures="0" errors="0" time="41" timestamp="2018-08-09 15:21:10" hostname="ex64 - ex64" id="Test Suites/Scenario1/Registration">
      <properties>
         <property name="deviceName" value=""/>
         <property name="devicePlatform" value=""/>
         <property name="logFolder" value="T:\\Katalon Studio\\E1\\Reports\\Scenario1\\Registration\\20180809_152109"/>
         <property name="logFiles" value="T:\\Katalon Studio\\E1\\Reports\\Scenario1\\Registration\\20180809_152109\\execution0.log"/>
         <property name="attachments" value=""/>
         <property name="hostName" value="ex64 - ex64"/>
         <property name="os" value="Windows 7 64bit"/>
         <property name="katalonVersion" value="5.6.0.1"/>
         <property name="browser" value="Firefox 61.0"/>
         <property name="hostAddress" value="192.168.20.109"/>
         <property name="sessionId" value="76ae76fe-55b9-4b65-b218-754aaed71de2"/>
         <property name="seleniumVersion" value="3.7.1"/>
         <property name="proxyInformation" value="ProxyInformation{proxyOption=NO_PROXY, proxyServerType=HTTP, password=, proxyServerAddress=, proxyServerPort=0}"/>
         <property name="platform" value="Windows 7"/>
      </properties>
      <testcase name="Test Cases/Base/Registration" classname="Test Cases/Base/Registration" status="PASSED">
         <system-out><![CDATA[2018-08-09 15:21:11 - [TEST_CASE][PASSED] - Test Cases/Base/Registration: Test Cases/Base/Registration

2018-08-09 15:21:11 - [TEST_STEP][PASSED] - openBrowser: Browser is opened with url: 'http://10.100.70.20/edo'

2018-08-09 15:21:21 - [MESSAGE][PASSED] - Browser is opened with url: 'http://10.100.70.20/edo'

2018-08-09 15:21:21 - [TEST_STEP][PASSED] - maximizeWindow: Current window maximized

2018-08-09 15:21:25 - [MESSAGE][PASSED] - Current window maximized

2018-08-09 15:21:25 - [TEST_STEP][PASSED] - click: Object: 'Object Repository/page_authorization/a_registry' is clicked on

2018-08-09 15:21:30 - [MESSAGE][PASSED] - Object: 'Object Repository/page_authorization/a_registry' is clicked on

2018-08-09 15:21:30 - [TEST_STEP][PASSED] - click: Object: 'Object Repository/page_registration/organization' is clicked on

2018-08-09 15:21:37 - [MESSAGE][PASSED] - Object: 'Object Repository/page_registration/organization' is clicked on

2018-08-09 15:21:37 - [TEST_STEP][PASSED] - setText: Text 'ИКТ' is set on object 'Object Repository/page_registration/input_organization'

2018-08-09 15:21:38 - [MESSAGE][PASSED] - Text 'ИКТ' is set on object 'Object Repository/page_registration/input_organization'

2018-08-09 15:21:38 - [TEST_STEP][PASSED] - sendKeys: Keys 'ENTER + ' sent to object: 'Object Repository/page_registration/input_organization'

2018-08-09 15:21:38 - [MESSAGE][PASSED] - Keys 'ENTER + ' sent to object: 'Object Repository/page_registration/input_organization'

2018-08-09 15:21:38 - [TEST_STEP][PASSED] - click: Object: 'Object Repository/page_registration/input_ChangeChief' is clicked on

2018-08-09 15:21:38 - [MESSAGE][PASSED] - Object: 'Object Repository/page_registration/input_ChangeChief' is clicked on

2018-08-09 15:21:38 - [TEST_STEP][PASSED] - setText: Text 'User' is set on object 'Object Repository/page_registration/input_FirstName'

2018-08-09 15:21:38 - [MESSAGE][PASSED] - Text 'User' is set on object 'Object Repository/page_registration/input_FirstName'

2018-08-09 15:21:38 - [TEST_STEP][PASSED] - setText: Text 'autoui11' is set on object 'Object Repository/page_registration/input_LastName'

2018-08-09 15:21:38 - [MESSAGE][PASSED] - Text 'autoui11' is set on object 'Object Repository/page_registration/input_LastName'

2018-08-09 15:21:38 - [TEST_STEP][PASSED] - setText: Text 'Interface' is set on object 'Object Repository/page_registration/input_MiddleName'

2018-08-09 15:21:38 - [MESSAGE][PASSED] - Text 'Interface' is set on object 'Object Repository/page_registration/input_MiddleName'

2018-08-09 15:21:38 - [TEST_STEP][PASSED] - setText: Text 'Автотестер' is set on object 'Object Repository/page_registration/input_Position'

2018-08-09 15:21:38 - [MESSAGE][PASSED] - Text 'Автотестер' is set on object 'Object Repository/page_registration/input_Position'

2018-08-09 15:21:38 - [TEST_STEP][PASSED] - setText: Text 'test.cognitive+autoui11@gmail.com' is set on object 'Object Repository/page_registration/input_Email'

2018-08-09 15:21:38 - [MESSAGE][PASSED] - Text 'test.cognitive+autoui11@gmail.com' is set on object 'Object Repository/page_registration/input_Email'

2018-08-09 15:21:38 - [TEST_STEP][PASSED] - setText: Text '7-(8182)63-57-13' is set on object 'Object Repository/page_registration/input_Phone'

2018-08-09 15:21:39 - [MESSAGE][PASSED] - Text '7-(8182)63-57-13' is set on object 'Object Repository/page_registration/input_Phone'

2018-08-09 15:21:39 - [TEST_STEP][PASSED] - setText: Text 'autoui11' is set on object 'Object Repository/page_registration/input_Login'

2018-08-09 15:21:39 - [MESSAGE][PASSED] - Text 'autoui11' is set on object 'Object Repository/page_registration/input_Login'

2018-08-09 15:21:39 - [TEST_STEP][PASSED] - setText: Text 'Gfhjkm123' is set on object 'Object Repository/page_registration/input_Password'

2018-08-09 15:21:39 - [MESSAGE][PASSED] - Text 'Gfhjkm123' is set on object 'Object Repository/page_registration/input_Password'

2018-08-09 15:21:39 - [TEST_STEP][PASSED] - setText: Text 'Gfhjkm123' is set on object 'Object Repository/page_registration/input_PasswordConfirm'

2018-08-09 15:21:40 - [MESSAGE][PASSED] - Text 'Gfhjkm123' is set on object 'Object Repository/page_registration/input_PasswordConfirm'

2018-08-09 15:21:40 - [TEST_STEP][PASSED] - click: Object: 'Object Repository/page_registration/button_registration' is clicked on

2018-08-09 15:21:45 - [MESSAGE][PASSED] - Object: 'Object Repository/page_registration/button_registration' is clicked on

2018-08-09 15:21:45 - [TEST_STEP][PASSED] - verifyElementPresent: Object 'Object Repository/page_registration/massage_pass' is present

2018-08-09 15:21:45 - [MESSAGE][WARNING] - Timeout '0' is invalid. Using default page load timeout: '30'

2018-08-09 15:21:52 - [MESSAGE][PASSED] - Object 'Object Repository/page_registration/massage_pass' is present]]></system-out>
         <system-err><![CDATA[]]></system-err>
      </testcase>
      <system-out><![CDATA[2018-08-09 15:21:10 - [TEST_SUITE][PASSED] - Registration: Test Cases/Base/Registration]]></system-out>
      <system-err><![CDATA[]]></system-err>
   </testsuite>
</testsuites>
