<?xml version="1.0" encoding="UTF-8"?>
<testsuites name="Authorization" time="36" tests="1" failures="0" errors="0">
   <testsuite name="Authorization" tests="1" failures="0" errors="0" time="36" timestamp="2018-08-09 16:58:03" hostname="ex64 - ex64" id="Test Suites/Scenario1/Authorization">
      <properties>
         <property name="deviceName" value=""/>
         <property name="devicePlatform" value=""/>
         <property name="logFolder" value="T:\\Katalon Studio\\E1\\Reports\\Scenario1\\Authorization\\20180809_165523"/>
         <property name="logFiles" value="T:\\Katalon Studio\\E1\\Reports\\Scenario1\\Authorization\\20180809_165523\\execution0.log"/>
         <property name="attachments" value=""/>
         <property name="hostName" value="ex64 - ex64"/>
         <property name="os" value="Windows 7 64bit"/>
         <property name="katalonVersion" value="5.6.0.1"/>
         <property name="browser" value="Firefox 61.0"/>
         <property name="hostAddress" value="192.168.20.109"/>
         <property name="sessionId" value="21c49eaa-7ddd-4ab2-92c9-6df53e9d5b3e"/>
         <property name="seleniumVersion" value="3.7.1"/>
         <property name="proxyInformation" value="ProxyInformation{proxyOption=NO_PROXY, proxyServerType=HTTP, password=, proxyServerAddress=, proxyServerPort=0}"/>
         <property name="platform" value="Windows 7"/>
      </properties>
      <testcase name="Test Cases/Base/Authorization" classname="Test Cases/Base/Authorization" status="PASSED">
         <system-out><![CDATA[2018-08-09 16:58:04 - [TEST_CASE][PASSED] - Test Cases/Base/Authorization: Test Cases/Base/Authorization

2018-08-09 16:58:04 - [TEST_STEP][PASSED] - openBrowser: Browser is opened with url: 'http://10.100.70.20/edo'

2018-08-09 16:58:11 - [MESSAGE][PASSED] - Browser is opened with url: 'http://10.100.70.20/edo'

2018-08-09 16:58:11 - [TEST_STEP][PASSED] - maximizeWindow: Current window maximized

2018-08-09 16:58:12 - [MESSAGE][PASSED] - Current window maximized

2018-08-09 16:58:12 - [TEST_STEP][PASSED] - verifyElementPresent: Object 'Object Repository/page_authorization/input_login' is present

2018-08-09 16:58:12 - [MESSAGE][WARNING] - Timeout '0' is invalid. Using default page load timeout: '30'

2018-08-09 16:58:12 - [MESSAGE][PASSED] - Object 'Object Repository/page_authorization/input_login' is present

2018-08-09 16:58:12 - [TEST_STEP][PASSED] - verifyElementPresent: Object 'Object Repository/page_authorization/input_password' is present

2018-08-09 16:58:12 - [MESSAGE][WARNING] - Timeout '0' is invalid. Using default page load timeout: '30'

2018-08-09 16:58:12 - [MESSAGE][PASSED] - Object 'Object Repository/page_authorization/input_password' is present

2018-08-09 16:58:12 - [TEST_STEP][PASSED] - verifyElementPresent: Object 'Object Repository/page_authorization/button_come' is present

2018-08-09 16:58:12 - [MESSAGE][WARNING] - Timeout '0' is invalid. Using default page load timeout: '30'

2018-08-09 16:58:12 - [MESSAGE][PASSED] - Object 'Object Repository/page_authorization/button_come' is present

2018-08-09 16:58:12 - [TEST_STEP][PASSED] - verifyElementPresent: Object 'Object Repository/page_authorization/button_comeEP' is present

2018-08-09 16:58:12 - [MESSAGE][WARNING] - Timeout '0' is invalid. Using default page load timeout: '30'

2018-08-09 16:58:12 - [MESSAGE][PASSED] - Object 'Object Repository/page_authorization/button_comeEP' is present

2018-08-09 16:58:12 - [TEST_STEP][PASSED] - verifyElementPresent: Object 'Object Repository/page_authorization/a_registry' is present

2018-08-09 16:58:12 - [MESSAGE][WARNING] - Timeout '0' is invalid. Using default page load timeout: '30'

2018-08-09 16:58:12 - [MESSAGE][PASSED] - Object 'Object Repository/page_authorization/a_registry' is present

2018-08-09 16:58:12 - [TEST_STEP][PASSED] - verifyElementPresent: Object 'Object Repository/page_authorization/a_passwordRecovery' is present

2018-08-09 16:58:12 - [MESSAGE][WARNING] - Timeout '0' is invalid. Using default page load timeout: '30'

2018-08-09 16:58:12 - [MESSAGE][PASSED] - Object 'Object Repository/page_authorization/a_passwordRecovery' is present

2018-08-09 16:58:12 - [TEST_STEP][PASSED] - setText: Text 'autoui13' is set on object 'Object Repository/page_authorization/input_login'

2018-08-09 16:58:12 - [MESSAGE][PASSED] - Text 'autoui13' is set on object 'Object Repository/page_authorization/input_login'

2018-08-09 16:58:12 - [TEST_STEP][PASSED] - setText: Text 'Gfhjkm123' is set on object 'Object Repository/page_authorization/input_password'

2018-08-09 16:58:12 - [MESSAGE][PASSED] - Text 'Gfhjkm123' is set on object 'Object Repository/page_authorization/input_password'

2018-08-09 16:58:12 - [TEST_STEP][PASSED] - click: Object: 'Object Repository/page_authorization/button_come' is clicked on

2018-08-09 16:58:17 - [MESSAGE][PASSED] - Object: 'Object Repository/page_authorization/button_come' is clicked on

2018-08-09 16:58:17 - [TEST_STEP][PASSED] - verifyElementPresent: Object 'Object Repository/page_home/span_myTasks' is present

2018-08-09 16:58:17 - [MESSAGE][WARNING] - Timeout '0' is invalid. Using default page load timeout: '30'

2018-08-09 16:58:39 - [MESSAGE][PASSED] - Object 'Object Repository/page_home/span_myTasks' is present

2018-08-09 16:58:39 - [TEST_STEP][PASSED] - verifyElementPresent: Object 'Object Repository/page_home/span_administration' is present

2018-08-09 16:58:39 - [MESSAGE][WARNING] - Timeout '0' is invalid. Using default page load timeout: '30'

2018-08-09 16:58:40 - [MESSAGE][PASSED] - Object 'Object Repository/page_home/span_administration' is present

2018-08-09 16:58:40 - [TEST_STEP][PASSED] - verifyElementPresent: Object 'Object Repository/page_home/span_exit' is present

2018-08-09 16:58:40 - [MESSAGE][WARNING] - Timeout '0' is invalid. Using default page load timeout: '30'

2018-08-09 16:58:40 - [MESSAGE][PASSED] - Object 'Object Repository/page_home/span_exit' is present]]></system-out>
         <system-err><![CDATA[]]></system-err>
      </testcase>
      <system-out><![CDATA[2018-08-09 16:58:03 - [TEST_SUITE][PASSED] - Authorization: Test Cases/Base/Authorization]]></system-out>
      <system-err><![CDATA[]]></system-err>
   </testsuite>
</testsuites>
