<?xml version="1.0" encoding="UTF-8"?>
<testsuites name="Create position purchase plan" time="165" tests="0" failures="1" errors="0">
   <testsuite name="Create position purchase plan" tests="0" failures="1" errors="0" time="165" timestamp="2018-08-28 13:49:44" hostname="ex64 - ex64" id="Test Suites/Scenario1/Create position purchase plan">
      <properties>
         <property name="deviceName" value=""/>
         <property name="devicePlatform" value=""/>
         <property name="logFolder" value="T:\\Katalon Studio\\E1\\Reports\\Scenario1\\Create position purchase plan\\20180828_134429"/>
         <property name="logFiles" value="T:\\Katalon Studio\\E1\\Reports\\Scenario1\\Create position purchase plan\\20180828_134429\\execution0.log"/>
         <property name="attachments" value="T:\\Katalon Studio\\E1\\Reports\\Scenario1\\Create position purchase plan\\20180828_134429\\1535453546554.png, T:\\Katalon Studio\\E1\\Reports\\Scenario1\\Create position purchase plan\\20180828_134429\\1535453546660.png"/>
         <property name="hostName" value="ex64 - ex64"/>
         <property name="os" value="Windows 7 64bit"/>
         <property name="katalonVersion" value="5.6.1.1"/>
         <property name="browser" value="Firefox 61.0"/>
         <property name="hostAddress" value="192.168.20.109"/>
         <property name="sessionId" value="486ff3fc-7fe8-411d-933e-aba64a8644c8"/>
         <property name="seleniumVersion" value="3.7.1"/>
         <property name="proxyInformation" value="ProxyInformation{proxyOption=NO_PROXY, proxyServerType=HTTP, password=, proxyServerAddress=, proxyServerPort=0}"/>
         <property name="platform" value="Windows 7"/>
      </properties>
      <testcase name="Test Cases/Base/Purchase plan/Create position purchase plan" classname="Test Cases/Base/Purchase plan/Create position purchase plan" status="FAILED">
         <failure type="FAILED" message="Unable to verify object 'Object Repository/DOCUMENT/btn_edit' is present (Root cause: com.kms.katalon.core.webui.exception.WebElementNotFoundException: Web element with id: 'Object Repository/DOCUMENT/btn_edit' located by 'By.xpath: //a[@title = 'Редактировать' and (text() = 'Редактировать' or . = 'Редактировать')]' not found)"/>
         <system-out><![CDATA[2018-08-28 13:49:44 - [TEST_CASE][FAILED] - Test Cases/Base/Purchase plan/Create position purchase plan: Test Cases/Base/Purchase plan/Create position purchase plan FAILED because (of) Unable to verify object 'Object Repository/DOCUMENT/btn_edit' is present (Root cause: com.kms.katalon.core.webui.exception.WebElementNotFoundException: Web element with id: 'Object Repository/DOCUMENT/btn_edit' located by 'By.xpath: //a[@title = 'Редактировать' and (text() = 'Редактировать' or . = 'Редактировать')]' not found)

2018-08-28 13:49:45 - [TEST_STEP][PASSED] - callTestCase: Call Test Case 'Test Cases/Base/Authorization' successfully

2018-08-28 13:49:45 - [TEST_CASE][PASSED] - Test Cases/Base/Authorization: Test Cases/Base/Authorization

2018-08-28 13:49:45 - [TEST_STEP][PASSED] - openBrowser: Browser is opened with url: 'http://10.100.70.20/edo'

2018-08-28 13:49:54 - [MESSAGE][PASSED] - Browser is opened with url: 'http://10.100.70.20/edo'

2018-08-28 13:49:54 - [TEST_STEP][PASSED] - deleteAllCookies: Delete all cookies successfully

2018-08-28 13:49:54 - [MESSAGE][PASSED] - Delete all cookies successfully

2018-08-28 13:49:54 - [TEST_STEP][PASSED] - refresh: Refresh successfully

2018-08-28 13:49:56 - [MESSAGE][PASSED] - Refresh successfully

2018-08-28 13:49:56 - [TEST_STEP][PASSED] - maximizeWindow: Current window maximized

2018-08-28 13:49:56 - [MESSAGE][PASSED] - Current window maximized

2018-08-28 13:49:56 - [TEST_STEP][PASSED] - setText: Text 'autoui202' is set on object 'Object Repository/page_authorization/input_login'

2018-08-28 13:49:57 - [MESSAGE][PASSED] - Text 'autoui202' is set on object 'Object Repository/page_authorization/input_login'

2018-08-28 13:49:57 - [TEST_STEP][PASSED] - setText: Text 'Gfhjkm123' is set on object 'Object Repository/page_authorization/input_password'

2018-08-28 13:49:57 - [MESSAGE][PASSED] - Text 'Gfhjkm123' is set on object 'Object Repository/page_authorization/input_password'

2018-08-28 13:49:57 - [TEST_STEP][PASSED] - click: Object: 'Object Repository/page_authorization/button_come' is clicked on

2018-08-28 13:50:00 - [MESSAGE][PASSED] - Object: 'Object Repository/page_authorization/button_come' is clicked on

2018-08-28 13:50:00 - [TEST_STEP][PASSED] - waitForElementPresent: Object 'Object Repository/page_home/span_exit' is present

2018-08-28 13:50:00 - [MESSAGE][PASSED] - Object 'Object Repository/page_home/span_exit' is present

2018-08-28 13:50:00 - [MESSAGE][PASSED] - Call Test Case 'Test Cases/Base/Authorization' successfully

2018-08-28 13:50:00 - [TEST_STEP][PASSED] - callTestCase: Call Test Case 'Test Cases/Base/Purchase plan/Open purchase plan' successfully

2018-08-28 13:50:00 - [TEST_CASE][PASSED] - Test Cases/Base/Purchase plan/Open purchase plan: Test Cases/Base/Purchase plan/Open purchase plan

2018-08-28 13:50:00 - [TEST_STEP][PASSED] - waitForElementPresent: Object 'Object Repository/page_home/span_planning' is present

2018-08-28 13:50:00 - [MESSAGE][PASSED] - Object 'Object Repository/page_home/span_planning' is present

2018-08-28 13:50:00 - [TEST_STEP][PASSED] - click: Object: 'Object Repository/page_home/span_planning' is clicked on

2018-08-28 13:50:02 - [MESSAGE][PASSED] - Object: 'Object Repository/page_home/span_planning' is clicked on

2018-08-28 13:50:02 - [TEST_STEP][PASSED] - waitForElementPresent: Object 'Object Repository/menu_planning/a_purchasePlan' is present

2018-08-28 13:50:02 - [MESSAGE][PASSED] - Object 'Object Repository/menu_planning/a_purchasePlan' is present

2018-08-28 13:50:02 - [TEST_STEP][PASSED] - click: Object: 'Object Repository/menu_planning/a_purchasePlan' is clicked on

2018-08-28 13:50:04 - [MESSAGE][PASSED] - Object: 'Object Repository/menu_planning/a_purchasePlan' is clicked on

2018-08-28 13:50:04 - [TEST_STEP][PASSED] - Statement - new_object = com.kms.katalon.core.webui.keyword.WebUiBuiltInKeywords.modifyObjectProperty(com.kms.katalon.core.testobject.ObjectRepository.findTestObject(DOCUMENT/object), "text", "equals", BudgetYear, true): Modify property of object successfully

2018-08-28 13:50:04 - [MESSAGE][PASSED] - Modify property of object successfully

2018-08-28 13:50:04 - [TEST_STEP][PASSED] - waitForElementPresent: Object 'Object Repository/DOCUMENT/object' is present

2018-08-28 13:50:05 - [MESSAGE][PASSED] - Object 'Object Repository/DOCUMENT/object' is present

2018-08-28 13:50:05 - [TEST_STEP][PASSED] - Statement - url_object = com.kms.katalon.core.webui.keyword.WebUiBuiltInKeywords.getAttribute(new_object, "href"): Attribute 'href' of object 'Object Repository/DOCUMENT/object' is: 'http://10.100.70.20/edo/Search/DocumentView/25302?searchTemplateName=SearchMenu'

2018-08-28 13:50:05 - [MESSAGE][PASSED] - Attribute 'href' of object 'Object Repository/DOCUMENT/object' is: 'http://10.100.70.20/edo/Search/DocumentView/25302?searchTemplateName=SearchMenu'

2018-08-28 13:50:05 - [TEST_STEP][PASSED] - navigateToUrl: Navigate to 'http://10.100.70.20/edo/Search/DocumentView/25302?searchTemplateName=SearchMenu' successfully

2018-08-28 13:50:07 - [MESSAGE][PASSED] - Navigate to 'http://10.100.70.20/edo/Search/DocumentView/25302?searchTemplateName=SearchMenu' successfully

2018-08-28 13:50:07 - [MESSAGE][PASSED] - Call Test Case 'Test Cases/Base/Purchase plan/Open purchase plan' successfully

2018-08-28 13:50:07 - [TEST_STEP][PASSED] - click: Object: 'Object Repository/document_purchasePlan/btn_newPPZ' is clicked on

2018-08-28 13:50:11 - [MESSAGE][PASSED] - Object: 'Object Repository/document_purchasePlan/btn_newPPZ' is clicked on

2018-08-28 13:50:11 - [TEST_STEP][PASSED] - click: Object: 'Object Repository/document_PPZ/btn_purchaseFrequency' is clicked on

2018-08-28 13:50:11 - [MESSAGE][PASSED] - Object: 'Object Repository/document_PPZ/btn_purchaseFrequency' is clicked on

2018-08-28 13:50:11 - [TEST_STEP][PASSED] - check: Object 'Object Repository/DOCUMENT/Dictionary_check/check_item' is checked

2018-08-28 13:50:12 - [MESSAGE][PASSED] - Object 'Object Repository/DOCUMENT/Dictionary_check/check_item' is checked

2018-08-28 13:50:12 - [TEST_STEP][PASSED] - click: Object: 'Object Repository/DOCUMENT/Dictionary_check/btn_select' is clicked on

2018-08-28 13:50:13 - [MESSAGE][PASSED] - Object: 'Object Repository/DOCUMENT/Dictionary_check/btn_select' is clicked on

2018-08-28 13:50:13 - [TEST_STEP][PASSED] - click: Object: 'Object Repository/document_PPZ/btn_OKPD2' is clicked on

2018-08-28 13:50:13 - [MESSAGE][PASSED] - Object: 'Object Repository/document_PPZ/btn_OKPD2' is clicked on

2018-08-28 13:50:13 - [TEST_STEP][PASSED] - setText: Text '01.11.11.111' is set on object 'Object Repository/document_PPZ/find_OKPD2'

2018-08-28 13:50:16 - [MESSAGE][PASSED] - Text '01.11.11.111' is set on object 'Object Repository/document_PPZ/find_OKPD2'

2018-08-28 13:50:16 - [TEST_STEP][PASSED] - check: Object 'Object Repository/DOCUMENT/Dictionary_check/check_item' is checked

2018-08-28 13:50:18 - [MESSAGE][PASSED] - Object 'Object Repository/DOCUMENT/Dictionary_check/check_item' is checked

2018-08-28 13:50:18 - [TEST_STEP][PASSED] - click: Object: 'Object Repository/DOCUMENT/Dictionary_check/btn_select' is clicked on

2018-08-28 13:50:18 - [MESSAGE][PASSED] - Object: 'Object Repository/DOCUMENT/Dictionary_check/btn_select' is clicked on

2018-08-28 13:50:18 - [TEST_STEP][PASSED] - setText: Text 'Пшеница' is set on object 'Object Repository/document_PPZ/input_nameObjectPurchase'

2018-08-28 13:50:18 - [MESSAGE][PASSED] - Text 'Пшеница' is set on object 'Object Repository/document_PPZ/input_nameObjectPurchase'

2018-08-28 13:50:18 - [TEST_STEP][PASSED] - click: Object: 'Object Repository/document_PPZ/menu_financing' is clicked on

2018-08-28 13:50:18 - [MESSAGE][PASSED] - Object: 'Object Repository/document_PPZ/menu_financing' is clicked on

2018-08-28 13:50:18 - [TEST_STEP][PASSED] - click: Object: 'Object Repository/document_PPZ/btn_KBK' is clicked on

2018-08-28 13:50:19 - [MESSAGE][PASSED] - Object: 'Object Repository/document_PPZ/btn_KBK' is clicked on

2018-08-28 13:50:19 - [TEST_STEP][PASSED] - check: Object 'Object Repository/DOCUMENT/Dictionary_check/check_item' is checked

2018-08-28 13:50:19 - [MESSAGE][PASSED] - Object 'Object Repository/DOCUMENT/Dictionary_check/check_item' is checked

2018-08-28 13:50:19 - [TEST_STEP][PASSED] - click: Object: 'Object Repository/DOCUMENT/Dictionary_check/btn_select' is clicked on

2018-08-28 13:50:20 - [MESSAGE][PASSED] - Object: 'Object Repository/DOCUMENT/Dictionary_check/btn_select' is clicked on

2018-08-28 13:50:20 - [TEST_STEP][PASSED] - setText: Text '100000' is set on object 'Object Repository/document_PPZ/input_amountFinancing'

2018-08-28 13:50:20 - [MESSAGE][PASSED] - Text '100000' is set on object 'Object Repository/document_PPZ/input_amountFinancing'

2018-08-28 13:50:20 - [TEST_STEP][PASSED] - click: Object: 'Object Repository/document_PPZ/menu_rationaleNeed' is clicked on

2018-08-28 13:50:20 - [MESSAGE][PASSED] - Object: 'Object Repository/document_PPZ/menu_rationaleNeed' is clicked on

2018-08-28 13:50:20 - [TEST_STEP][PASSED] - click: Object: 'Object Repository/document_PPZ/btn_targetedPrograms' is clicked on

2018-08-28 13:50:20 - [MESSAGE][PASSED] - Object: 'Object Repository/document_PPZ/btn_targetedPrograms' is clicked on

2018-08-28 13:50:20 - [TEST_STEP][PASSED] - check: Object 'Object Repository/DOCUMENT/Dictionary_check/check_item' is checked

2018-08-28 13:50:21 - [MESSAGE][PASSED] - Object 'Object Repository/DOCUMENT/Dictionary_check/check_item' is checked

2018-08-28 13:50:21 - [TEST_STEP][PASSED] - click: Object: 'Object Repository/DOCUMENT/Dictionary_check/btn_select' is clicked on

2018-08-28 13:50:21 - [MESSAGE][PASSED] - Object: 'Object Repository/DOCUMENT/Dictionary_check/btn_select' is clicked on

2018-08-28 13:50:21 - [TEST_STEP][PASSED] - click: Object: 'Object Repository/document_PPZ/btn_programActivities' is clicked on

2018-08-28 13:50:22 - [MESSAGE][PASSED] - Object: 'Object Repository/document_PPZ/btn_programActivities' is clicked on

2018-08-28 13:50:22 - [TEST_STEP][PASSED] - check: Object 'Object Repository/DOCUMENT/Dictionary_check/check_item' is checked

2018-08-28 13:50:22 - [MESSAGE][PASSED] - Object 'Object Repository/DOCUMENT/Dictionary_check/check_item' is checked

2018-08-28 13:50:22 - [TEST_STEP][PASSED] - click: Object: 'Object Repository/DOCUMENT/Dictionary_check/btn_select' is clicked on

2018-08-28 13:50:23 - [MESSAGE][PASSED] - Object: 'Object Repository/DOCUMENT/Dictionary_check/btn_select' is clicked on

2018-08-28 13:50:23 - [TEST_STEP][PASSED] - click: Object: 'Object Repository/document_PPZ/menu_rationalePurchase' is clicked on

2018-08-28 13:50:23 - [MESSAGE][PASSED] - Object: 'Object Repository/document_PPZ/menu_rationalePurchase' is clicked on

2018-08-28 13:50:23 - [TEST_STEP][PASSED] - setText: Text 'ТЗ' is set on object 'Object Repository/document_PPZ/input_conformity'

2018-08-28 13:50:23 - [MESSAGE][PASSED] - Text 'ТЗ' is set on object 'Object Repository/document_PPZ/input_conformity'

2018-08-28 13:50:23 - [TEST_STEP][PASSED] - click: Object: 'Object Repository/DOCUMENT/btn_save' is clicked on

2018-08-28 13:50:23 - [MESSAGE][PASSED] - Object: 'Object Repository/DOCUMENT/btn_save' is clicked on

2018-08-28 13:50:23 - [TEST_STEP][FAILED] - verifyElementPresent: Unable to verify object 'Object Repository/DOCUMENT/btn_edit' is present (Root cause: com.kms.katalon.core.webui.exception.WebElementNotFoundException: Web element with id: 'Object Repository/DOCUMENT/btn_edit' located by 'By.xpath: //a[@title = 'Редактировать' and (text() = 'Редактировать' or . = 'Редактировать')]' not found)

2018-08-28 13:50:23 - [MESSAGE][WARNING] - Timeout '0' is invalid. Using default page load timeout: '120'

2018-08-28 13:52:26 - [MESSAGE][FAILED] - com.kms.katalon.core.webui.exception.WebElementNotFoundException: Web element with id: 'Object Repository/DOCUMENT/btn_edit' located by 'By.xpath: //a[@title = 'Редактировать' and (text() = 'Редактировать' or . = 'Редактировать')]' not found
[[ATTACHMENT|T:\\Katalon Studio\\E1\\Reports\\Scenario1\\Create position purchase plan\\20180828_134429\\1535453546554.png]]

2018-08-28 13:52:26 - [MESSAGE][FAILED] - Unable to verify object 'Object Repository/DOCUMENT/btn_edit' is present (Root cause: com.kms.katalon.core.webui.exception.WebElementNotFoundException: Web element with id: 'Object Repository/DOCUMENT/btn_edit' located by 'By.xpath: //a[@title = 'Редактировать' and (text() = 'Редактировать' or . = 'Редактировать')]' not found)
[[ATTACHMENT|T:\\Katalon Studio\\E1\\Reports\\Scenario1\\Create position purchase plan\\20180828_134429\\1535453546660.png]]]]></system-out>
         <system-err><![CDATA[2018-08-28 13:49:44 - [TEST_CASE][FAILED] - Test Cases/Base/Purchase plan/Create position purchase plan: Test Cases/Base/Purchase plan/Create position purchase plan FAILED because (of) Unable to verify object 'Object Repository/DOCUMENT/btn_edit' is present (Root cause: com.kms.katalon.core.webui.exception.WebElementNotFoundException: Web element with id: 'Object Repository/DOCUMENT/btn_edit' located by 'By.xpath: //a[@title = 'Редактировать' and (text() = 'Редактировать' or . = 'Редактировать')]' not found)]]></system-err>
      </testcase>
      <system-out><![CDATA[2018-08-28 13:49:44 - [TEST_SUITE][FAILED] - Create position purchase plan: Test Cases/Base/Purchase plan/Create position purchase plan FAILED because (of) Unable to verify object 'Object Repository/DOCUMENT/btn_edit' is present (Root cause: com.kms.katalon.core.webui.exception.WebElementNotFoundException: Web element with id: 'Object Repository/DOCUMENT/btn_edit' located by 'By.xpath: //a[@title = 'Редактировать' and (text() = 'Редактировать' or . = 'Редактировать')]' not found)]]></system-out>
      <system-err><![CDATA[2018-08-28 13:49:44 - [TEST_SUITE][FAILED] - Create position purchase plan: Test Cases/Base/Purchase plan/Create position purchase plan FAILED because (of) Unable to verify object 'Object Repository/DOCUMENT/btn_edit' is present (Root cause: com.kms.katalon.core.webui.exception.WebElementNotFoundException: Web element with id: 'Object Repository/DOCUMENT/btn_edit' located by 'By.xpath: //a[@title = 'Редактировать' and (text() = 'Редактировать' or . = 'Редактировать')]' not found)]]></system-err>
   </testsuite>
</testsuites>
