<?xml version="1.0" encoding="UTF-8"?>
<testsuites name="Registration" time="39" tests="1" failures="0" errors="0">
   <testsuite name="Registration" tests="1" failures="0" errors="0" time="39" timestamp="2018-08-09 17:08:40" hostname="ex64 - ex64" id="Test Suites/Scenario1/Registration">
      <properties>
         <property name="deviceName" value=""/>
         <property name="devicePlatform" value=""/>
         <property name="logFolder" value="T:\\Katalon Studio\\E1\\Reports\\Scenario1\\Registration\\20180809_170839"/>
         <property name="logFiles" value="T:\\Katalon Studio\\E1\\Reports\\Scenario1\\Registration\\20180809_170839\\execution0.log"/>
         <property name="attachments" value=""/>
         <property name="hostName" value="ex64 - ex64"/>
         <property name="os" value="Windows 7 64bit"/>
         <property name="katalonVersion" value="5.6.0.1"/>
         <property name="browser" value="Firefox 61.0"/>
         <property name="hostAddress" value="192.168.20.109"/>
         <property name="sessionId" value="64a86eff-d60b-4734-8bd0-527b08e7bcae"/>
         <property name="seleniumVersion" value="3.7.1"/>
         <property name="proxyInformation" value="ProxyInformation{proxyOption=NO_PROXY, proxyServerType=HTTP, password=, proxyServerAddress=, proxyServerPort=0}"/>
         <property name="platform" value="Windows 7"/>
      </properties>
      <testcase name="Test Cases/Base/Registration" classname="Test Cases/Base/Registration" status="PASSED">
         <system-out><![CDATA[2018-08-09 17:08:41 - [TEST_CASE][PASSED] - Test Cases/Base/Registration: Test Cases/Base/Registration

2018-08-09 17:08:41 - [TEST_STEP][PASSED] - openBrowser: Browser is opened with url: 'http://10.100.70.20/edo'

2018-08-09 17:08:47 - [MESSAGE][PASSED] - Browser is opened with url: 'http://10.100.70.20/edo'

2018-08-09 17:08:47 - [TEST_STEP][PASSED] - maximizeWindow: Current window maximized

2018-08-09 17:08:47 - [MESSAGE][PASSED] - Current window maximized

2018-08-09 17:08:47 - [TEST_STEP][PASSED] - click: Object: 'Object Repository/page_authorization/a_registry' is clicked on

2018-08-09 17:08:52 - [MESSAGE][PASSED] - Object: 'Object Repository/page_authorization/a_registry' is clicked on

2018-08-09 17:08:52 - [TEST_STEP][PASSED] - click: Object: 'Object Repository/page_registration/organization' is clicked on

2018-08-09 17:08:59 - [MESSAGE][PASSED] - Object: 'Object Repository/page_registration/organization' is clicked on

2018-08-09 17:08:59 - [TEST_STEP][PASSED] - setText: Text 'ИКТ' is set on object 'Object Repository/page_registration/input_organization'

2018-08-09 17:08:59 - [MESSAGE][PASSED] - Text 'ИКТ' is set on object 'Object Repository/page_registration/input_organization'

2018-08-09 17:08:59 - [TEST_STEP][PASSED] - sendKeys: Keys 'ENTER + ' sent to object: 'Object Repository/page_registration/input_organization'

2018-08-09 17:08:59 - [MESSAGE][PASSED] - Keys 'ENTER + ' sent to object: 'Object Repository/page_registration/input_organization'

2018-08-09 17:08:59 - [TEST_STEP][PASSED] - click: Object: 'Object Repository/page_registration/input_ChangeChief' is clicked on

2018-08-09 17:09:00 - [MESSAGE][PASSED] - Object: 'Object Repository/page_registration/input_ChangeChief' is clicked on

2018-08-09 17:09:00 - [TEST_STEP][PASSED] - setText: Text 'User' is set on object 'Object Repository/page_registration/input_FirstName'

2018-08-09 17:09:00 - [MESSAGE][PASSED] - Text 'User' is set on object 'Object Repository/page_registration/input_FirstName'

2018-08-09 17:09:00 - [TEST_STEP][PASSED] - setText: Text 'autoui14' is set on object 'Object Repository/page_registration/input_LastName'

2018-08-09 17:09:00 - [MESSAGE][PASSED] - Text 'autoui14' is set on object 'Object Repository/page_registration/input_LastName'

2018-08-09 17:09:00 - [TEST_STEP][PASSED] - setText: Text 'Interface' is set on object 'Object Repository/page_registration/input_MiddleName'

2018-08-09 17:09:00 - [MESSAGE][PASSED] - Text 'Interface' is set on object 'Object Repository/page_registration/input_MiddleName'

2018-08-09 17:09:00 - [TEST_STEP][PASSED] - setText: Text 'Автотестер' is set on object 'Object Repository/page_registration/input_Position'

2018-08-09 17:09:00 - [MESSAGE][PASSED] - Text 'Автотестер' is set on object 'Object Repository/page_registration/input_Position'

2018-08-09 17:09:00 - [TEST_STEP][PASSED] - setText: Text 'test.cognitive+autoui14@gmail.com' is set on object 'Object Repository/page_registration/input_Email'

2018-08-09 17:09:01 - [MESSAGE][PASSED] - Text 'test.cognitive+autoui14@gmail.com' is set on object 'Object Repository/page_registration/input_Email'

2018-08-09 17:09:01 - [TEST_STEP][PASSED] - setText: Text '7-(8182)63-57-13' is set on object 'Object Repository/page_registration/input_Phone'

2018-08-09 17:09:01 - [MESSAGE][PASSED] - Text '7-(8182)63-57-13' is set on object 'Object Repository/page_registration/input_Phone'

2018-08-09 17:09:01 - [TEST_STEP][PASSED] - setText: Text 'autoui14' is set on object 'Object Repository/page_registration/input_Login'

2018-08-09 17:09:01 - [MESSAGE][PASSED] - Text 'autoui14' is set on object 'Object Repository/page_registration/input_Login'

2018-08-09 17:09:01 - [TEST_STEP][PASSED] - setText: Text 'Gfhjkm123' is set on object 'Object Repository/page_registration/input_Password'

2018-08-09 17:09:01 - [MESSAGE][PASSED] - Text 'Gfhjkm123' is set on object 'Object Repository/page_registration/input_Password'

2018-08-09 17:09:01 - [TEST_STEP][PASSED] - setText: Text 'Gfhjkm123' is set on object 'Object Repository/page_registration/input_PasswordConfirm'

2018-08-09 17:09:02 - [MESSAGE][PASSED] - Text 'Gfhjkm123' is set on object 'Object Repository/page_registration/input_PasswordConfirm'

2018-08-09 17:09:02 - [TEST_STEP][PASSED] - delay: Delayed 5 second(s)

2018-08-09 17:09:07 - [MESSAGE][PASSED] - Delayed 5 second(s)

2018-08-09 17:09:07 - [TEST_STEP][PASSED] - click: Object: 'Object Repository/page_registration/button_registration' is clicked on

2018-08-09 17:09:12 - [MESSAGE][PASSED] - Object: 'Object Repository/page_registration/button_registration' is clicked on

2018-08-09 17:09:12 - [TEST_STEP][PASSED] - verifyElementPresent: Object 'Object Repository/page_registration/massage_pass' is present

2018-08-09 17:09:12 - [MESSAGE][WARNING] - Timeout '0' is invalid. Using default page load timeout: '30'

2018-08-09 17:09:20 - [MESSAGE][PASSED] - Object 'Object Repository/page_registration/massage_pass' is present]]></system-out>
         <system-err><![CDATA[]]></system-err>
      </testcase>
      <system-out><![CDATA[2018-08-09 17:08:40 - [TEST_SUITE][PASSED] - Registration: Test Cases/Base/Registration]]></system-out>
      <system-err><![CDATA[]]></system-err>
   </testsuite>
</testsuites>
