<?xml version="1.0" encoding="UTF-8"?>
<testsuites name="Create purchase plan" time="46" tests="1" failures="0" errors="0">
   <testsuite name="Create purchase plan" tests="1" failures="0" errors="0" time="46" timestamp="2018-08-28 13:48:56" hostname="ex64 - ex64" id="Test Suites/Scenario1/Create purchase plan">
      <properties>
         <property name="deviceName" value=""/>
         <property name="devicePlatform" value=""/>
         <property name="logFolder" value="T:\\Katalon Studio\\E1\\Reports\\Scenario1\\Create purchase plan\\20180828_134429"/>
         <property name="logFiles" value="T:\\Katalon Studio\\E1\\Reports\\Scenario1\\Create purchase plan\\20180828_134429\\execution0.log"/>
         <property name="attachments" value=""/>
         <property name="hostName" value="ex64 - ex64"/>
         <property name="os" value="Windows 7 64bit"/>
         <property name="katalonVersion" value="5.6.1.1"/>
         <property name="browser" value="Firefox 61.0"/>
         <property name="hostAddress" value="192.168.20.109"/>
         <property name="sessionId" value="c671a987-33e3-4642-9766-c14415bea069"/>
         <property name="seleniumVersion" value="3.7.1"/>
         <property name="proxyInformation" value="ProxyInformation{proxyOption=NO_PROXY, proxyServerType=HTTP, password=, proxyServerAddress=, proxyServerPort=0}"/>
         <property name="platform" value="Windows 7"/>
      </properties>
      <testcase name="Test Cases/Base/Purchase plan/Create purchase plan" classname="Test Cases/Base/Purchase plan/Create purchase plan" status="PASSED">
         <system-out><![CDATA[2018-08-28 13:48:56 - [TEST_CASE][PASSED] - Test Cases/Base/Purchase plan/Create purchase plan: Test Cases/Base/Purchase plan/Create purchase plan

2018-08-28 13:48:57 - [TEST_STEP][PASSED] - callTestCase: Call Test Case 'Test Cases/Base/Authorization' successfully

2018-08-28 13:48:57 - [TEST_CASE][PASSED] - Test Cases/Base/Authorization: Test Cases/Base/Authorization

2018-08-28 13:48:57 - [TEST_STEP][PASSED] - openBrowser: Browser is opened with url: 'http://10.100.70.20/edo'

2018-08-28 13:49:06 - [MESSAGE][PASSED] - Browser is opened with url: 'http://10.100.70.20/edo'

2018-08-28 13:49:06 - [TEST_STEP][PASSED] - deleteAllCookies: Delete all cookies successfully

2018-08-28 13:49:06 - [MESSAGE][PASSED] - Delete all cookies successfully

2018-08-28 13:49:06 - [TEST_STEP][PASSED] - refresh: Refresh successfully

2018-08-28 13:49:09 - [MESSAGE][PASSED] - Refresh successfully

2018-08-28 13:49:09 - [TEST_STEP][PASSED] - maximizeWindow: Current window maximized

2018-08-28 13:49:09 - [MESSAGE][PASSED] - Current window maximized

2018-08-28 13:49:09 - [TEST_STEP][PASSED] - setText: Text 'autoui202' is set on object 'Object Repository/page_authorization/input_login'

2018-08-28 13:49:09 - [MESSAGE][PASSED] - Text 'autoui202' is set on object 'Object Repository/page_authorization/input_login'

2018-08-28 13:49:09 - [TEST_STEP][PASSED] - setText: Text 'Gfhjkm123' is set on object 'Object Repository/page_authorization/input_password'

2018-08-28 13:49:09 - [MESSAGE][PASSED] - Text 'Gfhjkm123' is set on object 'Object Repository/page_authorization/input_password'

2018-08-28 13:49:09 - [TEST_STEP][PASSED] - click: Object: 'Object Repository/page_authorization/button_come' is clicked on

2018-08-28 13:49:12 - [MESSAGE][PASSED] - Object: 'Object Repository/page_authorization/button_come' is clicked on

2018-08-28 13:49:12 - [TEST_STEP][PASSED] - waitForElementPresent: Object 'Object Repository/page_home/span_exit' is present

2018-08-28 13:49:12 - [MESSAGE][PASSED] - Object 'Object Repository/page_home/span_exit' is present

2018-08-28 13:49:12 - [MESSAGE][PASSED] - Call Test Case 'Test Cases/Base/Authorization' successfully

2018-08-28 13:49:12 - [TEST_STEP][PASSED] - click: Object: 'Object Repository/page_home/span_planning' is clicked on

2018-08-28 13:49:14 - [MESSAGE][PASSED] - Object: 'Object Repository/page_home/span_planning' is clicked on

2018-08-28 13:49:14 - [TEST_STEP][PASSED] - click: Object: 'Object Repository/menu_planning/a_purchasePlan' is clicked on

2018-08-28 13:49:16 - [MESSAGE][PASSED] - Object: 'Object Repository/menu_planning/a_purchasePlan' is clicked on

2018-08-28 13:49:16 - [TEST_STEP][PASSED] - click: Object: 'Object Repository/menu_planning/btn_newPurchasePlan' is clicked on

2018-08-28 13:49:17 - [MESSAGE][PASSED] - Object: 'Object Repository/menu_planning/btn_newPurchasePlan' is clicked on

2018-08-28 13:49:17 - [TEST_STEP][PASSED] - Statement - new_budgetYear = com.kms.katalon.core.webui.keyword.WebUiBuiltInKeywords.modifyObjectProperty(com.kms.katalon.core.testobject.ObjectRepository.findTestObject(menu_planning/page_year/radio_budgetYear), "value", "equals", BudgetYear, true): Modify property of object successfully

2018-08-28 13:49:17 - [MESSAGE][PASSED] - Modify property of object successfully

2018-08-28 13:49:17 - [TEST_STEP][PASSED] - check: Object 'Object Repository/menu_planning/page_year/radio_budgetYear' is checked

2018-08-28 13:49:17 - [MESSAGE][PASSED] - Object 'Object Repository/menu_planning/page_year/radio_budgetYear' is checked

2018-08-28 13:49:17 - [TEST_STEP][PASSED] - click: Object: 'Object Repository/menu_planning/page_year/button_OK' is clicked on

2018-08-28 13:49:18 - [MESSAGE][PASSED] - Object: 'Object Repository/menu_planning/page_year/button_OK' is clicked on

2018-08-28 13:49:18 - [TEST_STEP][PASSED] - click: Object: 'Object Repository/document_purchasePlan/button_otv' is clicked on

2018-08-28 13:49:20 - [MESSAGE][PASSED] - Object: 'Object Repository/document_purchasePlan/button_otv' is clicked on

2018-08-28 13:49:20 - [TEST_STEP][PASSED] - setText: Text 'autoui202' is set on object 'Object Repository/document_purchasePlan/input_otv'

2018-08-28 13:49:20 - [MESSAGE][PASSED] - Text 'autoui202' is set on object 'Object Repository/document_purchasePlan/input_otv'

2018-08-28 13:49:20 - [TEST_STEP][PASSED] - click: Object: 'Object Repository/document_purchasePlan/check_otv' is clicked on

2018-08-28 13:49:20 - [MESSAGE][PASSED] - Object: 'Object Repository/document_purchasePlan/check_otv' is clicked on

2018-08-28 13:49:20 - [TEST_STEP][PASSED] - click: Object: 'Object Repository/document_purchasePlan/btn_select' is clicked on

2018-08-28 13:49:21 - [MESSAGE][PASSED] - Object: 'Object Repository/document_purchasePlan/btn_select' is clicked on

2018-08-28 13:49:21 - [TEST_STEP][PASSED] - click: Object: 'Object Repository/document_purchasePlan/button_utv' is clicked on

2018-08-28 13:49:21 - [MESSAGE][PASSED] - Object: 'Object Repository/document_purchasePlan/button_utv' is clicked on

2018-08-28 13:49:21 - [TEST_STEP][PASSED] - setText: Text '' is set on object 'Object Repository/document_purchasePlan/input_utv'

2018-08-28 13:49:21 - [MESSAGE][PASSED] - Text '' is set on object 'Object Repository/document_purchasePlan/input_utv'

2018-08-28 13:49:21 - [TEST_STEP][PASSED] - click: Object: 'Object Repository/document_purchasePlan/check_otv' is clicked on

2018-08-28 13:49:21 - [MESSAGE][PASSED] - Object: 'Object Repository/document_purchasePlan/check_otv' is clicked on

2018-08-28 13:49:21 - [TEST_STEP][PASSED] - click: Object: 'Object Repository/document_purchasePlan/btn_select' is clicked on

2018-08-28 13:49:22 - [MESSAGE][PASSED] - Object: 'Object Repository/document_purchasePlan/btn_select' is clicked on

2018-08-28 13:49:22 - [TEST_STEP][PASSED] - click: Object: 'Object Repository/DOCUMENT/btn_save' is clicked on

2018-08-28 13:49:22 - [MESSAGE][PASSED] - Object: 'Object Repository/DOCUMENT/btn_save' is clicked on

2018-08-28 13:49:22 - [TEST_STEP][PASSED] - verifyElementPresent: Object 'Object Repository/DOCUMENT/btn_edit' is present

2018-08-28 13:49:22 - [MESSAGE][WARNING] - Timeout '0' is invalid. Using default page load timeout: '120'

2018-08-28 13:49:40 - [MESSAGE][PASSED] - Object 'Object Repository/DOCUMENT/btn_edit' is present]]></system-out>
         <system-err><![CDATA[]]></system-err>
      </testcase>
      <system-out><![CDATA[2018-08-28 13:48:56 - [TEST_SUITE][PASSED] - Create purchase plan: Test Cases/Base/Purchase plan/Create purchase plan]]></system-out>
      <system-err><![CDATA[]]></system-err>
   </testsuite>
</testsuites>
