<?xml version="1.0" encoding="UTF-8"?>
<testsuites name="New Test Suite" time="16" tests="1" failures="0" errors="0">
   <testsuite name="New Test Suite" tests="1" failures="0" errors="0" time="16" timestamp="2018-08-09 08:43:39" hostname="ex64 - ex64" id="Test Suites/TEST/New Test Suite">
      <properties>
         <property name="deviceName" value=""/>
         <property name="devicePlatform" value=""/>
         <property name="logFolder" value="T:\\Katalon Studio\\E1\\Reports\\TEST\\New Test Suite\\20180809_084337"/>
         <property name="logFiles" value="T:\\Katalon Studio\\E1\\Reports\\TEST\\New Test Suite\\20180809_084337\\execution0.log"/>
         <property name="attachments" value=""/>
         <property name="hostName" value="ex64 - ex64"/>
         <property name="os" value="Windows 7 64bit"/>
         <property name="katalonVersion" value="5.6.0.1"/>
         <property name="browser" value="Firefox 61.0"/>
         <property name="hostAddress" value="192.168.20.109"/>
         <property name="sessionId" value="2540bbcb-7faf-4348-bb50-2aea8db851dd"/>
         <property name="seleniumVersion" value="3.7.1"/>
         <property name="proxyInformation" value="ProxyInformation{proxyOption=NO_PROXY, proxyServerType=HTTP, password=, proxyServerAddress=, proxyServerPort=0}"/>
         <property name="platform" value="Windows 7"/>
      </properties>
      <testcase name="Test Cases/Base/Activation" classname="Test Cases/Base/Activation" status="PASSED">
         <system-out><![CDATA[2018-08-09 08:43:39 - [TEST_CASE][PASSED] - Test Cases/Base/Activation: Test Cases/Base/Activation

2018-08-09 08:43:39 - [TEST_STEP][PASSED] - callTestCase: Call Test Case 'Test Cases/Base/Authorization' successfully

2018-08-09 08:43:39 - [TEST_CASE][PASSED] - Test Cases/Base/Authorization: Test Cases/Base/Authorization

2018-08-09 08:43:39 - [TEST_STEP][PASSED] - openBrowser: Browser is opened with url: 'http://10.100.70.20/edo'

2018-08-09 08:43:46 - [MESSAGE][PASSED] - Browser is opened with url: 'http://10.100.70.20/edo'

2018-08-09 08:43:46 - [TEST_STEP][PASSED] - maximizeWindow: Current window maximized

2018-08-09 08:43:46 - [MESSAGE][PASSED] - Current window maximized

2018-08-09 08:43:46 - [TEST_STEP][PASSED] - verifyElementPresent: Object 'Object Repository/page_authorization/input_login' is present

2018-08-09 08:43:46 - [MESSAGE][WARNING] - Timeout '0' is invalid. Using default page load timeout: '30'

2018-08-09 08:43:46 - [MESSAGE][PASSED] - Object 'Object Repository/page_authorization/input_login' is present

2018-08-09 08:43:46 - [TEST_STEP][PASSED] - verifyElementPresent: Object 'Object Repository/page_authorization/input_password' is present

2018-08-09 08:43:46 - [MESSAGE][WARNING] - Timeout '0' is invalid. Using default page load timeout: '30'

2018-08-09 08:43:46 - [MESSAGE][PASSED] - Object 'Object Repository/page_authorization/input_password' is present

2018-08-09 08:43:46 - [TEST_STEP][PASSED] - verifyElementPresent: Object 'Object Repository/page_authorization/button_come' is present

2018-08-09 08:43:46 - [MESSAGE][WARNING] - Timeout '0' is invalid. Using default page load timeout: '30'

2018-08-09 08:43:46 - [MESSAGE][PASSED] - Object 'Object Repository/page_authorization/button_come' is present

2018-08-09 08:43:46 - [TEST_STEP][PASSED] - verifyElementPresent: Object 'Object Repository/page_authorization/button_comeEP' is present

2018-08-09 08:43:46 - [MESSAGE][WARNING] - Timeout '0' is invalid. Using default page load timeout: '30'

2018-08-09 08:43:46 - [MESSAGE][PASSED] - Object 'Object Repository/page_authorization/button_comeEP' is present

2018-08-09 08:43:46 - [TEST_STEP][PASSED] - verifyElementPresent: Object 'Object Repository/page_authorization/a_registry' is present

2018-08-09 08:43:46 - [MESSAGE][WARNING] - Timeout '0' is invalid. Using default page load timeout: '30'

2018-08-09 08:43:46 - [MESSAGE][PASSED] - Object 'Object Repository/page_authorization/a_registry' is present

2018-08-09 08:43:46 - [TEST_STEP][PASSED] - verifyElementPresent: Object 'Object Repository/page_authorization/a_passwordRecovery' is present

2018-08-09 08:43:46 - [MESSAGE][WARNING] - Timeout '0' is invalid. Using default page load timeout: '30'

2018-08-09 08:43:46 - [MESSAGE][PASSED] - Object 'Object Repository/page_authorization/a_passwordRecovery' is present

2018-08-09 08:43:46 - [TEST_STEP][PASSED] - setText: Text 'aaermolin' is set on object 'Object Repository/page_authorization/input_login'

2018-08-09 08:43:47 - [MESSAGE][PASSED] - Text 'aaermolin' is set on object 'Object Repository/page_authorization/input_login'

2018-08-09 08:43:47 - [TEST_STEP][PASSED] - setText: Text 'Gfhjkm1' is set on object 'Object Repository/page_authorization/input_password'

2018-08-09 08:43:47 - [MESSAGE][PASSED] - Text 'Gfhjkm1' is set on object 'Object Repository/page_authorization/input_password'

2018-08-09 08:43:47 - [TEST_STEP][PASSED] - click: Object: 'Object Repository/page_authorization/button_come' is clicked on

2018-08-09 08:43:49 - [MESSAGE][PASSED] - Object: 'Object Repository/page_authorization/button_come' is clicked on

2018-08-09 08:43:49 - [TEST_STEP][PASSED] - verifyElementPresent: Object 'Object Repository/page_home/span_myTasks' is present

2018-08-09 08:43:49 - [MESSAGE][WARNING] - Timeout '0' is invalid. Using default page load timeout: '30'

2018-08-09 08:43:49 - [MESSAGE][PASSED] - Object 'Object Repository/page_home/span_myTasks' is present

2018-08-09 08:43:49 - [TEST_STEP][PASSED] - verifyElementPresent: Object 'Object Repository/page_home/span_plan' is present

2018-08-09 08:43:49 - [MESSAGE][WARNING] - Timeout '0' is invalid. Using default page load timeout: '30'

2018-08-09 08:43:49 - [MESSAGE][PASSED] - Object 'Object Repository/page_home/span_plan' is present

2018-08-09 08:43:49 - [TEST_STEP][PASSED] - verifyElementPresent: Object 'Object Repository/page_home/span_procurement' is present

2018-08-09 08:43:49 - [MESSAGE][WARNING] - Timeout '0' is invalid. Using default page load timeout: '30'

2018-08-09 08:43:49 - [MESSAGE][PASSED] - Object 'Object Repository/page_home/span_procurement' is present

2018-08-09 08:43:49 - [TEST_STEP][PASSED] - verifyElementPresent: Object 'Object Repository/page_home/span_contracts' is present

2018-08-09 08:43:49 - [MESSAGE][WARNING] - Timeout '0' is invalid. Using default page load timeout: '30'

2018-08-09 08:43:49 - [MESSAGE][PASSED] - Object 'Object Repository/page_home/span_contracts' is present

2018-08-09 08:43:49 - [TEST_STEP][PASSED] - verifyElementPresent: Object 'Object Repository/page_home/span_monitoringAudit' is present

2018-08-09 08:43:49 - [MESSAGE][WARNING] - Timeout '0' is invalid. Using default page load timeout: '30'

2018-08-09 08:43:49 - [MESSAGE][PASSED] - Object 'Object Repository/page_home/span_monitoringAudit' is present

2018-08-09 08:43:49 - [TEST_STEP][PASSED] - verifyElementPresent: Object 'Object Repository/page_home/span_report' is present

2018-08-09 08:43:49 - [MESSAGE][WARNING] - Timeout '0' is invalid. Using default page load timeout: '30'

2018-08-09 08:43:49 - [MESSAGE][PASSED] - Object 'Object Repository/page_home/span_report' is present

2018-08-09 08:43:49 - [TEST_STEP][PASSED] - verifyElementPresent: Object 'Object Repository/page_home/span_administration' is present

2018-08-09 08:43:49 - [MESSAGE][WARNING] - Timeout '0' is invalid. Using default page load timeout: '30'

2018-08-09 08:43:49 - [MESSAGE][PASSED] - Object 'Object Repository/page_home/span_administration' is present

2018-08-09 08:43:49 - [TEST_STEP][PASSED] - verifyElementPresent: Object 'Object Repository/page_home/span_exit' is present

2018-08-09 08:43:49 - [MESSAGE][WARNING] - Timeout '0' is invalid. Using default page load timeout: '30'

2018-08-09 08:43:49 - [MESSAGE][PASSED] - Object 'Object Repository/page_home/span_exit' is present

2018-08-09 08:43:49 - [MESSAGE][PASSED] - Call Test Case 'Test Cases/Base/Authorization' successfully

2018-08-09 08:43:49 - [TEST_STEP][PASSED] - click: Object: 'Object Repository/page_home/span_administration' is clicked on

2018-08-09 08:43:55 - [MESSAGE][PASSED] - Object: 'Object Repository/page_home/span_administration' is clicked on]]></system-out>
         <system-err><![CDATA[]]></system-err>
      </testcase>
      <system-out><![CDATA[2018-08-09 08:43:39 - [TEST_SUITE][PASSED] - New Test Suite: Test Cases/Base/Activation]]></system-out>
      <system-err><![CDATA[]]></system-err>
   </testsuite>
</testsuites>
