<?xml version="1.0" encoding="UTF-8"?>
<testsuites name="New Test Suite" time="32" tests="1" failures="0" errors="0">
   <testsuite name="New Test Suite" tests="1" failures="0" errors="0" time="32" timestamp="2018-08-16 16:38:04" hostname="ex64 - ex64" id="Test Suites/TEST/New Test Suite">
      <properties>
         <property name="deviceName" value=""/>
         <property name="devicePlatform" value=""/>
         <property name="logFolder" value="T:\\Katalon Studio\\E1\\Reports\\TEST\\New Test Suite\\20180816_163803"/>
         <property name="logFiles" value="T:\\Katalon Studio\\E1\\Reports\\TEST\\New Test Suite\\20180816_163803\\execution0.log"/>
         <property name="attachments" value=""/>
         <property name="hostName" value="ex64 - ex64"/>
         <property name="os" value="Windows 7 64bit"/>
         <property name="katalonVersion" value="5.6.0.1"/>
         <property name="browser" value="Firefox 61.0"/>
         <property name="hostAddress" value="192.168.20.109"/>
         <property name="sessionId" value="ce0ef723-7a54-4b63-8bff-1014cc2d4cf2"/>
         <property name="seleniumVersion" value="3.7.1"/>
         <property name="proxyInformation" value="ProxyInformation{proxyOption=NO_PROXY, proxyServerType=HTTP, password=, proxyServerAddress=, proxyServerPort=0}"/>
         <property name="platform" value="Windows 7"/>
      </properties>
      <testcase name="Test Cases/Base/Create budget" classname="Test Cases/Base/Create budget" status="PASSED">
         <system-out><![CDATA[2018-08-16 16:38:05 - [TEST_CASE][PASSED] - Test Cases/Base/Create budget: Test Cases/Base/Create budget

2018-08-16 16:38:05 - [TEST_STEP][PASSED] - callTestCase: Call Test Case 'Test Cases/Base/Authorization' successfully

2018-08-16 16:38:05 - [TEST_CASE][PASSED] - Test Cases/Base/Authorization: Test Cases/Base/Authorization

2018-08-16 16:38:05 - [TEST_STEP][PASSED] - openBrowser: Browser is opened with url: 'http://10.100.70.20/edo'

2018-08-16 16:38:14 - [MESSAGE][PASSED] - Browser is opened with url: 'http://10.100.70.20/edo'

2018-08-16 16:38:14 - [TEST_STEP][PASSED] - maximizeWindow: Current window maximized

2018-08-16 16:38:14 - [MESSAGE][PASSED] - Current window maximized

2018-08-16 16:38:14 - [TEST_STEP][PASSED] - verifyElementPresent: Object 'Object Repository/page_authorization/input_login' is present

2018-08-16 16:38:14 - [MESSAGE][WARNING] - Timeout '0' is invalid. Using default page load timeout: '60'

2018-08-16 16:38:14 - [MESSAGE][PASSED] - Object 'Object Repository/page_authorization/input_login' is present

2018-08-16 16:38:14 - [TEST_STEP][PASSED] - verifyElementPresent: Object 'Object Repository/page_authorization/input_password' is present

2018-08-16 16:38:14 - [MESSAGE][WARNING] - Timeout '0' is invalid. Using default page load timeout: '60'

2018-08-16 16:38:14 - [MESSAGE][PASSED] - Object 'Object Repository/page_authorization/input_password' is present

2018-08-16 16:38:14 - [TEST_STEP][PASSED] - verifyElementPresent: Object 'Object Repository/page_authorization/button_come' is present

2018-08-16 16:38:14 - [MESSAGE][WARNING] - Timeout '0' is invalid. Using default page load timeout: '60'

2018-08-16 16:38:14 - [MESSAGE][PASSED] - Object 'Object Repository/page_authorization/button_come' is present

2018-08-16 16:38:14 - [TEST_STEP][PASSED] - verifyElementPresent: Object 'Object Repository/page_authorization/button_comeEP' is present

2018-08-16 16:38:14 - [MESSAGE][WARNING] - Timeout '0' is invalid. Using default page load timeout: '60'

2018-08-16 16:38:14 - [MESSAGE][PASSED] - Object 'Object Repository/page_authorization/button_comeEP' is present

2018-08-16 16:38:14 - [TEST_STEP][PASSED] - verifyElementPresent: Object 'Object Repository/page_authorization/a_registry' is present

2018-08-16 16:38:14 - [MESSAGE][WARNING] - Timeout '0' is invalid. Using default page load timeout: '60'

2018-08-16 16:38:15 - [MESSAGE][PASSED] - Object 'Object Repository/page_authorization/a_registry' is present

2018-08-16 16:38:15 - [TEST_STEP][PASSED] - verifyElementPresent: Object 'Object Repository/page_authorization/a_passwordRecovery' is present

2018-08-16 16:38:15 - [MESSAGE][WARNING] - Timeout '0' is invalid. Using default page load timeout: '60'

2018-08-16 16:38:15 - [MESSAGE][PASSED] - Object 'Object Repository/page_authorization/a_passwordRecovery' is present

2018-08-16 16:38:15 - [TEST_STEP][PASSED] - setText: Text 'autoui80' is set on object 'Object Repository/page_authorization/input_login'

2018-08-16 16:38:15 - [MESSAGE][PASSED] - Text 'autoui80' is set on object 'Object Repository/page_authorization/input_login'

2018-08-16 16:38:15 - [TEST_STEP][PASSED] - setText: Text 'Gfhjkm123' is set on object 'Object Repository/page_authorization/input_password'

2018-08-16 16:38:15 - [MESSAGE][PASSED] - Text 'Gfhjkm123' is set on object 'Object Repository/page_authorization/input_password'

2018-08-16 16:38:15 - [TEST_STEP][PASSED] - click: Object: 'Object Repository/page_authorization/button_come' is clicked on

2018-08-16 16:38:18 - [MESSAGE][PASSED] - Object: 'Object Repository/page_authorization/button_come' is clicked on

2018-08-16 16:38:18 - [TEST_STEP][PASSED] - verifyElementPresent: Object 'Object Repository/page_home/span_myTasks' is present

2018-08-16 16:38:18 - [MESSAGE][WARNING] - Timeout '0' is invalid. Using default page load timeout: '60'

2018-08-16 16:38:18 - [MESSAGE][PASSED] - Object 'Object Repository/page_home/span_myTasks' is present

2018-08-16 16:38:18 - [TEST_STEP][PASSED] - verifyElementPresent: Object 'Object Repository/page_home/span_administration' is present

2018-08-16 16:38:18 - [MESSAGE][WARNING] - Timeout '0' is invalid. Using default page load timeout: '60'

2018-08-16 16:38:18 - [MESSAGE][PASSED] - Object 'Object Repository/page_home/span_administration' is present

2018-08-16 16:38:18 - [TEST_STEP][PASSED] - verifyElementPresent: Object 'Object Repository/page_home/span_exit' is present

2018-08-16 16:38:18 - [MESSAGE][WARNING] - Timeout '0' is invalid. Using default page load timeout: '60'

2018-08-16 16:38:18 - [MESSAGE][PASSED] - Object 'Object Repository/page_home/span_exit' is present

2018-08-16 16:38:18 - [MESSAGE][PASSED] - Call Test Case 'Test Cases/Base/Authorization' successfully

2018-08-16 16:38:18 - [TEST_STEP][PASSED] - click: Object: 'Object Repository/page_home/span_planning' is clicked on

2018-08-16 16:38:20 - [MESSAGE][PASSED] - Object: 'Object Repository/page_home/span_planning' is clicked on

2018-08-16 16:38:20 - [TEST_STEP][PASSED] - click: Object: 'Object Repository/page_planning/a_newBudget' is clicked on

2018-08-16 16:38:21 - [MESSAGE][PASSED] - Object: 'Object Repository/page_planning/a_newBudget' is clicked on

2018-08-16 16:38:21 - [TEST_STEP][PASSED] - Statement - new_budgetYear = com.kms.katalon.core.webui.keyword.WebUiBuiltInKeywords.modifyObjectProperty(com.kms.katalon.core.testobject.ObjectRepository.findTestObject(page_planning/page_year/radio_budgetYear), "value", "equals", BudgetYear, true): Modify property of object successfully

2018-08-16 16:38:21 - [MESSAGE][PASSED] - Modify property of object successfully

2018-08-16 16:38:21 - [TEST_STEP][PASSED] - check: Object 'Object Repository/page_planning/page_year/radio_budgetYear' is checked

2018-08-16 16:38:21 - [MESSAGE][PASSED] - Object 'Object Repository/page_planning/page_year/radio_budgetYear' is checked

2018-08-16 16:38:21 - [TEST_STEP][PASSED] - click: Object: 'Object Repository/page_planning/page_year/button_OK' is clicked on

2018-08-16 16:38:21 - [MESSAGE][PASSED] - Object: 'Object Repository/page_planning/page_year/button_OK' is clicked on

2018-08-16 16:38:21 - [TEST_STEP][PASSED] - verifyElementPresent: Object 'Object Repository/document_budget/btn_sourceFinancing' is present

2018-08-16 16:38:21 - [MESSAGE][WARNING] - Timeout '0' is invalid. Using default page load timeout: '60'

2018-08-16 16:38:23 - [MESSAGE][PASSED] - Object 'Object Repository/document_budget/btn_sourceFinancing' is present

2018-08-16 16:38:23 - [TEST_STEP][PASSED] - click: Object: 'Object Repository/document_budget/btn_sourceFinancing' is clicked on

2018-08-16 16:38:24 - [MESSAGE][PASSED] - Object: 'Object Repository/document_budget/btn_sourceFinancing' is clicked on

2018-08-16 16:38:24 - [TEST_STEP][PASSED] - setText: Text 'Бюджетные средства' is set on object 'Object Repository/document_budget/dictionary_sourceFinancing/find_sourceFinancing'

2018-08-16 16:38:24 - [MESSAGE][PASSED] - Text 'Бюджетные средства' is set on object 'Object Repository/document_budget/dictionary_sourceFinancing/find_sourceFinancing'

2018-08-16 16:38:24 - [TEST_STEP][PASSED] - click: Object: 'Object Repository/document_budget/dictionary_sourceFinancing/el_sourceFinancing' is clicked on

2018-08-16 16:38:24 - [MESSAGE][PASSED] - Object: 'Object Repository/document_budget/dictionary_sourceFinancing/el_sourceFinancing' is clicked on

2018-08-16 16:38:24 - [TEST_STEP][PASSED] - click: Object: 'Object Repository/document_budget/dictionary_sourceFinancing/btn_select' is clicked on

2018-08-16 16:38:24 - [MESSAGE][PASSED] - Object: 'Object Repository/document_budget/dictionary_sourceFinancing/btn_select' is clicked on

2018-08-16 16:38:24 - [TEST_STEP][PASSED] - click: Object: 'Object Repository/document_budget/btn_KBK' is clicked on

2018-08-16 16:38:25 - [MESSAGE][PASSED] - Object: 'Object Repository/document_budget/btn_KBK' is clicked on

2018-08-16 16:38:25 - [TEST_STEP][PASSED] - setText: Text '30301138930090059244' is set on object 'Object Repository/document_budget/dictionary_KBK/find_KBK'

2018-08-16 16:38:25 - [MESSAGE][PASSED] - Text '30301138930090059244' is set on object 'Object Repository/document_budget/dictionary_KBK/find_KBK'

2018-08-16 16:38:25 - [TEST_STEP][PASSED] - verifyElementPresent: Object 'Object Repository/document_budget/dictionary_KBK/check_KBK' is present

2018-08-16 16:38:25 - [MESSAGE][WARNING] - Timeout '0' is invalid. Using default page load timeout: '60'

2018-08-16 16:38:27 - [MESSAGE][PASSED] - Object 'Object Repository/document_budget/dictionary_KBK/check_KBK' is present

2018-08-16 16:38:27 - [TEST_STEP][PASSED] - click: Object: 'Object Repository/document_budget/dictionary_KBK/check_KBK' is clicked on

2018-08-16 16:38:28 - [MESSAGE][PASSED] - Object: 'Object Repository/document_budget/dictionary_KBK/check_KBK' is clicked on

2018-08-16 16:38:28 - [TEST_STEP][PASSED] - click: Object: 'Object Repository/document_budget/dictionary_KBK/btn_select' is clicked on

2018-08-16 16:38:28 - [MESSAGE][PASSED] - Object: 'Object Repository/document_budget/dictionary_KBK/btn_select' is clicked on

2018-08-16 16:38:28 - [TEST_STEP][PASSED] - setText: Text '1000000' is set on object 'Object Repository/document_budget/input_limitAmount'

2018-08-16 16:38:28 - [MESSAGE][PASSED] - Text '1000000' is set on object 'Object Repository/document_budget/input_limitAmount'

2018-08-16 16:38:28 - [TEST_STEP][PASSED] - waitForElementNotPresent: Web element with id: 'Object Repository/special/modal-backdrop fade' located by 'By.xpath: //*[@class = 'modal-backdrop fade']' is not present after '60' second(s)

2018-08-16 16:38:29 - [MESSAGE][PASSED] - Web element with id: 'Object Repository/special/modal-backdrop fade' located by 'By.xpath: //*[@class = 'modal-backdrop fade']' is not present after '60' second(s)

2018-08-16 16:38:29 - [TEST_STEP][PASSED] - click: Object: 'Object Repository/DOCUMENT/btn_save' is clicked on

2018-08-16 16:38:29 - [MESSAGE][PASSED] - Object: 'Object Repository/DOCUMENT/btn_save' is clicked on

2018-08-16 16:38:29 - [TEST_STEP][PASSED] - verifyElementPresent: Object 'Object Repository/DOCUMENT/btn_edit' is present

2018-08-16 16:38:29 - [MESSAGE][WARNING] - Timeout '0' is invalid. Using default page load timeout: '60'

2018-08-16 16:38:35 - [MESSAGE][PASSED] - Object 'Object Repository/DOCUMENT/btn_edit' is present]]></system-out>
         <system-err><![CDATA[]]></system-err>
      </testcase>
      <system-out><![CDATA[2018-08-16 16:38:04 - [TEST_SUITE][PASSED] - New Test Suite: Test Cases/Base/Create budget]]></system-out>
      <system-err><![CDATA[]]></system-err>
   </testsuite>
</testsuites>
