<?xml version="1.0" encoding="UTF-8"?>
<testsuites name="New Test Suite" time="0" tests="0" failures="0" errors="1">
   <testsuite name="New Test Suite" tests="0" failures="0" errors="1" time="0" timestamp="2018-08-09 08:41:25" hostname="ex64 - ex64" id="Test Suites/TEST/New Test Suite">
      <properties>
         <property name="deviceName" value=""/>
         <property name="devicePlatform" value=""/>
         <property name="logFolder" value="T:\\Katalon Studio\\E1\\Reports\\TEST\\New Test Suite\\20180809_084124"/>
         <property name="logFiles" value="T:\\Katalon Studio\\E1\\Reports\\TEST\\New Test Suite\\20180809_084124\\execution0.log"/>
         <property name="attachments" value=""/>
         <property name="hostName" value="ex64 - ex64"/>
         <property name="hostAddress" value="192.168.20.109"/>
         <property name="os" value="Windows 7 64bit"/>
         <property name="katalonVersion" value="5.6.0.1"/>
      </properties>
      <testcase name="Test Cases/Base/Activation" classname="Test Cases/Base/Activation" status="ERROR">
         <error type="ERROR" message="Test Cases/Base/Activation FAILED because (of) java.lang.IllegalArgumentException: Cannot find test data with id 'Data Files/Excel/Authorization' because (of) 'java.lang.IllegalArgumentException: Test data with id 'Data Files/Excel/Authorization' does not exist'"/>
         <system-out><![CDATA[2018-08-09 08:41:25 - [TEST_CASE][ERROR] - Test Cases/Base/Activation: Test Cases/Base/Activation FAILED because (of) java.lang.IllegalArgumentException: Cannot find test data with id 'Data Files/Excel/Authorization' because (of) 'java.lang.IllegalArgumentException: Test data with id 'Data Files/Excel/Authorization' does not exist'

2018-08-09 08:41:26 - [TEST_STEP][PASSED] - callTestCase: Finding test data with id 'Data Files/Excel/Authorization']]></system-out>
         <system-err><![CDATA[2018-08-09 08:41:25 - [TEST_CASE][ERROR] - Test Cases/Base/Activation: Test Cases/Base/Activation FAILED because (of) java.lang.IllegalArgumentException: Cannot find test data with id 'Data Files/Excel/Authorization' because (of) 'java.lang.IllegalArgumentException: Test data with id 'Data Files/Excel/Authorization' does not exist']]></system-err>
      </testcase>
      <system-out><![CDATA[2018-08-09 08:41:25 - [TEST_SUITE][ERROR] - New Test Suite: Test Cases/Base/Activation FAILED because (of) java.lang.IllegalArgumentException: Cannot find test data with id 'Data Files/Excel/Authorization' because (of) 'java.lang.IllegalArgumentException: Test data with id 'Data Files/Excel/Authorization' does not exist']]></system-out>
      <system-err><![CDATA[2018-08-09 08:41:25 - [TEST_SUITE][ERROR] - New Test Suite: Test Cases/Base/Activation FAILED because (of) java.lang.IllegalArgumentException: Cannot find test data with id 'Data Files/Excel/Authorization' because (of) 'java.lang.IllegalArgumentException: Test data with id 'Data Files/Excel/Authorization' does not exist']]></system-err>
   </testsuite>
</testsuites>
