<?xml version="1.0" encoding="UTF-8"?>
<testsuites name="Activation_gmail" time="19" tests="1" failures="0" errors="0">
   <testsuite name="Activation_gmail" tests="1" failures="0" errors="0" time="19" timestamp="2018-08-28 13:39:26" hostname="ex64 - ex64" id="Test Suites/Scenario1/Activation_gmail">
      <properties>
         <property name="deviceName" value=""/>
         <property name="devicePlatform" value=""/>
         <property name="logFolder" value="T:\\Katalon Studio\\E1\\Reports\\Scenario1\\Activation_gmail\\20180828_133805"/>
         <property name="logFiles" value="T:\\Katalon Studio\\E1\\Reports\\Scenario1\\Activation_gmail\\20180828_133805\\execution0.log"/>
         <property name="attachments" value=""/>
         <property name="hostName" value="ex64 - ex64"/>
         <property name="os" value="Windows 7 64bit"/>
         <property name="katalonVersion" value="5.6.1.1"/>
         <property name="browser" value="Firefox 61.0"/>
         <property name="hostAddress" value="192.168.20.109"/>
         <property name="sessionId" value="f9723b36-05c3-4854-aa10-af00dbb25809"/>
         <property name="seleniumVersion" value="3.7.1"/>
         <property name="proxyInformation" value="ProxyInformation{proxyOption=NO_PROXY, proxyServerType=HTTP, password=, proxyServerAddress=, proxyServerPort=0}"/>
         <property name="platform" value="Windows 7"/>
      </properties>
      <testcase name="Test Cases/Base/Activation_gmail" classname="Test Cases/Base/Activation_gmail" status="PASSED">
         <system-out><![CDATA[2018-08-28 13:39:27 - [TEST_CASE][PASSED] - Test Cases/Base/Activation_gmail: Test Cases/Base/Activation_gmail

2018-08-28 13:39:27 - [TEST_STEP][PASSED] - openBrowser: Browser is opened with url: 'https://mail.google.com'

2018-08-28 13:39:33 - [MESSAGE][PASSED] - Browser is opened with url: 'https://mail.google.com'

2018-08-28 13:39:33 - [TEST_STEP][PASSED] - setText: Text 'test.cognitive@gmail.com' is set on object 'Object Repository/page_gmail/input_email'

2018-08-28 13:39:34 - [MESSAGE][PASSED] - Text 'test.cognitive@gmail.com' is set on object 'Object Repository/page_gmail/input_email'

2018-08-28 13:39:34 - [TEST_STEP][PASSED] - sendKeys: Keys 'ENTER + ' sent to object: 'Object Repository/page_gmail/input_email'

2018-08-28 13:39:34 - [MESSAGE][PASSED] - Keys 'ENTER + ' sent to object: 'Object Repository/page_gmail/input_email'

2018-08-28 13:39:34 - [TEST_STEP][PASSED] - waitForElementPresent: Object 'Object Repository/page_gmail/input_password' is present

2018-08-28 13:39:34 - [MESSAGE][PASSED] - Object 'Object Repository/page_gmail/input_password' is present

2018-08-28 13:39:34 - [TEST_STEP][PASSED] - setText: Text 'TestDepartment2016' is set on object 'Object Repository/page_gmail/input_password'

2018-08-28 13:39:34 - [MESSAGE][PASSED] - Text 'TestDepartment2016' is set on object 'Object Repository/page_gmail/input_password'

2018-08-28 13:39:34 - [TEST_STEP][PASSED] - sendKeys: Keys 'ENTER + ' sent to object: 'Object Repository/page_gmail/input_password'

2018-08-28 13:39:35 - [MESSAGE][PASSED] - Keys 'ENTER + ' sent to object: 'Object Repository/page_gmail/input_password'

2018-08-28 13:39:35 - [TEST_STEP][PASSED] - click: Object: 'Object Repository/page_gmail/mail' is clicked on

2018-08-28 13:39:39 - [MESSAGE][PASSED] - Object: 'Object Repository/page_gmail/mail' is clicked on

2018-08-28 13:39:39 - [TEST_STEP][PASSED] - Statement - url_activation = com.kms.katalon.core.webui.keyword.WebUiBuiltInKeywords.getAttribute(com.kms.katalon.core.testobject.ObjectRepository.findTestObject(page_gmail/mail_url), "href"): Attribute 'href' of object 'Object Repository/page_gmail/mail_url' is: 'http://192.168.20.68/edo/Account/Confirm?actionName=register&actionUser=autoui22&actionKey=cb6b92dc-8bb5-4dd6-b665-e2b8fb963193'

2018-08-28 13:39:40 - [MESSAGE][PASSED] - Attribute 'href' of object 'Object Repository/page_gmail/mail_url' is: 'http://192.168.20.68/edo/Account/Confirm?actionName=register&actionUser=autoui22&actionKey=cb6b92dc-8bb5-4dd6-b665-e2b8fb963193'

2018-08-28 13:39:40 - [TEST_STEP][PASSED] - navigateToUrl: Navigate to 'http://192.168.20.68/edo/Account/Confirm?actionName=register&actionUser=autoui22&actionKey=cb6b92dc-8bb5-4dd6-b665-e2b8fb963193' successfully

2018-08-28 13:39:43 - [MESSAGE][PASSED] - Navigate to 'http://192.168.20.68/edo/Account/Confirm?actionName=register&actionUser=autoui22&actionKey=cb6b92dc-8bb5-4dd6-b665-e2b8fb963193' successfully

2018-08-28 13:39:43 - [TEST_STEP][PASSED] - waitForElementPresent: Object 'Object Repository/page_gmail/message_pass' is present

2018-08-28 13:39:43 - [MESSAGE][PASSED] - Object 'Object Repository/page_gmail/message_pass' is present]]></system-out>
         <system-err><![CDATA[]]></system-err>
      </testcase>
      <system-out><![CDATA[2018-08-28 13:39:26 - [TEST_SUITE][PASSED] - Activation_gmail: Test Cases/Base/Activation_gmail]]></system-out>
      <system-err><![CDATA[]]></system-err>
   </testsuite>
</testsuites>
