<?xml version="1.0" encoding="UTF-8"?>
<testsuites name="Create schedule plan" time="147" tests="0" failures="1" errors="0">
   <testsuite name="Create schedule plan" tests="0" failures="1" errors="0" time="147" timestamp="2018-08-28 14:03:05" hostname="ex64 - ex64" id="Test Suites/Scenario1/Create schedule plan">
      <properties>
         <property name="deviceName" value=""/>
         <property name="devicePlatform" value=""/>
         <property name="logFolder" value="T:\\Katalon Studio\\E1\\Reports\\Scenario1\\Create schedule plan\\20180828_134430"/>
         <property name="logFiles" value="T:\\Katalon Studio\\E1\\Reports\\Scenario1\\Create schedule plan\\20180828_134430\\execution0.log"/>
         <property name="attachments" value="T:\\Katalon Studio\\E1\\Reports\\Scenario1\\Create schedule plan\\20180828_134430\\1535454329915.png"/>
         <property name="hostName" value="ex64 - ex64"/>
         <property name="os" value="Windows 7 64bit"/>
         <property name="katalonVersion" value="5.6.1.1"/>
         <property name="browser" value="Firefox 61.0"/>
         <property name="hostAddress" value="192.168.20.109"/>
         <property name="sessionId" value="c792673e-32c0-4c8f-b0b1-94ab1d4b9f6b"/>
         <property name="seleniumVersion" value="3.7.1"/>
         <property name="proxyInformation" value="ProxyInformation{proxyOption=NO_PROXY, proxyServerType=HTTP, password=, proxyServerAddress=, proxyServerPort=0}"/>
         <property name="platform" value="Windows 7"/>
      </properties>
      <testcase name="Test Cases/Base/Schedule plan/Create schedule plan" classname="Test Cases/Base/Schedule plan/Create schedule plan" status="FAILED">
         <failure type="FAILED" message="Unable to click on object 'Object Repository/document_purchasePlan/button_otv' (Root cause: com.kms.katalon.core.webui.exception.WebElementNotFoundException: Web element with id: 'Object Repository/document_purchasePlan/button_otv' located by 'By.xpath: //div[contains(@data-field-name,'Ответственный')]//button[@name='Otv']' not found)"/>
         <system-out><![CDATA[2018-08-28 14:03:05 - [TEST_CASE][FAILED] - Test Cases/Base/Schedule plan/Create schedule plan: Test Cases/Base/Schedule plan/Create schedule plan FAILED because (of) Unable to click on object 'Object Repository/document_purchasePlan/button_otv' (Root cause: com.kms.katalon.core.webui.exception.WebElementNotFoundException: Web element with id: 'Object Repository/document_purchasePlan/button_otv' located by 'By.xpath: //div[contains(@data-field-name,'Ответственный')]//button[@name='Otv']' not found)

2018-08-28 14:03:05 - [TEST_STEP][PASSED] - callTestCase: Call Test Case 'Test Cases/Base/Authorization' successfully

2018-08-28 14:03:05 - [TEST_CASE][PASSED] - Test Cases/Base/Authorization: Test Cases/Base/Authorization

2018-08-28 14:03:06 - [TEST_STEP][PASSED] - openBrowser: Browser is opened with url: 'http://10.100.70.20/edo'

2018-08-28 14:03:15 - [MESSAGE][PASSED] - Browser is opened with url: 'http://10.100.70.20/edo'

2018-08-28 14:03:15 - [TEST_STEP][PASSED] - deleteAllCookies: Delete all cookies successfully

2018-08-28 14:03:15 - [MESSAGE][PASSED] - Delete all cookies successfully

2018-08-28 14:03:15 - [TEST_STEP][PASSED] - refresh: Refresh successfully

2018-08-28 14:03:18 - [MESSAGE][PASSED] - Refresh successfully

2018-08-28 14:03:18 - [TEST_STEP][PASSED] - maximizeWindow: Current window maximized

2018-08-28 14:03:18 - [MESSAGE][PASSED] - Current window maximized

2018-08-28 14:03:18 - [TEST_STEP][PASSED] - setText: Text 'autoui202' is set on object 'Object Repository/page_authorization/input_login'

2018-08-28 14:03:18 - [MESSAGE][PASSED] - Text 'autoui202' is set on object 'Object Repository/page_authorization/input_login'

2018-08-28 14:03:18 - [TEST_STEP][PASSED] - setText: Text 'Gfhjkm123' is set on object 'Object Repository/page_authorization/input_password'

2018-08-28 14:03:18 - [MESSAGE][PASSED] - Text 'Gfhjkm123' is set on object 'Object Repository/page_authorization/input_password'

2018-08-28 14:03:18 - [TEST_STEP][PASSED] - click: Object: 'Object Repository/page_authorization/button_come' is clicked on

2018-08-28 14:03:21 - [MESSAGE][PASSED] - Object: 'Object Repository/page_authorization/button_come' is clicked on

2018-08-28 14:03:21 - [TEST_STEP][PASSED] - waitForElementPresent: Object 'Object Repository/page_home/span_exit' is present

2018-08-28 14:03:21 - [MESSAGE][PASSED] - Object 'Object Repository/page_home/span_exit' is present

2018-08-28 14:03:21 - [MESSAGE][PASSED] - Call Test Case 'Test Cases/Base/Authorization' successfully

2018-08-28 14:03:21 - [TEST_STEP][PASSED] - click: Object: 'Object Repository/page_home/span_planning' is clicked on

2018-08-28 14:03:23 - [MESSAGE][PASSED] - Object: 'Object Repository/page_home/span_planning' is clicked on

2018-08-28 14:03:23 - [TEST_STEP][PASSED] - click: Object: 'Object Repository/menu_planning/a_schedulePlan' is clicked on

2018-08-28 14:03:25 - [MESSAGE][PASSED] - Object: 'Object Repository/menu_planning/a_schedulePlan' is clicked on

2018-08-28 14:03:25 - [TEST_STEP][PASSED] - click: Object: 'Object Repository/menu_planning/btn_newPurchasePlan' is clicked on

2018-08-28 14:03:26 - [MESSAGE][PASSED] - Object: 'Object Repository/menu_planning/btn_newPurchasePlan' is clicked on

2018-08-28 14:03:26 - [TEST_STEP][PASSED] - Statement - new_budgetYear = com.kms.katalon.core.webui.keyword.WebUiBuiltInKeywords.modifyObjectProperty(com.kms.katalon.core.testobject.ObjectRepository.findTestObject(menu_planning/page_year/radio_budgetYear), "value", "equals", BudgetYear, true): Modify property of object successfully

2018-08-28 14:03:26 - [MESSAGE][PASSED] - Modify property of object successfully

2018-08-28 14:03:26 - [TEST_STEP][PASSED] - check: Object 'Object Repository/menu_planning/page_year/radio_budgetYear' is checked

2018-08-28 14:03:26 - [MESSAGE][PASSED] - Object 'Object Repository/menu_planning/page_year/radio_budgetYear' is checked

2018-08-28 14:03:26 - [TEST_STEP][PASSED] - click: Object: 'Object Repository/menu_planning/page_year/button_OK' is clicked on

2018-08-28 14:03:26 - [MESSAGE][PASSED] - Object: 'Object Repository/menu_planning/page_year/button_OK' is clicked on

2018-08-28 14:03:26 - [TEST_STEP][FAILED] - click: Unable to click on object 'Object Repository/document_purchasePlan/button_otv' (Root cause: com.kms.katalon.core.webui.exception.WebElementNotFoundException: Web element with id: 'Object Repository/document_purchasePlan/button_otv' located by 'By.xpath: //div[contains(@data-field-name,'Ответственный')]//button[@name='Otv']' not found)

2018-08-28 14:05:30 - [MESSAGE][FAILED] - Unable to click on object 'Object Repository/document_purchasePlan/button_otv' (Root cause: com.kms.katalon.core.webui.exception.WebElementNotFoundException: Web element with id: 'Object Repository/document_purchasePlan/button_otv' located by 'By.xpath: //div[contains(@data-field-name,'Ответственный')]//button[@name='Otv']' not found)
[[ATTACHMENT|T:\\Katalon Studio\\E1\\Reports\\Scenario1\\Create schedule plan\\20180828_134430\\1535454329915.png]]]]></system-out>
         <system-err><![CDATA[2018-08-28 14:03:05 - [TEST_CASE][FAILED] - Test Cases/Base/Schedule plan/Create schedule plan: Test Cases/Base/Schedule plan/Create schedule plan FAILED because (of) Unable to click on object 'Object Repository/document_purchasePlan/button_otv' (Root cause: com.kms.katalon.core.webui.exception.WebElementNotFoundException: Web element with id: 'Object Repository/document_purchasePlan/button_otv' located by 'By.xpath: //div[contains(@data-field-name,'Ответственный')]//button[@name='Otv']' not found)]]></system-err>
      </testcase>
      <system-out><![CDATA[2018-08-28 14:03:05 - [TEST_SUITE][FAILED] - Create schedule plan: Test Cases/Base/Schedule plan/Create schedule plan FAILED because (of) Unable to click on object 'Object Repository/document_purchasePlan/button_otv' (Root cause: com.kms.katalon.core.webui.exception.WebElementNotFoundException: Web element with id: 'Object Repository/document_purchasePlan/button_otv' located by 'By.xpath: //div[contains(@data-field-name,'Ответственный')]//button[@name='Otv']' not found)]]></system-out>
      <system-err><![CDATA[2018-08-28 14:03:05 - [TEST_SUITE][FAILED] - Create schedule plan: Test Cases/Base/Schedule plan/Create schedule plan FAILED because (of) Unable to click on object 'Object Repository/document_purchasePlan/button_otv' (Root cause: com.kms.katalon.core.webui.exception.WebElementNotFoundException: Web element with id: 'Object Repository/document_purchasePlan/button_otv' located by 'By.xpath: //div[contains(@data-field-name,'Ответственный')]//button[@name='Otv']' not found)]]></system-err>
   </testsuite>
</testsuites>
