<?xml version="1.0" encoding="UTF-8"?>
<testsuites name="Activation" time="75" tests="1" failures="0" errors="0">
   <testsuite name="Activation" tests="1" failures="0" errors="0" time="75" timestamp="2018-08-16 16:29:55" hostname="ex64 - ex64" id="Test Suites/Scenario1/Activation">
      <properties>
         <property name="deviceName" value=""/>
         <property name="devicePlatform" value=""/>
         <property name="logFolder" value="T:\\Katalon Studio\\E1\\Reports\\Scenario1\\Activation\\20180816_162717"/>
         <property name="logFiles" value="T:\\Katalon Studio\\E1\\Reports\\Scenario1\\Activation\\20180816_162717\\execution0.log"/>
         <property name="attachments" value=""/>
         <property name="hostName" value="ex64 - ex64"/>
         <property name="os" value="Windows 7 64bit"/>
         <property name="katalonVersion" value="5.6.0.1"/>
         <property name="browser" value="Firefox 61.0"/>
         <property name="hostAddress" value="192.168.20.109"/>
         <property name="sessionId" value="348dd77d-3f53-4641-9edb-e002ff54abc2"/>
         <property name="seleniumVersion" value="3.7.1"/>
         <property name="proxyInformation" value="ProxyInformation{proxyOption=NO_PROXY, proxyServerType=HTTP, password=, proxyServerAddress=, proxyServerPort=0}"/>
         <property name="platform" value="Windows 7"/>
      </properties>
      <testcase name="Test Cases/Base/Activation" classname="Test Cases/Base/Activation" status="PASSED">
         <system-out><![CDATA[2018-08-16 16:29:56 - [TEST_CASE][PASSED] - Test Cases/Base/Activation: Test Cases/Base/Activation

2018-08-16 16:29:56 - [TEST_STEP][PASSED] - callTestCase: Call Test Case 'Test Cases/Base/Authorization' successfully

2018-08-16 16:29:56 - [TEST_CASE][PASSED] - Test Cases/Base/Authorization: Test Cases/Base/Authorization

2018-08-16 16:29:56 - [TEST_STEP][PASSED] - openBrowser: Browser is opened with url: 'http://10.100.70.20/edo'

2018-08-16 16:30:04 - [MESSAGE][PASSED] - Browser is opened with url: 'http://10.100.70.20/edo'

2018-08-16 16:30:04 - [TEST_STEP][PASSED] - maximizeWindow: Current window maximized

2018-08-16 16:30:04 - [MESSAGE][PASSED] - Current window maximized

2018-08-16 16:30:04 - [TEST_STEP][PASSED] - verifyElementPresent: Object 'Object Repository/page_authorization/input_login' is present

2018-08-16 16:30:04 - [MESSAGE][WARNING] - Timeout '0' is invalid. Using default page load timeout: '60'

2018-08-16 16:30:04 - [MESSAGE][PASSED] - Object 'Object Repository/page_authorization/input_login' is present

2018-08-16 16:30:04 - [TEST_STEP][PASSED] - verifyElementPresent: Object 'Object Repository/page_authorization/input_password' is present

2018-08-16 16:30:04 - [MESSAGE][WARNING] - Timeout '0' is invalid. Using default page load timeout: '60'

2018-08-16 16:30:04 - [MESSAGE][PASSED] - Object 'Object Repository/page_authorization/input_password' is present

2018-08-16 16:30:04 - [TEST_STEP][PASSED] - verifyElementPresent: Object 'Object Repository/page_authorization/button_come' is present

2018-08-16 16:30:04 - [MESSAGE][WARNING] - Timeout '0' is invalid. Using default page load timeout: '60'

2018-08-16 16:30:04 - [MESSAGE][PASSED] - Object 'Object Repository/page_authorization/button_come' is present

2018-08-16 16:30:04 - [TEST_STEP][PASSED] - verifyElementPresent: Object 'Object Repository/page_authorization/button_comeEP' is present

2018-08-16 16:30:04 - [MESSAGE][WARNING] - Timeout '0' is invalid. Using default page load timeout: '60'

2018-08-16 16:30:04 - [MESSAGE][PASSED] - Object 'Object Repository/page_authorization/button_comeEP' is present

2018-08-16 16:30:04 - [TEST_STEP][PASSED] - verifyElementPresent: Object 'Object Repository/page_authorization/a_registry' is present

2018-08-16 16:30:04 - [MESSAGE][WARNING] - Timeout '0' is invalid. Using default page load timeout: '60'

2018-08-16 16:30:05 - [MESSAGE][PASSED] - Object 'Object Repository/page_authorization/a_registry' is present

2018-08-16 16:30:05 - [TEST_STEP][PASSED] - verifyElementPresent: Object 'Object Repository/page_authorization/a_passwordRecovery' is present

2018-08-16 16:30:05 - [MESSAGE][WARNING] - Timeout '0' is invalid. Using default page load timeout: '60'

2018-08-16 16:30:05 - [MESSAGE][PASSED] - Object 'Object Repository/page_authorization/a_passwordRecovery' is present

2018-08-16 16:30:05 - [TEST_STEP][PASSED] - setText: Text 'aaermolin' is set on object 'Object Repository/page_authorization/input_login'

2018-08-16 16:30:05 - [MESSAGE][PASSED] - Text 'aaermolin' is set on object 'Object Repository/page_authorization/input_login'

2018-08-16 16:30:05 - [TEST_STEP][PASSED] - setText: Text 'Gfhjkm1' is set on object 'Object Repository/page_authorization/input_password'

2018-08-16 16:30:05 - [MESSAGE][PASSED] - Text 'Gfhjkm1' is set on object 'Object Repository/page_authorization/input_password'

2018-08-16 16:30:05 - [TEST_STEP][PASSED] - click: Object: 'Object Repository/page_authorization/button_come' is clicked on

2018-08-16 16:30:10 - [MESSAGE][PASSED] - Object: 'Object Repository/page_authorization/button_come' is clicked on

2018-08-16 16:30:10 - [TEST_STEP][PASSED] - verifyElementPresent: Object 'Object Repository/page_home/span_myTasks' is present

2018-08-16 16:30:10 - [MESSAGE][WARNING] - Timeout '0' is invalid. Using default page load timeout: '60'

2018-08-16 16:30:26 - [MESSAGE][PASSED] - Object 'Object Repository/page_home/span_myTasks' is present

2018-08-16 16:30:26 - [TEST_STEP][PASSED] - verifyElementPresent: Object 'Object Repository/page_home/span_administration' is present

2018-08-16 16:30:26 - [MESSAGE][WARNING] - Timeout '0' is invalid. Using default page load timeout: '60'

2018-08-16 16:30:26 - [MESSAGE][PASSED] - Object 'Object Repository/page_home/span_administration' is present

2018-08-16 16:30:26 - [TEST_STEP][PASSED] - verifyElementPresent: Object 'Object Repository/page_home/span_exit' is present

2018-08-16 16:30:26 - [MESSAGE][WARNING] - Timeout '0' is invalid. Using default page load timeout: '60'

2018-08-16 16:30:26 - [MESSAGE][PASSED] - Object 'Object Repository/page_home/span_exit' is present

2018-08-16 16:30:26 - [MESSAGE][PASSED] - Call Test Case 'Test Cases/Base/Authorization' successfully

2018-08-16 16:30:26 - [TEST_STEP][PASSED] - click: Object: 'Object Repository/page_home/span_administration' is clicked on

2018-08-16 16:30:32 - [MESSAGE][PASSED] - Object: 'Object Repository/page_home/span_administration' is clicked on

2018-08-16 16:30:32 - [TEST_STEP][PASSED] - click: Object: 'Object Repository/page_administration/page_activation/user' is clicked on

2018-08-16 16:30:44 - [MESSAGE][PASSED] - Object: 'Object Repository/page_administration/page_activation/user' is clicked on

2018-08-16 16:30:44 - [TEST_STEP][PASSED] - setText: Text 'autoui80' is set on object 'Object Repository/page_administration/page_activation/input_user'

2018-08-16 16:30:44 - [MESSAGE][PASSED] - Text 'autoui80' is set on object 'Object Repository/page_administration/page_activation/input_user'

2018-08-16 16:30:44 - [TEST_STEP][PASSED] - sendKeys: Keys 'ENTER + ' sent to object: 'Object Repository/page_administration/page_activation/input_user'

2018-08-16 16:30:44 - [MESSAGE][PASSED] - Keys 'ENTER + ' sent to object: 'Object Repository/page_administration/page_activation/input_user'

2018-08-16 16:30:44 - [TEST_STEP][PASSED] - click: Object: 'Object Repository/page_administration/page_activation/input_workGroup' is clicked on

2018-08-16 16:30:44 - [MESSAGE][PASSED] - Object: 'Object Repository/page_administration/page_activation/input_workGroup' is clicked on

2018-08-16 16:30:44 - [TEST_STEP][PASSED] - click: Object: 'Object Repository/page_administration/page_activation/item_IZ44fz' is clicked on

2018-08-16 16:30:44 - [MESSAGE][PASSED] - Object: 'Object Repository/page_administration/page_activation/item_IZ44fz' is clicked on

2018-08-16 16:30:44 - [TEST_STEP][PASSED] - click: Object: 'Object Repository/page_administration/page_activation/input_workGroup' is clicked on

2018-08-16 16:30:45 - [MESSAGE][PASSED] - Object: 'Object Repository/page_administration/page_activation/input_workGroup' is clicked on

2018-08-16 16:30:45 - [TEST_STEP][PASSED] - click: Object: 'Object Repository/page_administration/page_activation/item_approve44fz' is clicked on

2018-08-16 16:30:45 - [MESSAGE][PASSED] - Object: 'Object Repository/page_administration/page_activation/item_approve44fz' is clicked on

2018-08-16 16:30:45 - [TEST_STEP][PASSED] - click: Object: 'Object Repository/page_administration/page_activation/input_workGroup' is clicked on

2018-08-16 16:30:45 - [MESSAGE][PASSED] - Object: 'Object Repository/page_administration/page_activation/input_workGroup' is clicked on

2018-08-16 16:30:45 - [TEST_STEP][PASSED] - click: Object: 'Object Repository/page_administration/page_activation/item_agreement44fz' is clicked on

2018-08-16 16:30:45 - [MESSAGE][PASSED] - Object: 'Object Repository/page_administration/page_activation/item_agreement44fz' is clicked on

2018-08-16 16:30:45 - [TEST_STEP][PASSED] - click: Object: 'Object Repository/page_administration/page_activation/button_save' is clicked on

2018-08-16 16:30:51 - [MESSAGE][PASSED] - Object: 'Object Repository/page_administration/page_activation/button_save' is clicked on

2018-08-16 16:30:51 - [TEST_STEP][PASSED] - verifyElementPresent: Object 'Object Repository/page_administration/page_activation/message_pass' is present

2018-08-16 16:30:51 - [MESSAGE][WARNING] - Timeout '0' is invalid. Using default page load timeout: '60'

2018-08-16 16:31:08 - [MESSAGE][PASSED] - Object 'Object Repository/page_administration/page_activation/message_pass' is present]]></system-out>
         <system-err><![CDATA[]]></system-err>
      </testcase>
      <system-out><![CDATA[2018-08-16 16:29:55 - [TEST_SUITE][PASSED] - Activation: Test Cases/Base/Activation]]></system-out>
      <system-err><![CDATA[]]></system-err>
   </testsuite>
</testsuites>
