<?xml version="1.0" encoding="UTF-8"?>
<testsuites name="New Test Suite" time="106" tests="1" failures="0" errors="0">
   <testsuite name="New Test Suite" tests="1" failures="0" errors="0" time="106" timestamp="2018-08-16 16:43:14" hostname="ex64 - ex64" id="Test Suites/TEST/New Test Suite">
      <properties>
         <property name="deviceName" value=""/>
         <property name="devicePlatform" value=""/>
         <property name="logFolder" value="T:\\Katalon Studio\\E1\\Reports\\TEST\\New Test Suite\\20180816_164313"/>
         <property name="logFiles" value="T:\\Katalon Studio\\E1\\Reports\\TEST\\New Test Suite\\20180816_164313\\execution0.log, T:\\Katalon Studio\\E1\\Reports\\TEST\\New Test Suite\\20180816_164313\\IEDriverServer.log"/>
         <property name="attachments" value=""/>
         <property name="hostName" value="ex64 - ex64"/>
         <property name="os" value="Windows 7 64bit"/>
         <property name="katalonVersion" value="5.6.0.1"/>
         <property name="browser" value="IE 11"/>
         <property name="hostAddress" value="192.168.20.109"/>
         <property name="sessionId" value="3df4fd3c-1d16-4f38-b63b-ca129b3e491a"/>
         <property name="seleniumVersion" value="3.7.1"/>
         <property name="proxyInformation" value="ProxyInformation{proxyOption=NO_PROXY, proxyServerType=HTTP, password=, proxyServerAddress=, proxyServerPort=0}"/>
         <property name="platform" value="Windows 7"/>
      </properties>
      <testcase name="Test Cases/Base/Purchase plan/Appruval route purchase plan" classname="Test Cases/Base/Purchase plan/Appruval route purchase plan" status="PASSED">
         <system-out><![CDATA[2018-08-16 16:43:14 - [TEST_CASE][PASSED] - Test Cases/Base/Purchase plan/Appruval route purchase plan: Test Cases/Base/Purchase plan/Appruval route purchase plan

2018-08-16 16:43:15 - [TEST_STEP][PASSED] - callTestCase: Call Test Case 'Test Cases/Base/Authorization' successfully

2018-08-16 16:43:15 - [TEST_CASE][PASSED] - Test Cases/Base/Authorization: Test Cases/Base/Authorization

2018-08-16 16:43:15 - [TEST_STEP][PASSED] - openBrowser: Browser is opened with url: 'http://10.100.70.20/edo'

2018-08-16 16:43:21 - [MESSAGE][PASSED] - Browser is opened with url: 'http://10.100.70.20/edo'

2018-08-16 16:43:21 - [TEST_STEP][PASSED] - maximizeWindow: Current window maximized

2018-08-16 16:43:21 - [MESSAGE][PASSED] - Current window maximized

2018-08-16 16:43:21 - [TEST_STEP][PASSED] - verifyElementPresent: Object 'Object Repository/page_authorization/input_login' is present

2018-08-16 16:43:21 - [MESSAGE][WARNING] - Timeout '0' is invalid. Using default page load timeout: '60'

2018-08-16 16:43:21 - [MESSAGE][PASSED] - Object 'Object Repository/page_authorization/input_login' is present

2018-08-16 16:43:21 - [TEST_STEP][PASSED] - verifyElementPresent: Object 'Object Repository/page_authorization/input_password' is present

2018-08-16 16:43:21 - [MESSAGE][WARNING] - Timeout '0' is invalid. Using default page load timeout: '60'

2018-08-16 16:43:21 - [MESSAGE][PASSED] - Object 'Object Repository/page_authorization/input_password' is present

2018-08-16 16:43:21 - [TEST_STEP][PASSED] - verifyElementPresent: Object 'Object Repository/page_authorization/button_come' is present

2018-08-16 16:43:21 - [MESSAGE][WARNING] - Timeout '0' is invalid. Using default page load timeout: '60'

2018-08-16 16:43:21 - [MESSAGE][PASSED] - Object 'Object Repository/page_authorization/button_come' is present

2018-08-16 16:43:21 - [TEST_STEP][PASSED] - verifyElementPresent: Object 'Object Repository/page_authorization/button_comeEP' is present

2018-08-16 16:43:21 - [MESSAGE][WARNING] - Timeout '0' is invalid. Using default page load timeout: '60'

2018-08-16 16:43:21 - [MESSAGE][PASSED] - Object 'Object Repository/page_authorization/button_comeEP' is present

2018-08-16 16:43:21 - [TEST_STEP][PASSED] - verifyElementPresent: Object 'Object Repository/page_authorization/a_registry' is present

2018-08-16 16:43:21 - [MESSAGE][WARNING] - Timeout '0' is invalid. Using default page load timeout: '60'

2018-08-16 16:43:21 - [MESSAGE][PASSED] - Object 'Object Repository/page_authorization/a_registry' is present

2018-08-16 16:43:21 - [TEST_STEP][PASSED] - verifyElementPresent: Object 'Object Repository/page_authorization/a_passwordRecovery' is present

2018-08-16 16:43:21 - [MESSAGE][WARNING] - Timeout '0' is invalid. Using default page load timeout: '60'

2018-08-16 16:43:21 - [MESSAGE][PASSED] - Object 'Object Repository/page_authorization/a_passwordRecovery' is present

2018-08-16 16:43:21 - [TEST_STEP][PASSED] - setText: Text 'autoui80' is set on object 'Object Repository/page_authorization/input_login'

2018-08-16 16:43:22 - [MESSAGE][PASSED] - Text 'autoui80' is set on object 'Object Repository/page_authorization/input_login'

2018-08-16 16:43:22 - [TEST_STEP][PASSED] - setText: Text 'Gfhjkm123' is set on object 'Object Repository/page_authorization/input_password'

2018-08-16 16:43:23 - [MESSAGE][PASSED] - Text 'Gfhjkm123' is set on object 'Object Repository/page_authorization/input_password'

2018-08-16 16:43:23 - [TEST_STEP][PASSED] - click: Object: 'Object Repository/page_authorization/button_come' is clicked on

2018-08-16 16:43:27 - [MESSAGE][PASSED] - Object: 'Object Repository/page_authorization/button_come' is clicked on

2018-08-16 16:43:27 - [TEST_STEP][PASSED] - verifyElementPresent: Object 'Object Repository/page_home/span_myTasks' is present

2018-08-16 16:43:27 - [MESSAGE][WARNING] - Timeout '0' is invalid. Using default page load timeout: '60'

2018-08-16 16:43:27 - [MESSAGE][PASSED] - Object 'Object Repository/page_home/span_myTasks' is present

2018-08-16 16:43:27 - [TEST_STEP][PASSED] - verifyElementPresent: Object 'Object Repository/page_home/span_administration' is present

2018-08-16 16:43:27 - [MESSAGE][WARNING] - Timeout '0' is invalid. Using default page load timeout: '60'

2018-08-16 16:43:27 - [MESSAGE][PASSED] - Object 'Object Repository/page_home/span_administration' is present

2018-08-16 16:43:27 - [TEST_STEP][PASSED] - verifyElementPresent: Object 'Object Repository/page_home/span_exit' is present

2018-08-16 16:43:27 - [MESSAGE][WARNING] - Timeout '0' is invalid. Using default page load timeout: '60'

2018-08-16 16:43:27 - [MESSAGE][PASSED] - Object 'Object Repository/page_home/span_exit' is present

2018-08-16 16:43:27 - [MESSAGE][PASSED] - Call Test Case 'Test Cases/Base/Authorization' successfully

2018-08-16 16:43:27 - [TEST_STEP][PASSED] - click: Object: 'Object Repository/my_tasks/menu_performance' is clicked on

2018-08-16 16:43:31 - [MESSAGE][PASSED] - Object: 'Object Repository/my_tasks/menu_performance' is clicked on

2018-08-16 16:43:31 - [TEST_STEP][PASSED] - click: Object: 'Object Repository/my_tasks/span_approval' is clicked on

2018-08-16 16:43:34 - [MESSAGE][PASSED] - Object: 'Object Repository/my_tasks/span_approval' is clicked on

2018-08-16 16:43:34 - [TEST_STEP][PASSED] - click: Object: 'Object Repository/my_tasks/act_menu' is clicked on

2018-08-16 16:43:36 - [MESSAGE][PASSED] - Object: 'Object Repository/my_tasks/act_menu' is clicked on

2018-08-16 16:43:36 - [TEST_STEP][PASSED] - click: Object: 'Object Repository/my_tasks/act_approval' is clicked on

2018-08-16 16:43:37 - [MESSAGE][PASSED] - Object: 'Object Repository/my_tasks/act_approval' is clicked on

2018-08-16 16:43:37 - [TEST_STEP][PASSED] - callTestCase: Call Test Case 'Test Cases/Base/Certificate selection' successfully

2018-08-16 16:43:37 - [TEST_CASE][PASSED] - Test Cases/Base/Certificate selection: Test Cases/Base/Certificate selection

2018-08-16 16:43:37 - [TEST_STEP][PASSED] - waitForAlert: Alert is present after 60 second(s).

2018-08-16 16:43:38 - [MESSAGE][PASSED] - Alert is present after 60 second(s).

2018-08-16 16:43:38 - [TEST_STEP][PASSED] - acceptAlert: Alert accepted

2018-08-16 16:43:38 - [MESSAGE][PASSED] - Alert accepted

2018-08-16 16:43:38 - [TEST_STEP][PASSED] - click: Object: 'Object Repository/my_tasks/radio_certificate' is clicked on

2018-08-16 16:43:39 - [MESSAGE][PASSED] - Object: 'Object Repository/my_tasks/radio_certificate' is clicked on

2018-08-16 16:43:39 - [TEST_STEP][PASSED] - click: Object: 'Object Repository/DOCUMENT/Dialog/btn_OK' is clicked on

2018-08-16 16:43:40 - [MESSAGE][PASSED] - Object: 'Object Repository/DOCUMENT/Dialog/btn_OK' is clicked on

2018-08-16 16:43:40 - [MESSAGE][PASSED] - Call Test Case 'Test Cases/Base/Certificate selection' successfully

2018-08-16 16:43:40 - [TEST_STEP][PASSED] - waitForElementNotPresent: Web element with id: 'Object Repository/my_tasks/act_menu' located by 'By.xpath: //span[@class = 'dx-menu-item-popout-container']' is not present after '60' second(s)

2018-08-16 16:43:46 - [MESSAGE][PASSED] - Web element with id: 'Object Repository/my_tasks/act_menu' located by 'By.xpath: //span[@class = 'dx-menu-item-popout-container']' is not present after '60' second(s)

2018-08-16 16:43:46 - [TEST_STEP][PASSED] - callTestCase: Call Test Case 'Test Cases/Base/Purchase plan/Open purchase plan' successfully

2018-08-16 16:43:46 - [TEST_CASE][PASSED] - Test Cases/Base/Purchase plan/Open purchase plan: Test Cases/Base/Purchase plan/Open purchase plan

2018-08-16 16:43:46 - [TEST_STEP][PASSED] - click: Object: 'Object Repository/page_home/span_planning' is clicked on

2018-08-16 16:43:51 - [MESSAGE][PASSED] - Object: 'Object Repository/page_home/span_planning' is clicked on

2018-08-16 16:43:51 - [TEST_STEP][PASSED] - click: Object: 'Object Repository/page_planning/a_purchasePlan' is clicked on

2018-08-16 16:43:55 - [MESSAGE][PASSED] - Object: 'Object Repository/page_planning/a_purchasePlan' is clicked on

2018-08-16 16:43:55 - [TEST_STEP][PASSED] - click: Object: 'Object Repository/document_purchasePlan/menu_actual' is clicked on

2018-08-16 16:44:00 - [MESSAGE][PASSED] - Object: 'Object Repository/document_purchasePlan/menu_actual' is clicked on

2018-08-16 16:44:00 - [TEST_STEP][PASSED] - Statement - new_budgetYear = com.kms.katalon.core.webui.keyword.WebUiBuiltInKeywords.modifyObjectProperty(com.kms.katalon.core.testobject.ObjectRepository.findTestObject(document_purchasePlan/link_purchaseplan), "text", "equals", BudgetYear, true): Modify property of object successfully

2018-08-16 16:44:00 - [MESSAGE][PASSED] - Modify property of object successfully

2018-08-16 16:44:00 - [TEST_STEP][PASSED] - Statement - url_purchase = com.kms.katalon.core.webui.keyword.WebUiBuiltInKeywords.getAttribute(new_budgetYear, "href"): Attribute 'href' of object 'Object Repository/document_purchasePlan/link_purchaseplan' is: 'http://10.100.70.20/edo/Search/DocumentView/31608'

2018-08-16 16:44:00 - [MESSAGE][PASSED] - Attribute 'href' of object 'Object Repository/document_purchasePlan/link_purchaseplan' is: 'http://10.100.70.20/edo/Search/DocumentView/31608'

2018-08-16 16:44:00 - [TEST_STEP][PASSED] - navigateToUrl: Navigate to 'http://10.100.70.20/edo/Search/DocumentView/31608' successfully

2018-08-16 16:44:06 - [MESSAGE][PASSED] - Navigate to 'http://10.100.70.20/edo/Search/DocumentView/31608' successfully

2018-08-16 16:44:06 - [MESSAGE][PASSED] - Call Test Case 'Test Cases/Base/Purchase plan/Open purchase plan' successfully

2018-08-16 16:44:06 - [TEST_STEP][PASSED] - click: Object: 'Object Repository/document_purchasePlan/toolbar_reading/menu_route' is clicked on

2018-08-16 16:44:08 - [MESSAGE][PASSED] - Object: 'Object Repository/document_purchasePlan/toolbar_reading/menu_route' is clicked on

2018-08-16 16:44:08 - [TEST_STEP][PASSED] - waitForElementPresent: Object 'Object Repository/routs/route_menu' is present

2018-08-16 16:44:08 - [MESSAGE][PASSED] - Object 'Object Repository/routs/route_menu' is present

2018-08-16 16:44:08 - [TEST_STEP][PASSED] - click: Object: 'Object Repository/routs/route_menu' is clicked on

2018-08-16 16:44:10 - [MESSAGE][PASSED] - Object: 'Object Repository/routs/route_menu' is clicked on

2018-08-16 16:44:10 - [TEST_STEP][PASSED] - click: Object: 'Object Repository/my_tasks/act_reportPerformance' is clicked on

2018-08-16 16:44:45 - [MESSAGE][PASSED] - Object: 'Object Repository/my_tasks/act_reportPerformance' is clicked on

2018-08-16 16:44:45 - [TEST_STEP][PASSED] - click: Object: 'Object Repository/DOCUMENT/Dialog/btn_OK' is clicked on

2018-08-16 16:44:47 - [MESSAGE][PASSED] - Object: 'Object Repository/DOCUMENT/Dialog/btn_OK' is clicked on

2018-08-16 16:44:47 - [TEST_STEP][PASSED] - waitForElementNotPresent: Web element with id: 'Object Repository/routs/route_menu' located by 'By.xpath: //*[contains(@class,'dx-row dx-column-lines dx-master-detail-row')]//*[contains(@class,'dx-menu-item-popout-container')]' is not present after '60' second(s)

2018-08-16 16:44:58 - [MESSAGE][PASSED] - Web element with id: 'Object Repository/routs/route_menu' located by 'By.xpath: //*[contains(@class,'dx-row dx-column-lines dx-master-detail-row')]//*[contains(@class,'dx-menu-item-popout-container')]' is not present after '60' second(s)]]></system-out>
         <system-err><![CDATA[]]></system-err>
      </testcase>
      <system-out><![CDATA[2018-08-16 16:43:14 - [TEST_SUITE][PASSED] - New Test Suite: Test Cases/Base/Purchase plan/Appruval route purchase plan]]></system-out>
      <system-err><![CDATA[]]></system-err>
   </testsuite>
</testsuites>
