<?xml version="1.0" encoding="UTF-8"?>
<testsuites name="Create purchase plan" time="48" tests="1" failures="0" errors="0">
   <testsuite name="Create purchase plan" tests="1" failures="0" errors="0" time="48" timestamp="2018-08-16 16:32:26" hostname="ex64 - ex64" id="Test Suites/Scenario1/Create purchase plan">
      <properties>
         <property name="deviceName" value=""/>
         <property name="devicePlatform" value=""/>
         <property name="logFolder" value="T:\\Katalon Studio\\E1\\Reports\\Scenario1\\Create purchase plan\\20180816_162717"/>
         <property name="logFiles" value="T:\\Katalon Studio\\E1\\Reports\\Scenario1\\Create purchase plan\\20180816_162717\\execution0.log"/>
         <property name="attachments" value=""/>
         <property name="hostName" value="ex64 - ex64"/>
         <property name="os" value="Windows 7 64bit"/>
         <property name="katalonVersion" value="5.6.0.1"/>
         <property name="browser" value="Firefox 61.0"/>
         <property name="hostAddress" value="192.168.20.109"/>
         <property name="sessionId" value="1622d9ea-d08d-43f3-addd-3d5c567850c0"/>
         <property name="seleniumVersion" value="3.7.1"/>
         <property name="proxyInformation" value="ProxyInformation{proxyOption=NO_PROXY, proxyServerType=HTTP, password=, proxyServerAddress=, proxyServerPort=0}"/>
         <property name="platform" value="Windows 7"/>
      </properties>
      <testcase name="Test Cases/Base/Purchase plan/Create purchase plan" classname="Test Cases/Base/Purchase plan/Create purchase plan" status="PASSED">
         <system-out><![CDATA[2018-08-16 16:32:26 - [TEST_CASE][PASSED] - Test Cases/Base/Purchase plan/Create purchase plan: Test Cases/Base/Purchase plan/Create purchase plan

2018-08-16 16:32:27 - [TEST_STEP][PASSED] - callTestCase: Call Test Case 'Test Cases/Base/Authorization' successfully

2018-08-16 16:32:27 - [TEST_CASE][PASSED] - Test Cases/Base/Authorization: Test Cases/Base/Authorization

2018-08-16 16:32:27 - [TEST_STEP][PASSED] - openBrowser: Browser is opened with url: 'http://10.100.70.20/edo'

2018-08-16 16:32:34 - [MESSAGE][PASSED] - Browser is opened with url: 'http://10.100.70.20/edo'

2018-08-16 16:32:34 - [TEST_STEP][PASSED] - maximizeWindow: Current window maximized

2018-08-16 16:32:34 - [MESSAGE][PASSED] - Current window maximized

2018-08-16 16:32:34 - [TEST_STEP][PASSED] - verifyElementPresent: Object 'Object Repository/page_authorization/input_login' is present

2018-08-16 16:32:34 - [MESSAGE][WARNING] - Timeout '0' is invalid. Using default page load timeout: '60'

2018-08-16 16:32:35 - [MESSAGE][PASSED] - Object 'Object Repository/page_authorization/input_login' is present

2018-08-16 16:32:35 - [TEST_STEP][PASSED] - verifyElementPresent: Object 'Object Repository/page_authorization/input_password' is present

2018-08-16 16:32:35 - [MESSAGE][WARNING] - Timeout '0' is invalid. Using default page load timeout: '60'

2018-08-16 16:32:35 - [MESSAGE][PASSED] - Object 'Object Repository/page_authorization/input_password' is present

2018-08-16 16:32:35 - [TEST_STEP][PASSED] - verifyElementPresent: Object 'Object Repository/page_authorization/button_come' is present

2018-08-16 16:32:35 - [MESSAGE][WARNING] - Timeout '0' is invalid. Using default page load timeout: '60'

2018-08-16 16:32:35 - [MESSAGE][PASSED] - Object 'Object Repository/page_authorization/button_come' is present

2018-08-16 16:32:35 - [TEST_STEP][PASSED] - verifyElementPresent: Object 'Object Repository/page_authorization/button_comeEP' is present

2018-08-16 16:32:35 - [MESSAGE][WARNING] - Timeout '0' is invalid. Using default page load timeout: '60'

2018-08-16 16:32:35 - [MESSAGE][PASSED] - Object 'Object Repository/page_authorization/button_comeEP' is present

2018-08-16 16:32:35 - [TEST_STEP][PASSED] - verifyElementPresent: Object 'Object Repository/page_authorization/a_registry' is present

2018-08-16 16:32:35 - [MESSAGE][WARNING] - Timeout '0' is invalid. Using default page load timeout: '60'

2018-08-16 16:32:35 - [MESSAGE][PASSED] - Object 'Object Repository/page_authorization/a_registry' is present

2018-08-16 16:32:35 - [TEST_STEP][PASSED] - verifyElementPresent: Object 'Object Repository/page_authorization/a_passwordRecovery' is present

2018-08-16 16:32:35 - [MESSAGE][WARNING] - Timeout '0' is invalid. Using default page load timeout: '60'

2018-08-16 16:32:35 - [MESSAGE][PASSED] - Object 'Object Repository/page_authorization/a_passwordRecovery' is present

2018-08-16 16:32:35 - [TEST_STEP][PASSED] - setText: Text 'autoui80' is set on object 'Object Repository/page_authorization/input_login'

2018-08-16 16:32:35 - [MESSAGE][PASSED] - Text 'autoui80' is set on object 'Object Repository/page_authorization/input_login'

2018-08-16 16:32:35 - [TEST_STEP][PASSED] - setText: Text 'Gfhjkm123' is set on object 'Object Repository/page_authorization/input_password'

2018-08-16 16:32:35 - [MESSAGE][PASSED] - Text 'Gfhjkm123' is set on object 'Object Repository/page_authorization/input_password'

2018-08-16 16:32:35 - [TEST_STEP][PASSED] - click: Object: 'Object Repository/page_authorization/button_come' is clicked on

2018-08-16 16:32:38 - [MESSAGE][PASSED] - Object: 'Object Repository/page_authorization/button_come' is clicked on

2018-08-16 16:32:38 - [TEST_STEP][PASSED] - verifyElementPresent: Object 'Object Repository/page_home/span_myTasks' is present

2018-08-16 16:32:38 - [MESSAGE][WARNING] - Timeout '0' is invalid. Using default page load timeout: '60'

2018-08-16 16:32:38 - [MESSAGE][PASSED] - Object 'Object Repository/page_home/span_myTasks' is present

2018-08-16 16:32:38 - [TEST_STEP][PASSED] - verifyElementPresent: Object 'Object Repository/page_home/span_administration' is present

2018-08-16 16:32:38 - [MESSAGE][WARNING] - Timeout '0' is invalid. Using default page load timeout: '60'

2018-08-16 16:32:38 - [MESSAGE][PASSED] - Object 'Object Repository/page_home/span_administration' is present

2018-08-16 16:32:38 - [TEST_STEP][PASSED] - verifyElementPresent: Object 'Object Repository/page_home/span_exit' is present

2018-08-16 16:32:38 - [MESSAGE][WARNING] - Timeout '0' is invalid. Using default page load timeout: '60'

2018-08-16 16:32:38 - [MESSAGE][PASSED] - Object 'Object Repository/page_home/span_exit' is present

2018-08-16 16:32:38 - [MESSAGE][PASSED] - Call Test Case 'Test Cases/Base/Authorization' successfully

2018-08-16 16:32:38 - [TEST_STEP][PASSED] - click: Object: 'Object Repository/page_home/span_planning' is clicked on

2018-08-16 16:32:40 - [MESSAGE][PASSED] - Object: 'Object Repository/page_home/span_planning' is clicked on

2018-08-16 16:32:40 - [TEST_STEP][PASSED] - click: Object: 'Object Repository/page_planning/a_purchasePlan' is clicked on

2018-08-16 16:32:42 - [MESSAGE][PASSED] - Object: 'Object Repository/page_planning/a_purchasePlan' is clicked on

2018-08-16 16:32:42 - [TEST_STEP][PASSED] - click: Object: 'Object Repository/page_planning/btn_newPurchasePlan' is clicked on

2018-08-16 16:32:42 - [MESSAGE][PASSED] - Object: 'Object Repository/page_planning/btn_newPurchasePlan' is clicked on

2018-08-16 16:32:42 - [TEST_STEP][PASSED] - Statement - new_budgetYear = com.kms.katalon.core.webui.keyword.WebUiBuiltInKeywords.modifyObjectProperty(com.kms.katalon.core.testobject.ObjectRepository.findTestObject(page_planning/page_year/radio_budgetYear), "value", "equals", BudgetYear, true): Modify property of object successfully

2018-08-16 16:32:42 - [MESSAGE][PASSED] - Modify property of object successfully

2018-08-16 16:32:42 - [TEST_STEP][PASSED] - check: Object 'Object Repository/page_planning/page_year/radio_budgetYear' is checked

2018-08-16 16:32:43 - [MESSAGE][PASSED] - Object 'Object Repository/page_planning/page_year/radio_budgetYear' is checked

2018-08-16 16:32:43 - [TEST_STEP][PASSED] - click: Object: 'Object Repository/page_planning/page_year/button_OK' is clicked on

2018-08-16 16:32:44 - [MESSAGE][PASSED] - Object: 'Object Repository/page_planning/page_year/button_OK' is clicked on

2018-08-16 16:32:44 - [TEST_STEP][PASSED] - click: Object: 'Object Repository/document_purchasePlan/button_otv' is clicked on

2018-08-16 16:32:46 - [MESSAGE][PASSED] - Object: 'Object Repository/document_purchasePlan/button_otv' is clicked on

2018-08-16 16:32:46 - [TEST_STEP][PASSED] - setText: Text 'autoui80' is set on object 'Object Repository/document_purchasePlan/input_otv'

2018-08-16 16:32:46 - [MESSAGE][PASSED] - Text 'autoui80' is set on object 'Object Repository/document_purchasePlan/input_otv'

2018-08-16 16:32:46 - [TEST_STEP][PASSED] - click: Object: 'Object Repository/document_purchasePlan/check_otv' is clicked on

2018-08-16 16:32:46 - [MESSAGE][PASSED] - Object: 'Object Repository/document_purchasePlan/check_otv' is clicked on

2018-08-16 16:32:46 - [TEST_STEP][PASSED] - click: Object: 'Object Repository/document_purchasePlan/btn_select' is clicked on

2018-08-16 16:32:47 - [MESSAGE][PASSED] - Object: 'Object Repository/document_purchasePlan/btn_select' is clicked on

2018-08-16 16:32:47 - [TEST_STEP][PASSED] - click: Object: 'Object Repository/document_purchasePlan/button_utv' is clicked on

2018-08-16 16:32:47 - [MESSAGE][PASSED] - Object: 'Object Repository/document_purchasePlan/button_utv' is clicked on

2018-08-16 16:32:47 - [TEST_STEP][PASSED] - setText: Text '' is set on object 'Object Repository/document_purchasePlan/input_utv'

2018-08-16 16:32:47 - [MESSAGE][PASSED] - Text '' is set on object 'Object Repository/document_purchasePlan/input_utv'

2018-08-16 16:32:47 - [TEST_STEP][PASSED] - click: Object: 'Object Repository/document_purchasePlan/check_otv' is clicked on

2018-08-16 16:32:47 - [MESSAGE][PASSED] - Object: 'Object Repository/document_purchasePlan/check_otv' is clicked on

2018-08-16 16:32:47 - [TEST_STEP][PASSED] - click: Object: 'Object Repository/document_purchasePlan/btn_select' is clicked on

2018-08-16 16:32:48 - [MESSAGE][PASSED] - Object: 'Object Repository/document_purchasePlan/btn_select' is clicked on

2018-08-16 16:32:48 - [TEST_STEP][PASSED] - click: Object: 'Object Repository/DOCUMENT/btn_save' is clicked on

2018-08-16 16:32:48 - [MESSAGE][PASSED] - Object: 'Object Repository/DOCUMENT/btn_save' is clicked on

2018-08-16 16:32:48 - [TEST_STEP][PASSED] - verifyElementPresent: Object 'Object Repository/DOCUMENT/btn_edit' is present

2018-08-16 16:32:48 - [MESSAGE][WARNING] - Timeout '0' is invalid. Using default page load timeout: '60'

2018-08-16 16:33:13 - [MESSAGE][PASSED] - Object 'Object Repository/DOCUMENT/btn_edit' is present]]></system-out>
         <system-err><![CDATA[]]></system-err>
      </testcase>
      <system-out><![CDATA[2018-08-16 16:32:26 - [TEST_SUITE][PASSED] - Create purchase plan: Test Cases/Base/Purchase plan/Create purchase plan]]></system-out>
      <system-err><![CDATA[]]></system-err>
   </testsuite>
</testsuites>
