<?xml version="1.0" encoding="UTF-8"?>
<testsuites name="Registration" time="65" tests="0" failures="1" errors="0">
   <testsuite name="Registration" tests="0" failures="1" errors="0" time="65" timestamp="2018-08-09 14:56:25" hostname="ex64 - ex64" id="Test Suites/Scenario1/Registration">
      <properties>
         <property name="deviceName" value=""/>
         <property name="devicePlatform" value=""/>
         <property name="logFolder" value="T:\\Katalon Studio\\E1\\Reports\\Scenario1\\Registration\\20180809_145624"/>
         <property name="logFiles" value="T:\\Katalon Studio\\E1\\Reports\\Scenario1\\Registration\\20180809_145624\\execution0.log"/>
         <property name="attachments" value="T:\\Katalon Studio\\E1\\Reports\\Scenario1\\Registration\\20180809_145624\\1533815850574.png, T:\\Katalon Studio\\E1\\Reports\\Scenario1\\Registration\\20180809_145624\\1533815850702.png"/>
         <property name="hostName" value="ex64 - ex64"/>
         <property name="os" value="Windows 7 64bit"/>
         <property name="katalonVersion" value="5.6.0.1"/>
         <property name="browser" value="Firefox 61.0"/>
         <property name="hostAddress" value="192.168.20.109"/>
         <property name="sessionId" value="6f1094de-71d5-4038-b662-b8cd764679e2"/>
         <property name="seleniumVersion" value="3.7.1"/>
         <property name="proxyInformation" value="ProxyInformation{proxyOption=NO_PROXY, proxyServerType=HTTP, password=, proxyServerAddress=, proxyServerPort=0}"/>
         <property name="platform" value="Windows 7"/>
      </properties>
      <testcase name="Test Cases/Base/Registration" classname="Test Cases/Base/Registration" status="FAILED">
         <failure type="FAILED" message="Unable to verify object 'Object Repository/page_registration/massage_pass' is present (Root cause: com.kms.katalon.core.webui.exception.WebElementNotFoundException: Web element with id: 'Object Repository/page_registration/massage_pass' located by 'By.xpath: //div[(text() = 'Ссылка для подтверждения регистрации отправлена на вашу электронную почту. Перейти на страницу входа.' or . = 'Ссылка для подтверждения регистрации отправлена на вашу электронную почту. Перейти на страницу входа.')]' not found)"/>
         <system-out><![CDATA[2018-08-09 14:56:26 - [TEST_CASE][FAILED] - Test Cases/Base/Registration: Test Cases/Base/Registration FAILED because (of) Unable to verify object 'Object Repository/page_registration/massage_pass' is present (Root cause: com.kms.katalon.core.webui.exception.WebElementNotFoundException: Web element with id: 'Object Repository/page_registration/massage_pass' located by 'By.xpath: //div[(text() = 'Ссылка для подтверждения регистрации отправлена на вашу электронную почту. Перейти на страницу входа.' or . = 'Ссылка для подтверждения регистрации отправлена на вашу электронную почту. Перейти на страницу входа.')]' not found)

2018-08-09 14:56:26 - [TEST_STEP][PASSED] - openBrowser: Browser is opened with url: 'http://10.100.70.20/edo'

2018-08-09 14:56:38 - [MESSAGE][PASSED] - Browser is opened with url: 'http://10.100.70.20/edo'

2018-08-09 14:56:38 - [TEST_STEP][PASSED] - maximizeWindow: Current window maximized

2018-08-09 14:56:38 - [MESSAGE][PASSED] - Current window maximized

2018-08-09 14:56:38 - [TEST_STEP][PASSED] - click: Object: 'Object Repository/page_authorization/a_registry' is clicked on

2018-08-09 14:56:43 - [MESSAGE][PASSED] - Object: 'Object Repository/page_authorization/a_registry' is clicked on

2018-08-09 14:56:43 - [TEST_STEP][PASSED] - click: Object: 'Object Repository/page_registration/organization' is clicked on

2018-08-09 14:56:50 - [MESSAGE][PASSED] - Object: 'Object Repository/page_registration/organization' is clicked on

2018-08-09 14:56:50 - [TEST_STEP][PASSED] - setText: Text 'ИКТ' is set on object 'Object Repository/page_registration/input_organization'

2018-08-09 14:56:51 - [MESSAGE][PASSED] - Text 'ИКТ' is set on object 'Object Repository/page_registration/input_organization'

2018-08-09 14:56:51 - [TEST_STEP][PASSED] - sendKeys: Keys 'ENTER + ' sent to object: 'Object Repository/page_registration/input_organization'

2018-08-09 14:56:51 - [MESSAGE][PASSED] - Keys 'ENTER + ' sent to object: 'Object Repository/page_registration/input_organization'

2018-08-09 14:56:51 - [TEST_STEP][PASSED] - click: Object: 'Object Repository/page_registration/input_ChangeChief' is clicked on

2018-08-09 14:56:51 - [MESSAGE][PASSED] - Object: 'Object Repository/page_registration/input_ChangeChief' is clicked on

2018-08-09 14:56:51 - [TEST_STEP][PASSED] - setText: Text 'User' is set on object 'Object Repository/page_registration/input_FirstName'

2018-08-09 14:56:51 - [MESSAGE][PASSED] - Text 'User' is set on object 'Object Repository/page_registration/input_FirstName'

2018-08-09 14:56:51 - [TEST_STEP][PASSED] - setText: Text 'autoui9' is set on object 'Object Repository/page_registration/input_LastName'

2018-08-09 14:56:51 - [MESSAGE][PASSED] - Text 'autoui9' is set on object 'Object Repository/page_registration/input_LastName'

2018-08-09 14:56:51 - [TEST_STEP][PASSED] - setText: Text 'Interface' is set on object 'Object Repository/page_registration/input_MiddleName'

2018-08-09 14:56:51 - [MESSAGE][PASSED] - Text 'Interface' is set on object 'Object Repository/page_registration/input_MiddleName'

2018-08-09 14:56:51 - [TEST_STEP][PASSED] - setText: Text 'Автотестер' is set on object 'Object Repository/page_registration/input_Position'

2018-08-09 14:56:52 - [MESSAGE][PASSED] - Text 'Автотестер' is set on object 'Object Repository/page_registration/input_Position'

2018-08-09 14:56:52 - [TEST_STEP][PASSED] - setText: Text 'test.cognitive+test9@gmail.com' is set on object 'Object Repository/page_registration/input_Email'

2018-08-09 14:56:52 - [MESSAGE][PASSED] - Text 'test.cognitive+test9@gmail.com' is set on object 'Object Repository/page_registration/input_Email'

2018-08-09 14:56:52 - [TEST_STEP][PASSED] - setText: Text '7-(8182)63-57-13' is set on object 'Object Repository/page_registration/input_Phone'

2018-08-09 14:56:52 - [MESSAGE][PASSED] - Text '7-(8182)63-57-13' is set on object 'Object Repository/page_registration/input_Phone'

2018-08-09 14:56:52 - [TEST_STEP][PASSED] - setText: Text 'autoui9' is set on object 'Object Repository/page_registration/input_Login'

2018-08-09 14:56:52 - [MESSAGE][PASSED] - Text 'autoui9' is set on object 'Object Repository/page_registration/input_Login'

2018-08-09 14:56:52 - [TEST_STEP][PASSED] - setText: Text 'Gfhjkm123' is set on object 'Object Repository/page_registration/input_Password'

2018-08-09 14:56:53 - [MESSAGE][PASSED] - Text 'Gfhjkm123' is set on object 'Object Repository/page_registration/input_Password'

2018-08-09 14:56:53 - [TEST_STEP][PASSED] - setText: Text 'Gfhjkm123' is set on object 'Object Repository/page_registration/input_PasswordConfirm'

2018-08-09 14:56:53 - [MESSAGE][PASSED] - Text 'Gfhjkm123' is set on object 'Object Repository/page_registration/input_PasswordConfirm'

2018-08-09 14:56:53 - [TEST_STEP][PASSED] - click: Object: 'Object Repository/page_registration/button_registration' is clicked on

2018-08-09 14:56:58 - [MESSAGE][PASSED] - Object: 'Object Repository/page_registration/button_registration' is clicked on

2018-08-09 14:56:58 - [TEST_STEP][FAILED] - verifyElementPresent: Unable to verify object 'Object Repository/page_registration/massage_pass' is present (Root cause: com.kms.katalon.core.webui.exception.WebElementNotFoundException: Web element with id: 'Object Repository/page_registration/massage_pass' located by 'By.xpath: //div[(text() = 'Ссылка для подтверждения регистрации отправлена на вашу электронную почту. Перейти на страницу входа.' or . = 'Ссылка для подтверждения регистрации отправлена на вашу электронную почту. Перейти на страницу входа.')]' not found)

2018-08-09 14:56:58 - [MESSAGE][WARNING] - Timeout '0' is invalid. Using default page load timeout: '30'

2018-08-09 14:57:30 - [MESSAGE][FAILED] - com.kms.katalon.core.webui.exception.WebElementNotFoundException: Web element with id: 'Object Repository/page_registration/massage_pass' located by 'By.xpath: //div[(text() = 'Ссылка для подтверждения регистрации отправлена на вашу электронную почту. Перейти на страницу входа.' or . = 'Ссылка для подтверждения регистрации отправлена на вашу электронную почту. Перейти на страницу входа.')]' not found
[[ATTACHMENT|T:\\Katalon Studio\\E1\\Reports\\Scenario1\\Registration\\20180809_145624\\1533815850574.png]]

2018-08-09 14:57:30 - [MESSAGE][FAILED] - Unable to verify object 'Object Repository/page_registration/massage_pass' is present (Root cause: com.kms.katalon.core.webui.exception.WebElementNotFoundException: Web element with id: 'Object Repository/page_registration/massage_pass' located by 'By.xpath: //div[(text() = 'Ссылка для подтверждения регистрации отправлена на вашу электронную почту. Перейти на страницу входа.' or . = 'Ссылка для подтверждения регистрации отправлена на вашу электронную почту. Перейти на страницу входа.')]' not found)
[[ATTACHMENT|T:\\Katalon Studio\\E1\\Reports\\Scenario1\\Registration\\20180809_145624\\1533815850702.png]]]]></system-out>
         <system-err><![CDATA[2018-08-09 14:56:26 - [TEST_CASE][FAILED] - Test Cases/Base/Registration: Test Cases/Base/Registration FAILED because (of) Unable to verify object 'Object Repository/page_registration/massage_pass' is present (Root cause: com.kms.katalon.core.webui.exception.WebElementNotFoundException: Web element with id: 'Object Repository/page_registration/massage_pass' located by 'By.xpath: //div[(text() = 'Ссылка для подтверждения регистрации отправлена на вашу электронную почту. Перейти на страницу входа.' or . = 'Ссылка для подтверждения регистрации отправлена на вашу электронную почту. Перейти на страницу входа.')]' not found)]]></system-err>
      </testcase>
      <system-out><![CDATA[2018-08-09 14:56:25 - [TEST_SUITE][FAILED] - Registration: Test Cases/Base/Registration FAILED because (of) Unable to verify object 'Object Repository/page_registration/massage_pass' is present (Root cause: com.kms.katalon.core.webui.exception.WebElementNotFoundException: Web element with id: 'Object Repository/page_registration/massage_pass' located by 'By.xpath: //div[(text() = 'Ссылка для подтверждения регистрации отправлена на вашу электронную почту. Перейти на страницу входа.' or . = 'Ссылка для подтверждения регистрации отправлена на вашу электронную почту. Перейти на страницу входа.')]' not found)]]></system-out>
      <system-err><![CDATA[2018-08-09 14:56:25 - [TEST_SUITE][FAILED] - Registration: Test Cases/Base/Registration FAILED because (of) Unable to verify object 'Object Repository/page_registration/massage_pass' is present (Root cause: com.kms.katalon.core.webui.exception.WebElementNotFoundException: Web element with id: 'Object Repository/page_registration/massage_pass' located by 'By.xpath: //div[(text() = 'Ссылка для подтверждения регистрации отправлена на вашу электронную почту. Перейти на страницу входа.' or . = 'Ссылка для подтверждения регистрации отправлена на вашу электронную почту. Перейти на страницу входа.')]' not found)]]></system-err>
   </testsuite>
</testsuites>
