<?xml version="1.0" encoding="UTF-8"?>
<testsuites name="Activation_gmail" time="44" tests="0" failures="1" errors="0">
   <testsuite name="Activation_gmail" tests="0" failures="1" errors="0" time="44" timestamp="2018-08-09 16:44:43" hostname="ex64 - ex64" id="Test Suites/Scenario1/Activation_gmail">
      <properties>
         <property name="deviceName" value=""/>
         <property name="devicePlatform" value=""/>
         <property name="logFolder" value="T:\\Katalon Studio\\E1\\Reports\\Scenario1\\Activation_gmail\\20180809_164344"/>
         <property name="logFiles" value="T:\\Katalon Studio\\E1\\Reports\\Scenario1\\Activation_gmail\\20180809_164344\\execution0.log"/>
         <property name="attachments" value="T:\\Katalon Studio\\E1\\Reports\\Scenario1\\Activation_gmail\\20180809_164344\\1533822326942.png, T:\\Katalon Studio\\E1\\Reports\\Scenario1\\Activation_gmail\\20180809_164344\\1533822327012.png"/>
         <property name="hostName" value="ex64 - ex64"/>
         <property name="os" value="Windows 7 64bit"/>
         <property name="katalonVersion" value="5.6.0.1"/>
         <property name="browser" value="Firefox 61.0"/>
         <property name="hostAddress" value="192.168.20.109"/>
         <property name="sessionId" value="c34fd651-ea08-4e32-ad14-773150699827"/>
         <property name="seleniumVersion" value="3.7.1"/>
         <property name="proxyInformation" value="ProxyInformation{proxyOption=NO_PROXY, proxyServerType=HTTP, password=, proxyServerAddress=, proxyServerPort=0}"/>
         <property name="platform" value="Windows 7"/>
      </properties>
      <testcase name="Test Cases/Base/Activation_gmail" classname="Test Cases/Base/Activation_gmail" status="FAILED">
         <failure type="FAILED" message="Unable to verify object 'Object Repository/page_gmail/icon_e1' is present (Root cause: com.kms.katalon.core.webui.exception.WebElementNotFoundException: Web element with id: 'Object Repository/page_gmail/icon_e1' located by 'By.xpath: //img[@src = '/edo/Images/e1-evfrat-logo.png' and @alt = 'Е1 Закупки']' not found)"/>
         <system-out><![CDATA[2018-08-09 16:44:43 - [TEST_CASE][FAILED] - Test Cases/Base/Activation_gmail: Test Cases/Base/Activation_gmail FAILED because (of) Unable to verify object 'Object Repository/page_gmail/icon_e1' is present (Root cause: com.kms.katalon.core.webui.exception.WebElementNotFoundException: Web element with id: 'Object Repository/page_gmail/icon_e1' located by 'By.xpath: //img[@src = '/edo/Images/e1-evfrat-logo.png' and @alt = 'Е1 Закупки']' not found)

2018-08-09 16:44:43 - [TEST_STEP][PASSED] - openBrowser: Browser is opened with url: 'https://mail.google.com'

2018-08-09 16:44:49 - [MESSAGE][PASSED] - Browser is opened with url: 'https://mail.google.com'

2018-08-09 16:44:49 - [TEST_STEP][PASSED] - setText: Text 'test.cognitive@gmail.com' is set on object 'Object Repository/page_gmail/input_email'

2018-08-09 16:44:49 - [MESSAGE][PASSED] - Text 'test.cognitive@gmail.com' is set on object 'Object Repository/page_gmail/input_email'

2018-08-09 16:44:49 - [TEST_STEP][PASSED] - click: Object: 'Object Repository/page_gmail/span_next' is clicked on

2018-08-09 16:44:49 - [MESSAGE][PASSED] - Object: 'Object Repository/page_gmail/span_next' is clicked on

2018-08-09 16:44:49 - [TEST_STEP][PASSED] - setText: Text 'TestDepartment2016' is set on object 'Object Repository/page_gmail/input_password'

2018-08-09 16:44:49 - [MESSAGE][PASSED] - Text 'TestDepartment2016' is set on object 'Object Repository/page_gmail/input_password'

2018-08-09 16:44:49 - [TEST_STEP][PASSED] - delay: Delayed 1 second(s)

2018-08-09 16:44:50 - [MESSAGE][PASSED] - Delayed 1 second(s)

2018-08-09 16:44:50 - [TEST_STEP][PASSED] - sendKeys: Keys 'ENTER + ' sent to object: 'Object Repository/page_gmail/input_password'

2018-08-09 16:44:50 - [MESSAGE][PASSED] - Keys 'ENTER + ' sent to object: 'Object Repository/page_gmail/input_password'

2018-08-09 16:44:50 - [TEST_STEP][PASSED] - click: Object: 'Object Repository/page_gmail/mail' is clicked on

2018-08-09 16:44:54 - [MESSAGE][PASSED] - Object: 'Object Repository/page_gmail/mail' is clicked on

2018-08-09 16:44:54 - [TEST_STEP][PASSED] - click: Object: 'Object Repository/page_gmail/mail_url' is clicked on

2018-08-09 16:44:54 - [MESSAGE][PASSED] - Object: 'Object Repository/page_gmail/mail_url' is clicked on

2018-08-09 16:44:54 - [TEST_STEP][FAILED] - verifyElementPresent: Unable to verify object 'Object Repository/page_gmail/icon_e1' is present (Root cause: com.kms.katalon.core.webui.exception.WebElementNotFoundException: Web element with id: 'Object Repository/page_gmail/icon_e1' located by 'By.xpath: //img[@src = '/edo/Images/e1-evfrat-logo.png' and @alt = 'Е1 Закупки']' not found)

2018-08-09 16:44:54 - [MESSAGE][WARNING] - Timeout '0' is invalid. Using default page load timeout: '30'

2018-08-09 16:45:27 - [MESSAGE][FAILED] - com.kms.katalon.core.webui.exception.WebElementNotFoundException: Web element with id: 'Object Repository/page_gmail/icon_e1' located by 'By.xpath: //img[@src = '/edo/Images/e1-evfrat-logo.png' and @alt = 'Е1 Закупки']' not found
[[ATTACHMENT|T:\\Katalon Studio\\E1\\Reports\\Scenario1\\Activation_gmail\\20180809_164344\\1533822326942.png]]

2018-08-09 16:45:27 - [MESSAGE][FAILED] - Unable to verify object 'Object Repository/page_gmail/icon_e1' is present (Root cause: com.kms.katalon.core.webui.exception.WebElementNotFoundException: Web element with id: 'Object Repository/page_gmail/icon_e1' located by 'By.xpath: //img[@src = '/edo/Images/e1-evfrat-logo.png' and @alt = 'Е1 Закупки']' not found)
[[ATTACHMENT|T:\\Katalon Studio\\E1\\Reports\\Scenario1\\Activation_gmail\\20180809_164344\\1533822327012.png]]]]></system-out>
         <system-err><![CDATA[2018-08-09 16:44:43 - [TEST_CASE][FAILED] - Test Cases/Base/Activation_gmail: Test Cases/Base/Activation_gmail FAILED because (of) Unable to verify object 'Object Repository/page_gmail/icon_e1' is present (Root cause: com.kms.katalon.core.webui.exception.WebElementNotFoundException: Web element with id: 'Object Repository/page_gmail/icon_e1' located by 'By.xpath: //img[@src = '/edo/Images/e1-evfrat-logo.png' and @alt = 'Е1 Закупки']' not found)]]></system-err>
      </testcase>
      <system-out><![CDATA[2018-08-09 16:44:43 - [TEST_SUITE][FAILED] - Activation_gmail: Test Cases/Base/Activation_gmail FAILED because (of) Unable to verify object 'Object Repository/page_gmail/icon_e1' is present (Root cause: com.kms.katalon.core.webui.exception.WebElementNotFoundException: Web element with id: 'Object Repository/page_gmail/icon_e1' located by 'By.xpath: //img[@src = '/edo/Images/e1-evfrat-logo.png' and @alt = 'Е1 Закупки']' not found)]]></system-out>
      <system-err><![CDATA[2018-08-09 16:44:43 - [TEST_SUITE][FAILED] - Activation_gmail: Test Cases/Base/Activation_gmail FAILED because (of) Unable to verify object 'Object Repository/page_gmail/icon_e1' is present (Root cause: com.kms.katalon.core.webui.exception.WebElementNotFoundException: Web element with id: 'Object Repository/page_gmail/icon_e1' located by 'By.xpath: //img[@src = '/edo/Images/e1-evfrat-logo.png' and @alt = 'Е1 Закупки']' not found)]]></system-err>
   </testsuite>
</testsuites>
